05dd1fa7-5d48-4eb4-a0de-ed79e95d6409 rd521@garnet2.nmr.mgh.harvard.edu:/autofs/space/garnet2_001/garnet/1/scratch/build/utility/build/sandboxes/freesurfer timestamp=1698330433.398534133s
101da819-0dc0-404c-8ee7-0b4919608f9c rd521@docker_centos7:~/space_freesurfer/build/docker_centos7/trunk/rd521-dev timestamp=1707443819.506586451s
14311777-6106-4ba8-8356-2bfb0d198b64 zkaufman@sand:/autofs/space/sand_001/users/zkaufman/temp/stable.sync/dev.git timestamp=1446754937.711084s
16e5e991-f665-40b5-b639-35dc7e859f97 iglesias@panamint:/autofs/space/panamint_005/users/iglesias/software/freesurfer timestamp=1501607936.091872s
1ba7e909-3038-4cd3-9771-df20b55cfee8 rd521@gate.nmr.mgh.harvard.edu:/autofs/space/garnet2_001/garnet/1/scratch/build/utility/sandboxes/freesurfer timestamp=1716166534.779141279s
1eb73610-836b-4182-ad7c-d3ad2de426d7 synmuse@Synmuses-MBP.fios-router.home:/Volumes/partition 2/freesurfer_src/git/freesurfer timestamp=1535157629.982358s
27e8c265-2b81-4562-b337-04330e08e8be rd521@c6build:/autofs/cluster/freesurfer/build/c6build/trunk/rd521-dev timestamp=1558586925.059146s
2d6647a1-868d-4754-8c81-24bc1895a66f zkaufman@sand:/autofs/space/sand_001/users/zkaufman/fsdev/trunk.sync.git/dev timestamp=1480438383.061009s
3191f86e-c828-47df-b57c-ab6559a91eb4 rd521@garnet.nmr.mgh.harvard.edu:/local_mount/space/garnet/1/scratch/freesurfer timestamp=1604602769.989748s
328ccba6-d750-4c28-86cc-42b22f8aa295 osboxes@osboxes:~/git/freesurfer timestamp=1555364874.315012s
355baba8-ad81-493a-8fe8-60d89339444a rd521@tanha.nmr.mgh.harvard.edu:/local_mount/space/tanha/1/vbox/rd521/freesurfer_src/git/freesurfer timestamp=1532717960.237451s
3d81d7aa-1935-4348-a20e-f2e43470888c rd521@garnet2.nmr.mgh.harvard.edu:/autofs/space/garnet2_001/garnet/1/scratch/build/utility/build/sandboxes/freesurfer timestamp=1698355955.373905386s
40f726d4-3c32-496f-99fc-80b36f2ca391 zkaufman@sand:/autofs/space/sand_001/users/zkaufman/temp/trunk.git/dev timestamp=1470841231.21786s
459ad412-71d1-471a-80f8-4031d4a865c6 rd521@tanha.nmr.mgh.harvard.edu:/local_mount/space/tanha/1/vbox/rd521/freesurfer_src/git/freesurfer timestamp=1532650679.24964s
5262143a-0898-4d19-b64b-b76372289ad2 osboxes@osboxes:~/git/freesurfer timestamp=1525281649.550254s
52f53025-767b-45d0-9af0-883919e8f163 rd521@tanha.nmr.mgh.harvard.edu:/local_mount/space/tanha/1/vbox/rd521/freesurfer_src/git/freesurfer timestamp=1530637712.86543s
5364a43d-766d-4502-82cd-4ea68731ebbd rd521@tanha.nmr.mgh.harvard.edu:/local_mount/space/tanha/1/vbox/rd521/freesurfer_src/git/freesurfer timestamp=1532722129.754908s
54f67f98-f3e4-4367-b65f-4fbb622ec17d zkaufman@sand:/space/freesurfer/repo/annex.git timestamp=1488322680.73862s
56599b9e-2822-4c0a-9e08-2dcfcf037950 synpro@Synmpro-Mac.local:/Volumes/partition_2/freesurfer_src/git/freesurfer timestamp=1592517693.684156s
58892d74-dae0-4bd1-a160-011e82d201f2 sand trunk timestamp=1437156844.835263s
59a5eca3-5f31-415e-aad3-f562913d30e3 rd521@gate.nmr.mgh.harvard.edu:/autofs/space/garnet2_001/garnet/1/scratch/build/utility/sandboxes/freesurfer timestamp=1716159489.397549472s
5a545660-6ee7-4f00-8bd1-17733e1ce26f rd521@tanha.nmr.mgh.harvard.edu:/local_mount/space/tanha/1/vbox/rd521/freesurfer_src/git/freesurfer timestamp=1530643581.698054s
5f3f953b-519b-4be3-9de3-5c1fca33be6d rd521@garnet.nmr.mgh.harvard.edu:/local_mount/space/garnet/1/scratch/freesurfer timestamp=1604617720.998772s
695ddccd-f60c-4ee5-b88e-0db2b2ae3fa5 rd521@tanha.nmr.mgh.harvard.edu:/local_mount/space/tanha/1/vbox/rd521/freesurfer_src/git/freesurfer timestamp=1532727374.699864s
6b3d448b-ec85-46c7-a62e-ef4be6cad382 zkaufman@sand:/autofs/space/sand_001/users/zkaufman/freesurfer_centos6.6/trunk.git timestamp=1472240836.556078s
6d0bc2d9-c184-445c-82d0-b5c56c5bf5d9 zkaufman@gust.nmr.mgh.harvard.edu:/autofs/space/sand_001/users/zkaufman/freesurfer_lion/trunk/dev timestamp=1444245498.013663s
734e4b42-933d-4423-8a94-0eeb56bdd849 rd521@topaz.nmr.mgh.harvard.edu:/autofs/space/topaz_001/topaz_nightly_build/trunk/rd521-dev timestamp=1585540846.986789s
739a31b2-febf-43ee-be59-713bdaa01a06 sand-sync timestamp=1446756737.806651s
73c2b24f-f12c-4f80-a46d-249fa6330dd8 nmrclass@nmrclass39:~/fsdev timestamp=1492011513.279031s
75e0cb41-cf09-4057-82e2-1894298e4186 rd521@tanha.nmr.mgh.harvard.edu:/local_mount/space/tanha/1/vbox/rd521/freesurfer_src/git/freesurfer timestamp=1531176163.148445s
77b904a8-4b1f-4734-9064-9d3c2e3a3e1a zkaufman@transfer:/autofs/cluster/pubftp/dist/freesurfer/repo/freesurfer.git timestamp=1444166341.990915s
8527a576-a5c0-4ddd-a99c-1d44ff250710 rd521@garnet2.nmr.mgh.harvard.edu:/autofs/space/garnet2_001/garnet/1/scratch/build/utility/build/sandboxes/freesurfer timestamp=1707446853.718794054s
86abb331-a242-4607-8b52-15ae9d9c923a zkaufman@sand:/autofs/space/sand_001/users/zkaufman/freesurfer/dev timestamp=1467395998.330987s
8ed62887-cbff-4de3-a898-cc77c4132e48 rd521@garnet.nmr.mgh.harvard.edu:/local_mount/space/garnet/1/scratch/freesurfer timestamp=1607297023.281881s
901994e1-572c-4fd2-a07d-bfd46ba0f719 rd521@docker_centos7:~/space_freesurfer/build/docker_centos7/trunk/rd521-dev timestamp=1604570036.307055s
910363c5-96e6-484e-9e92-7ffee014cd1d osboxes@osboxes:~/git/freesurfer timestamp=1559259845.035934s
9240fb38-adbe-4bfe-847a-bdd98d570f75 origin timestamp=1437153356.776948s
9a8bd918-e920-4c39-bf99-b70b68e85907  timestamp=1491341316.75885s
9e5053a6-4d10-4bb8-9aa0-2a356b0b85de rd521@tanha.nmr.mgh.harvard.edu:/local_mount/space/tanha/1/vbox/rd521/freesurfer_src/git/freesurfer timestamp=1542351260.552757s
a0ee0288-fd61-4445-8682-ce5407ce86ae rd521@tanha.nmr.mgh.harvard.edu:/local_mount/space/tanha/1/vbox/rd521/freesurfer_src/git/freesurfer timestamp=1532726164.021081s
aa35ef23-be76-4f6b-8303-0bcfca0cf5e8 rd521@garnet2.nmr.mgh.harvard.edu:/autofs/space/garnet2_001/garnet/1/scratch/build/utility/build/sandboxes/freesurfer timestamp=1703041503.340319126s
afd97d89-9402-443c-b80b-68d711c95c32 rd521@topaz.nmr.mgh.harvard.edu:/autofs/space/topaz_001/topaz_nightly_build/trunk/rd521-dev timestamp=1549482643.036215s
b5db749d-ad3b-43b2-a7ed-78748176bcd8 rd521@garnet.nmr.mgh.harvard.edu:/local_mount/space/garnet/1/scratch/freesurfer timestamp=1604614511.231482s
ba0b9401-2821-41d2-b9fc-f3319dc053e3 sand stable6 timestamp=1437161073.708035s
bbb10393-3f65-45a0-bfa3-5d61af9a8034 localzeke@tulum:~/git_repos/freesurfer timestamp=1490022805.784771s
bf5b776b-ca4b-404b-bb7f-e06f46f1b509 zkaufman@gate:/autofs/space/sand_001/users/zkaufman/git_repos/freesurfer timestamp=1488157030.735439s
c62920e4-1963-4f03-9293-fabb5951b8e5 rd521@docker_centos7:~/space_freesurfer/build/docker_centos7/trunk/rd521-dev timestamp=1652864741.380922s
c69fa1d4-9761-4bb7-a9ed-81c2da9ac538 fischl@serena.nmr.mgh.harvard.edu:/autofs/space/pac_001/tiamat_copy/3/users/git/freesurfer timestamp=1635873570.723727947s
c8cdabf7-c040-4cc6-9651-e72b68ab0e64 rd521@garnet.nmr.mgh.harvard.edu:/local_mount/space/garnet/1/scratch/build/utility/build/freesurfer timestamp=1651102912.088226s
c9b0b2a7-07ce-4dc3-85ab-b9647a7872de fischl@nicki.nmr.mgh.harvard.edu:/autofs/space/tiamat_003/users/git/freesurfer timestamp=1494361910.13086s
c9f194ce-a277-44d5-801c-4d2d5fe2d0ed rd521@garnet2.nmr.mgh.harvard.edu:/autofs/space/garnet2_001/garnet/1/scratch/build/utility/build/freesurfer timestamp=1652864500.304831193s
cb6a8265-920f-4519-8138-2924631a51d2 ak47@metropolis.nmr.mgh.harvard.edu:/autofs/space/curv_001/users/avnish/jli/FS/freesurfer timestamp=1699903267.573552859s
d018cb1b-c841-48b8-ba50-11b686a5c6ad  timestamp=1437423895.693463s
d1295a6e-e89b-45b1-a3f8-ba3cb052e33d rd521@garnet.nmr.mgh.harvard.edu:/local_mount/space/garnet/1/scratch/freesurfer timestamp=1604703780.973037s
d87eceb7-900b-41d2-8a6a-6d567bb205af rd521@tanha.nmr.mgh.harvard.edu:/autofs/cluster/freesurfer/build/garnet/freesurfer timestamp=1604018912.978563s
d9d2e923-150f-4613-bc79-70a22a1f843b rd521@garnet2.nmr.mgh.harvard.edu:/autofs/space/garnet2_001/garnet/1/scratch/build/utility/build/sandboxes/freesurfer timestamp=1707441643.047518587s
de89b8db-cf7a-4b63-8125-a1e3ca722c7d  timestamp=1445535219.092981s
e538409e-039d-4a83-8052-0e32d611f3fd rd521@garnet.nmr.mgh.harvard.edu:/local_mount/space/garnet/1/scratch/freesurfer timestamp=1606005278.21264s
e7792fd9-5c89-4ab4-ba7c-58978e02ef51 rd521@tanha.nmr.mgh.harvard.edu:/local_mount/space/tanha/1/vbox/rd521/freesurfer_src/freesurfer timestamp=1530125862.262466s
ede9c1b6-eb6a-46e8-af48-e99873f86bf1 rd521@garnet2.nmr.mgh.harvard.edu:/autofs/space/garnet2_001/garnet/1/scratch/build/utility/sandboxes/freesurfer timestamp=1715625850.375670529s
f9a08a43-b223-4558-b0a0-3c60bb04d9d0 rd521@tanha.nmr.mgh.harvard.edu:/local_mount/space/tanha/1/vbox/rd521/freesurfer_src/git/freesurfer timestamp=1532653756.183188s
