/autofs/cluster/con_001/users/lilla/CVS_atlas/buckner35rerun/avg35rerun/mri
/usr/local/freesurfer/dev/bin/talairach_avi
--i nu.mgz --xfm transforms/talairach.auto.xfm
$Id: talairach_avi,v 1.7 2010/02/07 22:50:52 nicks Exp $
Linux compute-0-38.local 2.6.18-53.1.19.el5 #1 SMP Tue Apr 22 03:01:10 EDT 2008 x86_64 x86_64 x86_64 GNU/Linux
Tue Apr 20 09:55:27 EDT 2010
mri_convert nu.mgz talsrcimg.img 
$Id: mri_convert.c,v 1.166 2010/04/15 19:03:33 nicks Exp $
reading from nu.mgz...
TR=0.00, TE=0.00, TI=0.00, flip angle=0.00
i_ras = (-1, 0, 0)
j_ras = (0, 0, -1)
k_ras = (0, 1, 0)
writing to talsrcimg.img...
Analyze Output Matrix
-1.000   0.000   0.000   126.254;
 0.000   0.000   1.000  -135.838;
 0.000  -1.000   0.000   105.897;
 0.000   0.000   0.000   1.000;
--------------------
INFO: set hdr.hist.orient to -1
mpr2mni305 talsrcimg
Tue Apr 20 09:55:29 EDT 2010
/usr/local/freesurfer/dev/bin/mpr2mni305 talsrcimg
$Id: mpr2mni305,v 1.4 2009/06/03 16:01:38 nicks Exp $
target=711-2C_as_mni_average_305

---------------------------------------------------------------------
analyzeto4dfp talsrcimg -O0 -y
---------------------------------------------------------------------

$Id: ifh2hdr.c,v 1.3 2007/05/05 10:45:03 nicks Exp $
Tue Apr 20 09:55:30 2010
Writing: talsrcimg.4dfp.hdr
$Id: analyzeto4dfp.c,v 1.2 2007/05/05 00:00:06 nicks Exp $
Reading: talsrcimg.hdr
header size 348 bytes
hdr.dime.datatype	offset=70	value=2
hdr.dime.bitpix		offset=72	value=8
hdr.hist.orient		offset=252	value=-1
dimensionality     4
dimensions       256       256       256         1
Reading: talsrcimg.img
Writing: talsrcimg.4dfp.img
Writing: talsrcimg.4dfp.ifh
ifh2hdr talsrcimg -r0to255
ori=2

---------------------------------------------------------------------
gauss_4dfp talsrcimg 1.1
---------------------------------------------------------------------

$Id: gauss_4dfp.c,v 1.3 2009/05/15 21:43:46 nicks Exp $
Reading: talsrcimg.4dfp.img
Writing: talsrcimg_g11.4dfp.img
image dimensions 256 256 256 padded to 288 288 288
processing volume 1$Id: ifh2hdr.c,v 1.3 2007/05/05 10:45:03 nicks Exp $
Tue Apr 20 09:55:42 2010
Writing: talsrcimg_g11.4dfp.hdr

Writing: talsrcimg_g11.4dfp.ifh
including: talsrcimg.4dfp.img.rec in talsrcimg_g11.4dfp.img.rec

---------------------------------------------------------------------
imgreg_4dfp /usr/local/freesurfer/dev/average/711-2C_as_mni_average_305 none talsrcimg_g11 none talsrcimg_to_711-2C_as_mni_average_305_t4 4355
---------------------------------------------------------------------

$Id: imgreg_4dfp.c,v 1.4 2010/02/27 01:41:53 nicks Exp $
/usr/local/freesurfer/dev/average/711-2C_as_mni_average_305.4dfp.img
       256       256       256         1
  1.000000  1.000000  1.000000
orientation T byte_order littleendian
Reading image: /usr/local/freesurfer/dev/average/711-2C_as_mni_average_305.4dfp.img
dimensions:      256       256       256
mmppix:       1.0000   -1.0000   -1.0000
center:     128.0000 -129.0000 -129.0000
talsrcimg_g11.4dfp.img
       256       256       256         1
  1.000000  1.000000  1.000000
orientation T byte_order littleendian
Reading image: talsrcimg_g11.4dfp.img
dimensions:      256       256       256
mmppix:       1.0000   -1.0000   -1.0000
center:     128.0000 -129.0000 -129.0000
t4_read: talsrcimg_to_711-2C_as_mni_average_305_t4 read error
t4_read: transform initialized to I4
rotation matrix determinant  1.000000
image alignment mode   4355 decimal     1103 hex
   -7.5000  -45.0000  -45.0000 5362.3926   14.9956
    0.0000  -45.0000  -45.0000 5596.6460   14.9789
    7.5000  -45.0000  -45.0000 5353.9062   14.9650
   -7.5000  -37.5000  -45.0000 5914.8188   15.0080
    0.0000  -37.5000  -45.0000 6182.6807   14.9938
    7.5000  -37.5000  -45.0000 5906.4165   14.9772
   -7.5000  -30.0000  -45.0000 6705.3604   15.0170
    0.0000  -30.0000  -45.0000 7006.4702   15.0015
    7.5000  -30.0000  -45.0000 6679.4414   14.9818
   -7.5000  -22.5000  -45.0000 7456.2368   15.0085
    0.0000  -22.5000  -45.0000 7782.6680   14.9892
    7.5000  -22.5000  -45.0000 7422.1924   14.9694
   -7.5000  -15.0000  -45.0000 8159.5112   14.9937
    0.0000  -15.0000  -45.0000 8511.5176   14.9716
    7.5000  -15.0000  -45.0000 8136.3394   14.9535
   -7.5000   -7.5000  -45.0000 8814.1143   14.9863
    0.0000   -7.5000  -45.0000 9209.4746   14.9656
    7.5000   -7.5000  -45.0000 8785.3721   14.9502
   -7.5000    0.0000  -45.0000 9385.2256   14.9922
    0.0000    0.0000  -45.0000 9813.4004   14.9755
    7.5000    0.0000  -45.0000 9337.2881   14.9616
   -7.5000    7.5000  -45.0000 9261.9561   15.0080
    0.0000    7.5000  -45.0000 9681.6572   14.9938
    7.5000    7.5000  -45.0000 9242.0947   14.9772
   -7.5000   15.0000  -45.0000 9002.2021   15.0170
    0.0000   15.0000  -45.0000 9414.5723   15.0015
    7.5000   15.0000  -45.0000 8991.6963   14.9818
   -7.5000   22.5000  -45.0000 8670.2344   15.0065
    0.0000   22.5000  -45.0000 9072.1426   14.9871
    7.5000   22.5000  -45.0000 8678.7705   14.9673
   -7.5000   30.0000  -45.0000 8343.4854   14.7939
    0.0000   30.0000  -45.0000 8716.8691   14.7721
    7.5000   30.0000  -45.0000 8348.4180   14.7542
   -7.5000   37.5000  -45.0000 8226.6963   14.7866
    0.0000   37.5000  -45.0000 8589.8887   14.7662
    7.5000   37.5000  -45.0000 8233.0537   14.7510
   -7.5000   45.0000  -45.0000 7759.1143   14.4168
    0.0000   45.0000  -45.0000 8102.8730   14.4007
    7.5000   45.0000  -45.0000 7736.2471   14.3874
   -7.5000  -45.0000  -37.5000 5723.6250   14.9756
    0.0000  -45.0000  -37.5000 5970.8872   14.9551
    7.5000  -45.0000  -37.5000 5706.6880   14.9458
   -7.5000  -37.5000  -37.5000 6327.2173   14.9830
    0.0000  -37.5000  -37.5000 6620.4629   14.9658
    7.5000  -37.5000  -37.5000 6310.8584   14.9542
   -7.5000  -30.0000  -37.5000 7193.2280   14.9915
    0.0000  -30.0000  -37.5000 7523.7036   14.9729
    7.5000  -30.0000  -37.5000 7158.6685   14.9579
   -7.5000  -22.5000  -37.5000 8019.0820   14.9880
    0.0000  -22.5000  -37.5000 8369.8730   14.9647
    7.5000  -22.5000  -37.5000 7973.9487   14.9486
   -7.5000  -15.0000  -37.5000 8765.6445   14.9787
    0.0000  -15.0000  -37.5000 9154.7725   14.9521
    7.5000  -15.0000  -37.5000 8735.9951   14.9371
   -7.5000   -7.5000  -37.5000 9428.2764   14.9714
    0.0000   -7.5000  -37.5000 9863.5039   14.9462
    7.5000   -7.5000  -37.5000 9391.6592   14.9347
   -7.5000    0.0000  -37.5000 9981.2344   14.9722
    0.0000    0.0000  -37.500010461.1660   14.9517
    7.5000    0.0000  -37.5000 9961.1436   14.9424
   -7.5000    7.5000  -37.5000 9798.2812   14.9830
    0.0000    7.5000  -37.500010248.3975   14.9658
    7.5000    7.5000  -37.5000 9798.8066   14.9542
   -7.5000   15.0000  -37.5000 9516.8037   14.9915
    0.0000   15.0000  -37.5000 9965.7734   14.9729
    7.5000   15.0000  -37.5000 9548.3633   14.9579
   -7.5000   22.5000  -37.5000 9203.6611   14.9859
    0.0000   22.5000  -37.5000 9633.8564   14.9627
    7.5000   22.5000  -37.5000 9221.8086   14.9465
   -7.5000   30.0000  -37.5000 8845.6963   14.7790
    0.0000   30.0000  -37.5000 9235.3945   14.7528
    7.5000   30.0000  -37.5000 8855.5605   14.7381
   -7.5000   37.5000  -37.5000 8684.0156   14.7719
    0.0000   37.5000  -37.5000 9067.1689   14.7471
    7.5000   37.5000  -37.5000 8713.5234   14.7357
   -7.5000   45.0000  -37.5000 8154.7056   14.3975
    0.0000   45.0000  -37.5000 8501.9697   14.3779
    7.5000   45.0000  -37.5000 8150.1743   14.3689
   -7.5000  -45.0000  -30.0000 6203.8818   15.6018
    0.0000  -45.0000  -30.0000 6480.9165   15.5808
    7.5000  -45.0000  -30.0000 6203.5674   15.5706
   -7.5000  -37.5000  -30.0000 6885.4736   15.6054
    0.0000  -37.5000  -30.0000 7221.2568   15.5896
    7.5000  -37.5000  -30.0000 6870.8296   15.5793
   -7.5000  -30.0000  -30.0000 7835.7690   15.6128
    0.0000  -30.0000  -30.0000 8191.0981   15.5965
    7.5000  -30.0000  -30.0000 7801.6538   15.5842
   -7.5000  -22.5000  -30.0000 8715.8193   15.6115
    0.0000  -22.5000  -30.0000 9105.7217   15.5896
    7.5000  -22.5000  -30.0000 8681.8389   15.5749
   -7.5000  -15.0000  -30.0000 9482.6602   15.6054
    0.0000  -15.0000  -30.0000 9917.4717   15.5784
    7.5000  -15.0000  -30.0000 9466.0996   15.5631
   -7.5000   -7.5000  -30.000010148.9004   15.5993
    0.0000   -7.5000  -30.000010617.4492   15.5731
    7.5000   -7.5000  -30.000010138.0918   15.5601
   -7.5000    0.0000  -30.000010723.0127   15.5982
    0.0000    0.0000  -30.000011236.5469   15.5772
    7.5000    0.0000  -30.000010756.4961   15.5671
   -7.5000    7.5000  -30.000010491.9678   15.6054
    0.0000    7.5000  -30.000010968.8213   15.5896
    7.5000    7.5000  -30.000010546.9785   15.5793
   -7.5000   15.0000  -30.000010181.9863   15.6128
    0.0000   15.0000  -30.000010652.9893   15.5965
    7.5000   15.0000  -30.000010240.8574   15.5842
   -7.5000   22.5000  -30.0000 9861.4316   15.6078
    0.0000   22.5000  -30.000010295.2383   15.5858
    7.5000   22.5000  -30.0000 9881.8516   15.5712
   -7.5000   30.0000  -30.0000 9458.2354   15.3989
    0.0000   30.0000  -30.0000 9850.3086   15.3722
    7.5000   30.0000  -30.0000 9480.3242   15.3572
   -7.5000   37.5000  -30.0000 9262.7988   15.3929
    0.0000   37.5000  -30.0000 9655.1699   15.3670
    7.5000   37.5000  -30.0000 9301.3018   15.3542
   -7.5000   45.0000  -30.0000 8662.8262   15.0106
    0.0000   45.0000  -30.0000 9003.7666   14.9904
    7.5000   45.0000  -30.0000 8675.7188   14.9806
   -7.5000  -45.0000  -22.5000 6725.8735   16.1449
    0.0000  -45.0000  -22.5000 7042.2065   16.1280
    7.5000  -45.0000  -22.5000 6736.8052   16.1121
   -7.5000  -37.5000  -22.5000 7464.8081   16.1505
    0.0000  -37.5000  -22.5000 7817.5669   16.1403
    7.5000  -37.5000  -22.5000 7460.8188   16.1266
   -7.5000  -30.0000  -22.5000 8482.2490   16.1570
    0.0000  -30.0000  -22.5000 8862.5498   16.1479
    7.5000  -30.0000  -22.5000 8458.3525   16.1342
   -7.5000  -22.5000  -22.5000 9391.5605   16.1520
    0.0000  -22.5000  -22.5000 9829.5312   16.1370
    7.5000  -22.5000  -22.5000 9394.2754   16.1210
   -7.5000  -15.0000  -22.500010187.4541   16.1424
    0.0000  -15.0000  -22.500010660.2842   16.1211
    7.5000  -15.0000  -22.500010196.2598   16.1025
   -7.5000   -7.5000  -22.500010891.0332   16.1381
    0.0000   -7.5000  -22.500011401.6699   16.1160
    7.5000   -7.5000  -22.500010897.6104   16.0976
   -7.5000    0.0000  -22.500011477.1113   16.1412
    0.0000    0.0000  -22.500012017.3135   16.1243
    7.5000    0.0000  -22.500011517.5596   16.1084
   -7.5000    7.5000  -22.500011216.2109   16.1505
    0.0000    7.5000  -22.500011710.6279   16.1403
    7.5000    7.5000  -22.500011253.5205   16.1266
   -7.5000   15.0000  -22.500010865.3574   16.1570
    0.0000   15.0000  -22.500011341.9404   16.1479
    7.5000   15.0000  -22.500010904.8857   16.1342
   -7.5000   22.5000  -22.500010504.4902   16.1471
    0.0000   22.5000  -22.500010942.9385   16.1321
    7.5000   22.5000  -22.500010525.2666   16.1160
   -7.5000   30.0000  -22.500010041.9492   15.9313
    0.0000   30.0000  -22.500010451.3682   15.9102
    7.5000   30.0000  -22.500010080.6475   15.8919
   -7.5000   37.5000  -22.5000 9794.5107   15.9270
    0.0000   37.5000  -22.500010198.0010   15.9052
    7.5000   37.5000  -22.5000 9836.2979   15.8870
   -7.5000   45.0000  -22.5000 9115.1875   15.5448
    0.0000   45.0000  -22.5000 9473.3936   15.5285
    7.5000   45.0000  -22.5000 9150.4854   15.5132
   -7.5000  -45.0000  -15.0000 7285.9688   16.5419
    0.0000  -45.0000  -15.0000 7620.5469   16.5287
    7.5000  -45.0000  -15.0000 7295.2930   16.5076
   -7.5000  -37.5000  -15.0000 8082.6875   16.5532
    0.0000  -37.5000  -15.0000 8441.3076   16.5464
    7.5000  -37.5000  -15.0000 8073.4829   16.5276
   -7.5000  -30.0000  -15.0000 9142.6768   16.5605
    0.0000  -30.0000  -15.0000 9548.7539   16.5554
    7.5000  -30.0000  -15.0000 9122.5176   16.5370
   -7.5000  -22.5000  -15.000010112.2510   16.5500
    0.0000  -22.5000  -15.000010568.0273   16.5396
    7.5000  -22.5000  -15.000010098.9570   16.5198
   -7.5000  -15.0000  -15.000010955.1670   16.5340
    0.0000  -15.0000  -15.000011453.7314   16.5174
    7.5000  -15.0000  -15.000010924.4590   16.4953
   -7.5000   -7.5000  -15.000011648.0840   16.5295
    0.0000   -7.5000  -15.000012196.8750   16.5116
    7.5000   -7.5000  -15.000011630.1777   16.4888
   -7.5000    0.0000  -15.000012254.3262   16.5381
    0.0000    0.0000  -15.000012812.1406   16.5249
    7.5000    0.0000  -15.000012262.0381   16.5039
   -7.5000    7.5000  -15.000011949.4814   16.5532
    0.0000    7.5000  -15.000012482.5811   16.5464
    7.5000    7.5000  -15.000011967.1631   16.5276
   -7.5000   15.0000  -15.000011577.2910   16.5605
    0.0000   15.0000  -15.000012077.7969   16.5554
    7.5000   15.0000  -15.000011582.9277   16.5370
   -7.5000   22.5000  -15.000011178.3232   16.5442
    0.0000   22.5000  -15.000011642.8438   16.5338
    7.5000   22.5000  -15.000011175.5713   16.5140
   -7.5000   30.0000  -15.000010632.1758   16.3201
    0.0000   30.0000  -15.000011097.9600   16.3037
    7.5000   30.0000  -15.000010672.7441   16.2818
   -7.5000   37.5000  -15.000010310.8438   16.3155
    0.0000   37.5000  -15.000010742.0957   16.2979
    7.5000   37.5000  -15.000010368.7119   16.2754
   -7.5000   45.0000  -15.0000 9538.8174   15.9366
    0.0000   45.0000  -15.0000 9911.1035   15.9239
    7.5000   45.0000  -15.0000 9602.5010   15.9037
   -7.5000  -45.0000   -7.5000 7892.9751   16.7389
    0.0000  -45.0000   -7.5000 8241.2168   16.7246
    7.5000  -45.0000   -7.5000 7880.4761   16.7042
   -7.5000  -37.5000   -7.5000 8730.1318   16.7538
    0.0000  -37.5000   -7.5000 9120.6523   16.7440
    7.5000  -37.5000   -7.5000 8708.7119   16.7231
   -7.5000  -30.0000   -7.5000 9853.6367   16.7627
    0.0000  -30.0000   -7.500010293.2637   16.7529
    7.5000  -30.0000   -7.5000 9816.3779   16.7306
   -7.5000  -22.5000   -7.500010899.3428   16.7503
    0.0000  -22.5000   -7.500011384.0029   16.7359
    7.5000  -22.5000   -7.500010845.2949   16.7131
   -7.5000  -15.0000   -7.500011737.9531   16.7313
    0.0000  -15.0000   -7.500012298.8369   16.7126
    7.5000  -15.0000   -7.500011710.0957   16.6896
   -7.5000   -7.5000   -7.500012400.4512   16.7250
    0.0000   -7.5000   -7.500012993.4990   16.7063
    7.5000   -7.5000   -7.500012395.9756   16.6844
   -7.5000    0.0000   -7.500013012.3691   16.7351
    0.0000    0.0000   -7.500013593.9277   16.7208
    7.5000    0.0000   -7.500013013.9707   16.7004
   -7.5000    7.5000   -7.500012697.0361   16.7538
    0.0000    7.5000   -7.500013280.1465   16.7440
    7.5000    7.5000   -7.500012679.6162   16.7231
   -7.5000   15.0000   -7.500012309.7910   16.7627
    0.0000   15.0000   -7.500012856.0967   16.7529
    7.5000   15.0000   -7.500012270.1367   16.7306
   -7.5000   22.5000   -7.500011835.6641   16.7425
    0.0000   22.5000   -7.500012360.4707   16.7282
    7.5000   22.5000   -7.500011832.6680   16.7054
   -7.5000   30.0000   -7.500011229.1738   16.5144
    0.0000   30.0000   -7.500011731.3828   16.4958
    7.5000   30.0000   -7.500011276.9746   16.4732
   -7.5000   37.5000   -7.500010849.4258   16.5081
    0.0000   37.5000   -7.500011303.0498   16.4896
    7.5000   37.5000   -7.500010917.9092   16.4680
   -7.5000   45.0000   -7.5000 9998.2070   16.1295
    0.0000   45.0000   -7.500010411.8281   16.1157
    7.5000   45.0000   -7.500010079.4434   16.0960
   -7.5000  -45.0000    0.0000 8472.3057   16.7677
    0.0000  -45.0000    0.0000 8832.4990   16.7489
    7.5000  -45.0000    0.0000 8417.0654   16.7338
   -7.5000  -37.5000    0.0000 9343.6387   16.7815
    0.0000  -37.5000    0.0000 9754.0488   16.7656
    7.5000  -37.5000    0.0000 9295.5713   16.7476
   -7.5000  -30.0000    0.000010520.5479   16.7914
    0.0000  -30.0000    0.000010988.8115   16.7740
    7.5000  -30.0000    0.000010475.5361   16.7525
   -7.5000  -22.5000    0.000011591.4043   16.7818
    0.0000  -22.5000    0.000012119.3467   16.7600
    7.5000  -22.5000    0.000011544.7051   16.7382
   -7.5000  -15.0000    0.000012427.9551   16.7652
    0.0000  -15.0000    0.000013018.8340   16.7403
    7.5000  -15.0000    0.000012406.5361   16.7202
   -7.5000   -7.5000    0.000013080.7959   16.7573
    0.0000   -7.5000    0.000013668.5459   16.7338
    7.5000   -7.5000    0.000013075.5723   16.7169
   -7.5000    0.0000    0.000013697.4570   16.7639
    0.0000    0.0000    0.000014318.3789   16.7451
    7.5000    0.0000    0.000013708.4521   16.7300
   -7.5000    7.5000    0.000013387.6738   16.7815
    0.0000    7.5000    0.000014034.1533   16.7656
    7.5000    7.5000    0.000013350.5312   16.7476
   -7.5000   15.0000    0.000012964.0010   16.7914
    0.0000   15.0000    0.000013557.9141   16.7740
    7.5000   15.0000    0.000012881.9434   16.7525
   -7.5000   22.5000    0.000012419.0479   16.7740
    0.0000   22.5000    0.000012980.9502   16.7523
    7.5000   22.5000    0.000012382.1123   16.7305
   -7.5000   30.0000    0.000011742.1475   16.5483
    0.0000   30.0000    0.000012282.1396   16.5237
    7.5000   30.0000    0.000011764.3721   16.5038
   -7.5000   37.5000    0.000011329.4092   16.5404
    0.0000   37.5000    0.000011832.9824   16.5172
    7.5000   37.5000    0.000011389.4648   16.5005
   -7.5000   45.0000    0.000010420.1514   16.1585
    0.0000   45.0000    0.000010875.1680   16.1404
    7.5000   45.0000    0.000010493.7012   16.1258
   -7.5000  -45.0000    7.5000 8374.5254   16.7581
    0.0000  -45.0000    7.5000 8744.0703   16.7352
    7.5000  -45.0000    7.5000 8313.6504   16.7247
   -7.5000  -37.5000    7.5000 9216.4219   16.7663
    0.0000  -37.5000    7.5000 9639.4893   16.7471
    7.5000  -37.5000    7.5000 9181.0547   16.7341
   -7.5000  -30.0000    7.500010381.9248   16.7759
    0.0000  -30.0000    7.500010860.8818   16.7550
    7.5000  -30.0000    7.500010345.0000   16.7383
   -7.5000  -22.5000    7.500011412.4307   16.7720
    0.0000  -22.5000    7.500011932.2549   16.7459
    7.5000  -22.5000    7.500011350.4756   16.7278
   -7.5000  -15.0000    7.500012134.4326   16.7615
    0.0000  -15.0000    7.500012673.1094   16.7318
    7.5000  -15.0000    7.500012100.8555   16.7151
   -7.5000   -7.5000    7.500012687.6162   16.7534
    0.0000   -7.5000    7.500013209.0352   16.7252
    7.5000   -7.5000    7.500012706.3936   16.7123
   -7.5000    0.0000    7.500013323.1787   16.7542
    0.0000    0.0000    7.500013949.4160   16.7314
    7.5000    0.0000    7.500013320.6230   16.7210
   -7.5000    7.5000    7.500013081.8330   16.7663
    0.0000    7.5000    7.500013770.3203   16.7471
    7.5000    7.5000    7.500013022.9707   16.7341
   -7.5000   15.0000    7.500012626.2275   16.7759
    0.0000   15.0000    7.500013246.3252   16.7550
    7.5000   15.0000    7.500012541.9473   16.7383
   -7.5000   22.5000    7.500012017.6514   16.7642
    0.0000   22.5000    7.500012574.5400   16.7382
    7.5000   22.5000    7.500011985.9248   16.7201
   -7.5000   30.0000    7.500011333.2314   16.5446
    0.0000   30.0000    7.500011867.3779   16.5152
    7.5000   30.0000    7.500011341.3105   16.4987
   -7.5000   37.5000    7.500010950.4297   16.5365
    0.0000   37.5000    7.500011458.7588   16.5088
    7.5000   37.5000    7.500010982.8760   16.4960
   -7.5000   45.0000    7.500010082.2676   16.1491
    0.0000   45.0000    7.500010534.9736   16.1271
    7.5000   45.0000    7.500010156.7109   16.1171
   -7.5000  -45.0000   15.0000 8126.7661   16.7538
    0.0000  -45.0000   15.0000 8489.8096   16.7312
    7.5000  -45.0000   15.0000 8065.5303   16.7203
   -7.5000  -37.5000   15.0000 8963.2754   16.7576
    0.0000  -37.5000   15.0000 9387.7383   16.7406
    7.5000  -37.5000   15.0000 8942.0166   16.7297
   -7.5000  -30.0000   15.000010126.2715   16.7656
    0.0000  -30.0000   15.000010591.5811   16.7481
    7.5000  -30.0000   15.000010077.5879   16.7348
   -7.5000  -22.5000   15.000011108.5020   16.7642
    0.0000  -22.5000   15.000011609.1816   16.7406
    7.5000  -22.5000   15.000011039.9512   16.7249
   -7.5000  -15.0000   15.000011745.8770   16.7576
    0.0000  -15.0000   15.000012220.0908   16.7286
    7.5000  -15.0000   15.000011706.2373   16.7122
   -7.5000   -7.5000   15.000012235.7461   16.7511
    0.0000   -7.5000   15.000012727.5430   16.7229
    7.5000   -7.5000   15.000012266.7500   16.7090
   -7.5000    0.0000   15.000012961.7744   16.7499
    0.0000    0.0000   15.000013600.8291   16.7274
    7.5000    0.0000   15.000012910.5381   16.7165
   -7.5000    7.5000   15.000012798.1680   16.7576
    0.0000    7.5000   15.000013520.5830   16.7406
    7.5000    7.5000   15.000012688.3516   16.7297
   -7.5000   15.0000   15.000012265.0283   16.7656
    0.0000   15.0000   15.000012922.8154   16.7481
    7.5000   15.0000   15.000012188.5137   16.7348
   -7.5000   22.5000   15.000011594.4287   16.7565
    0.0000   22.5000   15.000012157.3799   16.7329
    7.5000   22.5000   15.000011578.4600   16.7172
   -7.5000   30.0000   15.000010914.2451   16.5407
    0.0000   30.0000   15.000011426.5801   16.5121
    7.5000   30.0000   15.000010943.6152   16.4959
   -7.5000   37.5000   15.000010550.8877   16.5343
    0.0000   37.5000   15.000011035.0898   16.5065
    7.5000   37.5000   15.000010600.7842   16.4928
   -7.5000   45.0000   15.0000 9767.3281   16.1450
    0.0000   45.0000   15.000010192.2637   16.1233
    7.5000   45.0000   15.0000 9833.6641   16.1128
   -7.5000  -45.0000   22.5000 7777.6904   16.7597
    0.0000  -45.0000   22.5000 8117.0103   16.7421
    7.5000  -45.0000   22.5000 7712.1924   16.7256
   -7.5000  -37.5000   22.5000 8598.3770   16.7655
    0.0000  -37.5000   22.5000 8982.2832   16.7549
    7.5000  -37.5000   22.5000 8548.9658   16.7407
   -7.5000  -30.0000   22.5000 9704.5527   16.7723
    0.0000  -30.0000   22.500010148.5996   16.7629
    7.5000  -30.0000   22.5000 9667.7725   16.7486
   -7.5000  -22.5000   22.500010644.6523   16.7671
    0.0000  -22.5000   22.500011117.7646   16.7515
    7.5000  -22.5000   22.500010601.9951   16.7349
   -7.5000  -15.0000   22.500011332.9238   16.7571
    0.0000  -15.0000   22.500011805.9307   16.7350
    7.5000  -15.0000   22.500011286.0176   16.7157
   -7.5000   -7.5000   22.500011896.9922   16.7526
    0.0000   -7.5000   22.500012381.9121   16.7297
    7.5000   -7.5000   22.500011891.5898   16.7106
   -7.5000    0.0000   22.500012561.6025   16.7558
    0.0000    0.0000   22.500013145.3291   16.7383
    7.5000    0.0000   22.500012532.2939   16.7218
   -7.5000    7.5000   22.500012336.3955   16.7655
    0.0000    7.5000   22.500012955.1367   16.7549
    7.5000    7.5000   22.500012275.9990   16.7407
   -7.5000   15.0000   22.500011799.6475   16.7723
    0.0000   15.0000   22.500012393.5430   16.7629
    7.5000   15.0000   22.500011788.7930   16.7486
   -7.5000   22.5000   22.500011185.3926   16.7594
    0.0000   22.5000   22.500011719.5273   16.7438
    7.5000   22.5000   22.500011234.3369   16.7272
   -7.5000   30.0000   22.500010547.3623   16.5402
    0.0000   30.0000   22.500011028.8027   16.5184
    7.5000   30.0000   22.500010629.9131   16.4994
   -7.5000   37.5000   22.500010205.3027   16.5358
    0.0000   37.5000   22.500010668.9473   16.5132
    7.5000   37.5000   22.500010290.3418   16.4943
   -7.5000   45.0000   22.5000 9487.1240   16.1507
    0.0000   45.0000   22.5000 9874.5605   16.1338
    7.5000   45.0000   22.5000 9524.0537   16.1179
   -7.5000  -45.0000   30.0000 7306.0024   16.7689
    0.0000  -45.0000   30.0000 7625.4229   16.7555
    7.5000  -45.0000   30.0000 7248.7993   16.7342
   -7.5000  -37.5000   30.0000 8106.8794   16.7803
    0.0000  -37.5000   30.0000 8463.8193   16.7735
    7.5000  -37.5000   30.0000 8057.0708   16.7544
   -7.5000  -30.0000   30.0000 9141.4688   16.7878
    0.0000  -30.0000   30.0000 9562.4980   16.7826
    7.5000  -30.0000   30.0000 9117.7861   16.7640
   -7.5000  -22.5000   30.000010041.2734   16.7771
    0.0000  -22.5000   30.000010497.5049   16.7666
    7.5000  -22.5000   30.000010009.2832   16.7465
   -7.5000  -15.0000   30.000010766.2910   16.7609
    0.0000  -15.0000   30.000011251.2725   16.7441
    7.5000  -15.0000   30.000010742.7520   16.7217
   -7.5000   -7.5000   30.000011416.8184   16.7563
    0.0000   -7.5000   30.000011911.6377   16.7382
    7.5000   -7.5000   30.000011427.4414   16.7151
   -7.5000    0.0000   30.000012071.5371   16.7651
    0.0000    0.0000   30.000012585.6172   16.7517
    7.5000    0.0000   30.000012069.9102   16.7304
   -7.5000    7.5000   30.000011759.8652   16.7803
    0.0000    7.5000   30.000012280.6846   16.7735
    7.5000    7.5000   30.000011780.2354   16.7544
   -7.5000   15.0000   30.000011287.9229   16.7878
    0.0000   15.0000   30.000011810.4854   16.7826
    7.5000   15.0000   30.000011335.4619   16.7640
   -7.5000   22.5000   30.000010749.5059   16.7694
    0.0000   22.5000   30.000011231.0879   16.7589
    7.5000   22.5000   30.000010826.3564   16.7388
   -7.5000   30.0000   30.000010146.9941   16.5440
    0.0000   30.0000   30.000010588.3232   16.5274
    7.5000   30.0000   30.000010219.5557   16.5053
   -7.5000   37.5000   30.0000 9831.8242   16.5394
    0.0000   37.5000   30.000010240.6621   16.5216
    7.5000   37.5000   30.0000 9878.6670   16.4988
   -7.5000   45.0000   30.0000 9122.8945   16.1596
    0.0000   45.0000   30.0000 9478.9668   16.1467
    7.5000   45.0000   30.0000 9134.8291   16.1262
   -7.5000  -45.0000   37.5000 7055.8569   16.7727
    0.0000  -45.0000   37.5000 7364.7954   16.7583
    7.5000  -45.0000   37.5000 7003.3364   16.7379
   -7.5000  -37.5000   37.5000 7832.1250   16.7876
    0.0000  -37.5000   37.5000 8174.7524   16.7778
    7.5000  -37.5000   37.5000 7787.0903   16.7569
   -7.5000  -30.0000   37.5000 8838.1934   16.7965
    0.0000  -30.0000   37.5000 9240.5664   16.7867
    7.5000  -30.0000   37.5000 8809.6650   16.7644
   -7.5000  -22.5000   37.5000 9724.4590   16.7841
    0.0000  -22.5000   37.500010177.8389   16.7697
    7.5000  -22.5000   37.5000 9715.0010   16.7469
   -7.5000  -15.0000   37.500010492.4834   16.7651
    0.0000  -15.0000   37.500010988.9014   16.7463
    7.5000  -15.0000   37.500010500.9746   16.7234
   -7.5000   -7.5000   37.500011202.4678   16.7588
    0.0000   -7.5000   37.500011734.4131   16.7400
    7.5000   -7.5000   37.500011233.9385   16.7181
   -7.5000    0.0000   37.500011857.0693   16.7689
    0.0000    0.0000   37.500012409.7061   16.7545
    7.5000    0.0000   37.500011883.0156   16.7341
   -7.5000    7.5000   37.500011565.0967   16.7876
    0.0000    7.5000   37.500012102.8311   16.7778
    7.5000    7.5000   37.500011598.0342   16.7569
   -7.5000   15.0000   37.500011138.5225   16.7965
    0.0000   15.0000   37.500011645.6240   16.7867
    7.5000   15.0000   37.500011168.2959   16.7644
   -7.5000   22.5000   37.500010632.9785   16.7763
    0.0000   22.5000   37.500011083.6328   16.7620
    7.5000   22.5000   37.500010668.5322   16.7392
   -7.5000   30.0000   37.500010043.6729   16.5482
    0.0000   30.0000   37.500010451.0029   16.5296
    7.5000   30.0000   37.500010067.7451   16.5069
   -7.5000   37.5000   37.5000 9726.0771   16.5419
    0.0000   37.5000   37.500010102.2480   16.5234
    7.5000   37.5000   37.5000 9717.1045   16.5017
   -7.5000   45.0000   37.5000 9021.0615   16.1633
    0.0000   45.0000   37.5000 9362.7490   16.1494
    7.5000   45.0000   37.5000 8988.9746   16.1298
   -7.5000  -45.0000   45.0000 6448.2451   16.6764
    0.0000  -45.0000   45.0000 6741.8120   16.6578
    7.5000  -45.0000   45.0000 6412.9263   16.6430
   -7.5000  -37.5000   45.0000 7165.6787   16.6899
    0.0000  -37.5000   45.0000 7483.9741   16.6742
    7.5000  -37.5000   45.0000 7127.6533   16.6565
   -7.5000  -30.0000   45.0000 8085.5972   16.6996
    0.0000  -30.0000   45.0000 8464.3164   16.6824
    7.5000  -30.0000   45.0000 8064.2017   16.6611
   -7.5000  -22.5000   45.0000 8931.5664   16.6901
    0.0000  -22.5000   45.0000 9357.8047   16.6685
    7.5000  -22.5000   45.0000 8921.1514   16.6469
   -7.5000  -15.0000   45.0000 9684.4141   16.6738
    0.0000  -15.0000   45.000010150.4951   16.6492
    7.5000  -15.0000   45.0000 9681.8369   16.6293
   -7.5000   -7.5000   45.000010380.8506   16.6660
    0.0000   -7.5000   45.000010897.8115   16.6428
    7.5000   -7.5000   45.000010397.6748   16.6262
   -7.5000    0.0000   45.000011001.3643   16.6726
    0.0000    0.0000   45.000011537.6113   16.6540
    7.5000    0.0000   45.000011031.5195   16.6392
   -7.5000    7.5000   45.000010741.2549   16.6899
    0.0000    7.5000   45.000011251.8047   16.6742
    7.5000    7.5000   45.000010766.6426   16.6565
   -7.5000   15.0000   45.000010348.9824   16.6996
    0.0000   15.0000   45.000010842.0938   16.6824
    7.5000   15.0000   45.000010380.0430   16.6611
   -7.5000   22.5000   45.0000 9907.6270   16.6823
    0.0000   22.5000   45.000010344.7227   16.6608
    7.5000   22.5000   45.0000 9908.0244   16.6392
   -7.5000   30.0000   45.0000 9370.2754   16.4566
    0.0000   30.0000   45.0000 9763.3613   16.4323
    7.5000   30.0000   45.0000 9350.1318   16.4127
   -7.5000   37.5000   45.0000 9069.9053   16.4489
    0.0000   37.5000   45.0000 9444.0908   16.4260
    7.5000   37.5000   45.0000 9033.9307   16.4096
   -7.5000   45.0000   45.0000 8429.3115   16.0777
    0.0000   45.0000   45.0000 8771.9307   16.0598
    7.5000   45.0000   45.0000 8381.0000   16.0456

---------------------------------------------------------------------
imgreg_4dfp /usr/local/freesurfer/dev/average/711-2C_as_mni_average_305 /usr/local/freesurfer/dev/average/711-2B_as_mni_average_305_mask talsrcimg_g11 none talsrcimg_to_711-2C_as_mni_average_305_t4 4355
---------------------------------------------------------------------

$Id: imgreg_4dfp.c,v 1.4 2010/02/27 01:41:53 nicks Exp $
/usr/local/freesurfer/dev/average/711-2C_as_mni_average_305.4dfp.img
       256       256       256         1
  1.000000  1.000000  1.000000
orientation T byte_order littleendian
Reading image: /usr/local/freesurfer/dev/average/711-2C_as_mni_average_305.4dfp.img
dimensions:      256       256       256
mmppix:       1.0000   -1.0000   -1.0000
center:     128.0000 -129.0000 -129.0000
/usr/local/freesurfer/dev/average/711-2B_as_mni_average_305_mask.4dfp.img
       256       256       256         1
  1.000000  1.000000  1.000000
orientation T byte_order littleendian
Reading mask: /usr/local/freesurfer/dev/average/711-2B_as_mni_average_305_mask.4dfp.img (2306576 pixels)
talsrcimg_g11.4dfp.img
       256       256       256         1
  1.000000  1.000000  1.000000
orientation T byte_order littleendian
Reading image: talsrcimg_g11.4dfp.img
dimensions:      256       256       256
mmppix:       1.0000   -1.0000   -1.0000
center:     128.0000 -129.0000 -129.0000
rotation matrix determinant  1.000000
image alignment mode   4355 decimal     1103 hex
   -7.5000  -45.0000  -45.0000 1486.6483   21.0769
    0.0000  -45.0000  -45.0000 1497.0371   20.9206
    7.5000  -45.0000  -45.0000 1486.3978   21.1354
   -7.5000  -37.5000  -45.0000 1603.9216   18.2136
    0.0000  -37.5000  -45.0000 1618.2928   18.1626
    7.5000  -37.5000  -45.0000 1600.9950   18.3747
   -7.5000  -30.0000  -45.0000 1714.3998   16.1417
    0.0000  -30.0000  -45.0000 1725.2382   16.1111
    7.5000  -30.0000  -45.0000 1704.7445   16.3061
   -7.5000  -22.5000  -45.0000 1806.9550   14.5972
    0.0000  -22.5000  -45.0000 1814.6445   14.5687
    7.5000  -22.5000  -45.0000 1796.6377   14.7683
   -7.5000  -15.0000  -45.0000 1882.2035   13.4509
    0.0000  -15.0000  -45.0000 1893.4340   13.4134
    7.5000  -15.0000  -45.0000 1875.9666   13.6075
   -7.5000   -7.5000  -45.0000 1941.2295   12.6397
    0.0000   -7.5000  -45.0000 1954.9832   12.5847
    7.5000   -7.5000  -45.0000 1932.8667   12.7562
   -7.5000    0.0000  -45.0000 1975.5750   12.0636
    0.0000    0.0000  -45.0000 1986.2766   12.0026
    7.5000    0.0000  -45.0000 1962.8109   12.1843
   -7.5000    7.5000  -45.0000 1992.4077   11.8124
    0.0000    7.5000  -45.0000 2006.9980   11.7289
    7.5000    7.5000  -45.0000 1981.8036   11.9373
   -7.5000   15.0000  -45.0000 1975.9585   11.9393
    0.0000   15.0000  -45.0000 1992.0630   11.8795
    7.5000   15.0000  -45.0000 1963.2546   12.1001
   -7.5000   22.5000  -45.0000 1933.8409   12.4472
    0.0000   22.5000  -45.0000 1955.1307   12.3441
    7.5000   22.5000  -45.0000 1927.3986   12.5464
   -7.5000   30.0000  -45.0000 1877.0328   13.2039
    0.0000   30.0000  -45.0000 1895.1177   13.0753
    7.5000   30.0000  -45.0000 1870.4205   13.2954
   -7.5000   37.5000  -45.0000 1799.1437   14.2406
    0.0000   37.5000  -45.0000 1817.3077   14.1056
    7.5000   37.5000  -45.0000 1795.3685   14.2970
   -7.5000   45.0000  -45.0000 1703.6974   15.6335
    0.0000   45.0000  -45.0000 1722.8789   15.5303
    7.5000   45.0000  -45.0000 1695.9332   15.7391
   -7.5000  -45.0000  -37.5000 1544.3046   19.1835
    0.0000  -45.0000  -37.5000 1557.4070   19.1174
    7.5000  -45.0000  -37.5000 1544.6825   19.3648
   -7.5000  -37.5000  -37.5000 1677.9504   16.7037
    0.0000  -37.5000  -37.5000 1689.5637   16.6413
    7.5000  -37.5000  -37.5000 1669.1041   16.8483
   -7.5000  -30.0000  -37.5000 1798.2183   14.8268
    0.0000  -30.0000  -37.5000 1806.6562   14.7966
    7.5000  -30.0000  -37.5000 1784.4752   14.9825
   -7.5000  -22.5000  -37.5000 1902.9955   13.4233
    0.0000  -22.5000  -37.5000 1908.4985   13.3836
    7.5000  -22.5000  -37.5000 1885.5869   13.5795
   -7.5000  -15.0000  -37.5000 1985.1379   12.3744
    0.0000  -15.0000  -37.5000 1994.0066   12.3000
    7.5000  -15.0000  -37.5000 1971.0244   12.4866
   -7.5000   -7.5000  -37.5000 2036.8038   11.5922
    0.0000   -7.5000  -37.5000 2056.6121   11.5020
    7.5000   -7.5000  -37.5000 2030.5497   11.6695
   -7.5000    0.0000  -37.5000 2067.3796   11.0558
    0.0000    0.0000  -37.5000 2086.8506   10.9688
    7.5000    0.0000  -37.5000 2059.4583   11.1382
   -7.5000    7.5000  -37.5000 2080.1033   10.8148
    0.0000    7.5000  -37.5000 2099.8281   10.7289
    7.5000    7.5000  -37.5000 2073.4783   10.9193
   -7.5000   15.0000  -37.5000 2064.4678   10.9447
    0.0000   15.0000  -37.5000 2089.0635   10.8598
    7.5000   15.0000  -37.5000 2060.4919   11.0665
   -7.5000   22.5000  -37.5000 2025.9031   11.3955
    0.0000   22.5000  -37.5000 2054.3906   11.2787
    7.5000   22.5000  -37.5000 2024.1074   11.4920
   -7.5000   30.0000  -37.5000 1967.9845   12.0821
    0.0000   30.0000  -37.5000 1991.2264   11.9574
    7.5000   30.0000  -37.5000 1963.7095   12.1628
   -7.5000   37.5000  -37.5000 1884.8976   13.0433
    0.0000   37.5000  -37.5000 1907.4022   12.8719
    7.5000   37.5000  -37.5000 1883.5940   13.0621
   -7.5000   45.0000  -37.5000 1786.5576   14.2637
    0.0000   45.0000  -37.5000 1805.7180   14.1193
    7.5000   45.0000  -37.5000 1778.5511   14.3364
   -7.5000  -45.0000  -30.0000 1640.1194   18.2346
    0.0000  -45.0000  -30.0000 1653.1577   18.2083
    7.5000  -45.0000  -30.0000 1638.9818   18.5599
   -7.5000  -37.5000  -30.0000 1785.5012   15.9142
    0.0000  -37.5000  -30.0000 1798.9688   15.8842
    7.5000  -37.5000  -30.0000 1773.1139   16.1016
   -7.5000  -30.0000  -30.0000 1913.8337   14.1966
    0.0000  -30.0000  -30.0000 1924.2782   14.1479
    7.5000  -30.0000  -30.0000 1897.8375   14.3325
   -7.5000  -22.5000  -30.0000 2025.7621   12.8288
    0.0000  -22.5000  -30.0000 2036.5302   12.7861
    7.5000  -22.5000  -30.0000 2005.7228   12.9895
   -7.5000  -15.0000  -30.0000 2110.5806   11.8051
    0.0000  -15.0000  -30.0000 2123.1648   11.7234
    7.5000  -15.0000  -30.0000 2095.8210   11.8994
   -7.5000   -7.5000  -30.0000 2164.9524   11.0351
    0.0000   -7.5000  -30.0000 2187.6853   10.9223
    7.5000   -7.5000  -30.0000 2158.6604   11.0818
   -7.5000    0.0000  -30.0000 2198.5386   10.5382
    0.0000    0.0000  -30.0000 2222.3931   10.4146
    7.5000    0.0000  -30.0000 2196.9692   10.5900
   -7.5000    7.5000  -30.0000 2213.4626   10.3342
    0.0000    7.5000  -30.0000 2235.7000   10.2300
    7.5000    7.5000  -30.0000 2211.4526   10.4183
   -7.5000   15.0000  -30.0000 2197.2307   10.4513
    0.0000   15.0000  -30.0000 2230.0054   10.3445
    7.5000   15.0000  -30.0000 2196.8555   10.5418
   -7.5000   22.5000  -30.0000 2158.1189   10.8361
    0.0000   22.5000  -30.0000 2192.4736   10.7104
    7.5000   22.5000  -30.0000 2155.8018   10.9268
   -7.5000   30.0000  -30.0000 2094.8169   11.4741
    0.0000   30.0000  -30.0000 2124.0872   11.3254
    7.5000   30.0000  -30.0000 2095.2786   11.5141
   -7.5000   37.5000  -30.0000 2010.1305   12.3805
    0.0000   37.5000  -30.0000 2037.8289   12.1904
    7.5000   37.5000  -30.0000 2009.9070   12.3742
   -7.5000   45.0000  -30.0000 1902.3961   13.5551
    0.0000   45.0000  -30.0000 1923.8374   13.3903
    7.5000   45.0000  -30.0000 1897.2474   13.5854
   -7.5000  -45.0000  -22.5000 1720.1594   17.3506
    0.0000  -45.0000  -22.5000 1730.5896   17.3301
    7.5000  -45.0000  -22.5000 1712.0970   17.6514
   -7.5000  -37.5000  -22.5000 1869.5934   15.1190
    0.0000  -37.5000  -22.5000 1883.8373   15.0907
    7.5000  -37.5000  -22.5000 1856.4126   15.3452
   -7.5000  -30.0000  -22.5000 2004.9785   13.4595
    0.0000  -30.0000  -22.5000 2016.3728   13.3998
    7.5000  -30.0000  -22.5000 1986.2943   13.6389
   -7.5000  -22.5000  -22.5000 2117.8552   12.1799
    0.0000  -22.5000  -22.5000 2131.3455   12.1129
    7.5000  -22.5000  -22.5000 2096.9287   12.3222
   -7.5000  -15.0000  -22.5000 2202.4980   11.1709
    0.0000  -15.0000  -22.5000 2220.5383   11.0799
    7.5000  -15.0000  -22.5000 2190.5029   11.2595
   -7.5000   -7.5000  -22.5000 2270.8015   10.4403
    0.0000   -7.5000  -22.5000 2295.0698   10.3252
    7.5000   -7.5000  -22.5000 2265.6040   10.4839
   -7.5000    0.0000  -22.5000 2311.2183    9.9864
    0.0000    0.0000  -22.5000 2342.1599    9.8690
    7.5000    0.0000  -22.5000 2309.7947   10.0264
   -7.5000    7.5000  -22.5000 2334.5557    9.8158
    0.0000    7.5000  -22.5000 2360.2644    9.6951
    7.5000    7.5000  -22.5000 2327.2241    9.8658
   -7.5000   15.0000  -22.5000 2321.5920    9.8996
    0.0000   15.0000  -22.5000 2354.9355    9.7858
    7.5000   15.0000  -22.5000 2316.1838    9.9713
   -7.5000   22.5000  -22.5000 2281.7451   10.2650
    0.0000   22.5000  -22.5000 2317.2058   10.1257
    7.5000   22.5000  -22.5000 2275.7378   10.3063
   -7.5000   30.0000  -22.5000 2212.3594   10.8499
    0.0000   30.0000  -22.5000 2248.5574   10.6815
    7.5000   30.0000  -22.5000 2212.9080   10.8514
   -7.5000   37.5000  -22.5000 2116.4885   11.6978
    0.0000   37.5000  -22.5000 2150.2158   11.5064
    7.5000   37.5000  -22.5000 2116.9700   11.6666
   -7.5000   45.0000  -22.5000 1996.7225   12.8260
    0.0000   45.0000  -22.5000 2023.8708   12.6527
    7.5000   45.0000  -22.5000 1995.6842   12.8203
   -7.5000  -45.0000  -15.0000 1769.9702   16.5804
    0.0000  -45.0000  -15.0000 1779.1078   16.5716
    7.5000  -45.0000  -15.0000 1760.4314   16.8870
   -7.5000  -37.5000  -15.0000 1924.6854   14.4463
    0.0000  -37.5000  -15.0000 1934.4019   14.3855
    7.5000  -37.5000  -15.0000 1909.1969   14.6543
   -7.5000  -30.0000  -15.0000 2063.5381   12.7817
    0.0000  -30.0000  -15.0000 2073.5427   12.7191
    7.5000  -30.0000  -15.0000 2041.0668   12.9353
   -7.5000  -22.5000  -15.0000 2181.7993   11.5174
    0.0000  -22.5000  -15.0000 2193.5186   11.4522
    7.5000  -22.5000  -15.0000 2160.4321   11.6498
   -7.5000  -15.0000  -15.0000 2273.2878   10.5714
    0.0000  -15.0000  -15.0000 2292.7915   10.4822
    7.5000  -15.0000  -15.0000 2258.5347   10.6381
   -7.5000   -7.5000  -15.0000 2349.2888    9.8701
    0.0000   -7.5000  -15.0000 2376.7061    9.7798
    7.5000   -7.5000  -15.0000 2343.3274    9.9104
   -7.5000    0.0000  -15.0000 2403.3125    9.4418
    0.0000    0.0000  -15.0000 2433.8809    9.3344
    7.5000    0.0000  -15.0000 2400.9102    9.4850
   -7.5000    7.5000  -15.0000 2435.7930    9.2865
    0.0000    7.5000  -15.0000 2466.5571    9.1874
    7.5000    7.5000  -15.0000 2426.1067    9.3413
   -7.5000   15.0000  -15.0000 2433.4863    9.3815
    0.0000   15.0000  -15.0000 2465.5947    9.2738
    7.5000   15.0000  -15.0000 2419.2922    9.4244
   -7.5000   22.5000  -15.0000 2397.1450    9.7079
    0.0000   22.5000  -15.0000 2432.4949    9.5906
    7.5000   22.5000  -15.0000 2383.0017    9.7430
   -7.5000   30.0000  -15.0000 2314.4172   10.2579
    0.0000   30.0000  -15.0000 2356.0764   10.1117
    7.5000   30.0000  -15.0000 2313.3010   10.2533
   -7.5000   37.5000  -15.0000 2204.0901   11.0496
    0.0000   37.5000  -15.0000 2237.1416   10.9055
    7.5000   37.5000  -15.0000 2204.2563   11.0302
   -7.5000   45.0000  -15.0000 2067.6887   12.1344
    0.0000   45.0000  -15.0000 2094.8616   12.0026
    7.5000   45.0000  -15.0000 2072.3889   12.1228
   -7.5000  -45.0000   -7.5000 1801.1182   15.9741
    0.0000  -45.0000   -7.5000 1808.3564   15.9047
    7.5000  -45.0000   -7.5000 1784.9055   16.2252
   -7.5000  -37.5000   -7.5000 1955.0454   13.8293
    0.0000  -37.5000   -7.5000 1965.0243   13.7526
    7.5000  -37.5000   -7.5000 1933.2247   13.9807
   -7.5000  -30.0000   -7.5000 2094.1436   12.1485
    0.0000  -30.0000   -7.5000 2107.0427   12.0963
    7.5000  -30.0000   -7.5000 2073.2676   12.3044
   -7.5000  -22.5000   -7.5000 2227.2478   10.9164
    0.0000  -22.5000   -7.5000 2239.2695   10.8467
    7.5000  -22.5000   -7.5000 2206.6028   11.0114
   -7.5000  -15.0000   -7.5000 2330.7654    9.9912
    0.0000  -15.0000   -7.5000 2354.9514    9.9175
    7.5000  -15.0000   -7.5000 2319.5122   10.0467
   -7.5000   -7.5000   -7.5000 2415.7173    9.3089
    0.0000   -7.5000   -7.5000 2444.7529    9.2434
    7.5000   -7.5000   -7.5000 2410.1641    9.3690
   -7.5000    0.0000   -7.5000 2483.9937    8.9172
    0.0000    0.0000   -7.5000 2516.8064    8.8429
    7.5000    0.0000   -7.5000 2476.7683    8.9794
   -7.5000    7.5000   -7.5000 2527.4932    8.7866
    0.0000    7.5000   -7.5000 2563.8665    8.6998
    7.5000    7.5000   -7.5000 2515.6118    8.8377
   -7.5000   15.0000   -7.5000 2534.2041    8.8759
    0.0000   15.0000   -7.5000 2569.0889    8.7870
    7.5000   15.0000   -7.5000 2514.7820    8.9098
   -7.5000   22.5000   -7.5000 2488.9126    9.1831
    0.0000   22.5000   -7.5000 2528.5625    9.0830
    7.5000   22.5000   -7.5000 2477.0256    9.1989
   -7.5000   30.0000   -7.5000 2397.2610    9.7087
    0.0000   30.0000   -7.5000 2438.0779    9.5987
    7.5000   30.0000   -7.5000 2395.6614    9.7149
   -7.5000   37.5000   -7.5000 2273.8779   10.4729
    0.0000   37.5000   -7.5000 2304.0378   10.3642
    7.5000   37.5000   -7.5000 2274.4031   10.4722
   -7.5000   45.0000   -7.5000 2123.7109   11.5188
    0.0000   45.0000   -7.5000 2154.2119   11.4039
    7.5000   45.0000   -7.5000 2128.0696   11.5213
   -7.5000  -45.0000    0.0000 1816.9994   15.5931
    0.0000  -45.0000    0.0000 1823.7826   15.5154
    7.5000  -45.0000    0.0000 1795.9856   15.8007
   -7.5000  -37.5000    0.0000 1968.1377   13.3647
    0.0000  -37.5000    0.0000 1976.2604   13.2949
    7.5000  -37.5000    0.0000 1940.8832   13.5033
   -7.5000  -30.0000    0.0000 2109.1626   11.6759
    0.0000  -30.0000    0.0000 2122.4033   11.6218
    7.5000  -30.0000    0.0000 2089.5752   11.8206
   -7.5000  -22.5000    0.0000 2254.5381   10.4466
    0.0000  -22.5000    0.0000 2269.6724   10.3639
    7.5000  -22.5000    0.0000 2236.2942   10.5162
   -7.5000  -15.0000    0.0000 2372.1648    9.5153
    0.0000  -15.0000    0.0000 2399.6313    9.4455
    7.5000  -15.0000    0.0000 2367.1282    9.5830
   -7.5000   -7.5000    0.0000 2477.4937    8.8618
    0.0000   -7.5000    0.0000 2508.6682    8.8009
    7.5000   -7.5000    0.0000 2470.4724    8.9298
   -7.5000    0.0000    0.0000 2564.4312    8.5273
    0.0000    0.0000    0.0000 2597.0261    8.4524
    7.5000    0.0000    0.0000 2552.4402    8.5793
   -7.5000    7.5000    0.0000 2621.4878    8.4098
    0.0000    7.5000    0.0000 2662.0059    8.3475
    7.5000    7.5000    0.0000 2603.2441    8.4482
   -7.5000   15.0000    0.0000 2624.1877    8.4823
    0.0000   15.0000    0.0000 2661.5806    8.4162
    7.5000   15.0000    0.0000 2603.8279    8.5044
   -7.5000   22.5000    0.0000 2567.6897    8.7532
    0.0000   22.5000    0.0000 2607.3765    8.6733
    7.5000   22.5000    0.0000 2555.1992    8.7692
   -7.5000   30.0000    0.0000 2460.6062    9.2630
    0.0000   30.0000    0.0000 2502.5061    9.1787
    7.5000   30.0000    0.0000 2455.0796    9.2808
   -7.5000   37.5000    0.0000 2325.3621   10.0081
    0.0000   37.5000    0.0000 2360.7622    9.9209
    7.5000   37.5000    0.0000 2323.9990   10.0302
   -7.5000   45.0000    0.0000 2165.9500   11.0263
    0.0000   45.0000    0.0000 2199.4243   10.9293
    7.5000   45.0000    0.0000 2167.1155   11.0495
   -7.5000  -45.0000    7.5000 1823.6344   15.4087
    0.0000  -45.0000    7.5000 1831.7006   15.3294
    7.5000  -45.0000    7.5000 1797.5466   15.5641
   -7.5000  -37.5000    7.5000 1967.1576   13.0827
    0.0000  -37.5000    7.5000 1977.1505   13.0074
    7.5000  -37.5000    7.5000 1944.9778   13.2538
   -7.5000  -30.0000    7.5000 2115.9019   11.3975
    0.0000  -30.0000    7.5000 2129.2017   11.3179
    7.5000  -30.0000    7.5000 2097.9177   11.5172
   -7.5000  -22.5000    7.5000 2267.8958   10.1511
    0.0000  -22.5000    7.5000 2286.5066   10.0656
    7.5000  -22.5000    7.5000 2251.7976   10.2283
   -7.5000  -15.0000    7.5000 2401.3660    9.2184
    0.0000  -15.0000    7.5000 2430.4568    9.1359
    7.5000  -15.0000    7.5000 2393.6318    9.2817
   -7.5000   -7.5000    7.5000 2532.4939    8.5762
    0.0000   -7.5000    7.5000 2561.5022    8.4937
    7.5000   -7.5000    7.5000 2518.3962    8.6364
   -7.5000    0.0000    7.5000 2632.4539    8.2620
    0.0000    0.0000    7.5000 2674.2678    8.1957
    7.5000    0.0000    7.5000 2618.1919    8.3055
   -7.5000    7.5000    7.5000 2700.2073    8.1811
    0.0000    7.5000    7.5000 2751.2217    8.1346
    7.5000    7.5000    7.5000 2678.4963    8.2017
   -7.5000   15.0000    7.5000 2699.6738    8.2207
    0.0000   15.0000    7.5000 2740.1091    8.1858
    7.5000   15.0000    7.5000 2674.9438    8.2414
   -7.5000   22.5000    7.5000 2628.0530    8.4327
    0.0000   22.5000    7.5000 2667.6521    8.3766
    7.5000   22.5000    7.5000 2615.3303    8.4590
   -7.5000   30.0000    7.5000 2507.7839    8.9105
    0.0000   30.0000    7.5000 2549.2786    8.8393
    7.5000   30.0000    7.5000 2497.9644    8.9510
   -7.5000   37.5000    7.5000 2361.0547    9.6555
    0.0000   37.5000    7.5000 2400.8638    9.5824
    7.5000   37.5000    7.5000 2355.4773    9.6961
   -7.5000   45.0000    7.5000 2192.0247   10.6852
    0.0000   45.0000    7.5000 2228.5825   10.6036
    7.5000   45.0000    7.5000 2192.5293   10.7276
   -7.5000  -45.0000   15.0000 1821.0570   15.3760
    0.0000  -45.0000   15.0000 1827.5117   15.3159
    7.5000  -45.0000   15.0000 1792.3589   15.5675
   -7.5000  -37.5000   15.0000 1964.4263   13.0422
    0.0000  -37.5000   15.0000 1973.3079   12.9698
    7.5000  -37.5000   15.0000 1939.9301   13.2185
   -7.5000  -30.0000   15.0000 2115.9526   11.3272
    0.0000  -30.0000   15.0000 2129.6765   11.2510
    7.5000  -30.0000   15.0000 2096.9968   11.4660
   -7.5000  -22.5000   15.0000 2267.4417   10.0767
    0.0000  -22.5000   15.0000 2286.2871    9.9886
    7.5000  -22.5000   15.0000 2250.3752   10.1421
   -7.5000  -15.0000   15.0000 2409.4915    9.1054
    0.0000  -15.0000   15.0000 2436.3423    9.0147
    7.5000  -15.0000   15.0000 2395.7932    9.1637
   -7.5000   -7.5000   15.0000 2554.5510    8.4344
    0.0000   -7.5000   15.0000 2587.1270    8.3514
    7.5000   -7.5000   15.0000 2538.5940    8.5210
   -7.5000    0.0000   15.0000 2680.3901    8.1502
    0.0000    0.0000   15.0000 2726.4006    8.1008
    7.5000    0.0000   15.0000 2652.6897    8.2133
   -7.5000    7.5000   15.0000 2757.2292    8.0949
    0.0000    7.5000   15.0000 2814.5562    8.0798
    7.5000    7.5000   15.0000 2727.0740    8.1101
   -7.5000   15.0000   15.0000 2737.7563    8.1164
    0.0000   15.0000   15.0000 2786.5488    8.1003
    7.5000   15.0000   15.0000 2715.9802    8.1294
   -7.5000   22.5000   15.0000 2656.5212    8.2767
    0.0000   22.5000   15.0000 2696.0942    8.2361
    7.5000   22.5000   15.0000 2642.3281    8.3087
   -7.5000   30.0000   15.0000 2529.5974    8.7197
    0.0000   30.0000   15.0000 2565.4070    8.6677
    7.5000   30.0000   15.0000 2516.3967    8.7884
   -7.5000   37.5000   15.0000 2375.0261    9.4756
    0.0000   37.5000   15.0000 2410.1018    9.4055
    7.5000   37.5000   15.0000 2366.1279    9.5327
   -7.5000   45.0000   15.0000 2202.6489   10.4947
    0.0000   45.0000   15.0000 2234.4829   10.4285
    7.5000   45.0000   15.0000 2202.6213   10.5727
   -7.5000  -45.0000   22.5000 1816.2727   15.5442
    0.0000  -45.0000   22.5000 1822.0165   15.4885
    7.5000  -45.0000   22.5000 1780.5234   15.7666
   -7.5000  -37.5000   22.5000 1962.0922   13.1865
    0.0000  -37.5000   22.5000 1970.1807   13.1101
    7.5000  -37.5000   22.5000 1936.1876   13.3702
   -7.5000  -30.0000   22.5000 2111.6389   11.4685
    0.0000  -30.0000   22.5000 2125.0239   11.3981
    7.5000  -30.0000   22.5000 2092.1411   11.6094
   -7.5000  -22.5000   22.5000 2257.8684   10.1884
    0.0000  -22.5000   22.5000 2276.1870   10.1020
    7.5000  -22.5000   22.5000 2241.9661   10.2840
   -7.5000  -15.0000   22.5000 2400.1436    9.2178
    0.0000  -15.0000   22.5000 2429.0640    9.1301
    7.5000  -15.0000   22.5000 2386.1746    9.2954
   -7.5000   -7.5000   22.5000 2545.2595    8.5536
    0.0000   -7.5000   22.5000 2579.5225    8.4768
    7.5000   -7.5000   22.5000 2526.4565    8.6449
   -7.5000    0.0000   22.5000 2670.3809    8.2445
    0.0000    0.0000   22.5000 2713.4302    8.1905
    7.5000    0.0000   22.5000 2645.5615    8.3113
   -7.5000    7.5000   22.5000 2742.8313    8.1493
    0.0000    7.5000   22.5000 2791.9639    8.1150
    7.5000    7.5000   22.5000 2712.7988    8.1994
   -7.5000   15.0000   22.5000 2722.0981    8.1557
    0.0000   15.0000   22.5000 2768.2947    8.1273
    7.5000   15.0000   22.5000 2700.4409    8.2077
   -7.5000   22.5000   22.5000 2643.4971    8.3372
    0.0000   22.5000   22.5000 2682.0667    8.2901
    7.5000   22.5000   22.5000 2630.6562    8.3976
   -7.5000   30.0000   22.5000 2517.8008    8.7753
    0.0000   30.0000   22.5000 2550.8601    8.7154
    7.5000   30.0000   22.5000 2509.7725    8.8530
   -7.5000   37.5000   22.5000 2360.6406    9.5024
    0.0000   37.5000   22.5000 2395.8081    9.4267
    7.5000   37.5000   22.5000 2360.8081    9.5816
   -7.5000   45.0000   22.5000 2197.5850   10.4859
    0.0000   45.0000   22.5000 2223.5146   10.4104
    7.5000   45.0000   22.5000 2194.5259   10.5750
   -7.5000  -45.0000   30.0000 1793.2468   15.8896
    0.0000  -45.0000   30.0000 1796.5679   15.8015
    7.5000  -45.0000   30.0000 1761.2117   16.1361
   -7.5000  -37.5000   30.0000 1949.5272   13.5145
    0.0000  -37.5000   30.0000 1955.4104   13.4487
    7.5000  -37.5000   30.0000 1921.7164   13.7100
   -7.5000  -30.0000   30.0000 2096.2837   11.7706
    0.0000  -30.0000   30.0000 2110.6731   11.7035
    7.5000  -30.0000   30.0000 2073.3535   11.9425
   -7.5000  -22.5000   30.0000 2237.2949   10.4701
    0.0000  -22.5000   30.0000 2258.7761   10.3812
    7.5000  -22.5000   30.0000 2223.3491   10.5911
   -7.5000  -15.0000   30.0000 2373.4387    9.5370
    0.0000  -15.0000   30.0000 2404.4648    9.4409
    7.5000  -15.0000   30.0000 2360.1934    9.6100
   -7.5000   -7.5000   30.0000 2503.2341    8.9029
    0.0000   -7.5000   30.0000 2535.9043    8.8250
    7.5000   -7.5000   30.0000 2491.1892    8.9878
   -7.5000    0.0000   30.0000 2606.5974    8.5719
    0.0000    0.0000   30.0000 2641.2517    8.4934
    7.5000    0.0000   30.0000 2592.2236    8.6404
   -7.5000    7.5000   30.0000 2657.9001    8.4229
    0.0000    7.5000   30.0000 2696.5896    8.3597
    7.5000    7.5000   30.0000 2646.4392    8.4871
   -7.5000   15.0000   30.0000 2643.3662    8.4263
    0.0000   15.0000   30.0000 2683.1060    8.3772
    7.5000   15.0000   30.0000 2634.2959    8.5012
   -7.5000   22.5000   30.0000 2577.3267    8.6206
    0.0000   22.5000   30.0000 2611.8887    8.5595
    7.5000   22.5000   30.0000 2571.6128    8.6956
   -7.5000   30.0000   30.0000 2466.1025    9.0337
    0.0000   30.0000   30.0000 2498.3921    8.9568
    7.5000   30.0000   30.0000 2464.7026    9.1117
   -7.5000   37.5000   30.0000 2327.6389    9.7068
    0.0000   37.5000   30.0000 2357.2776    9.6122
    7.5000   37.5000   30.0000 2330.3821    9.7710
   -7.5000   45.0000   30.0000 2176.8975   10.6292
    0.0000   45.0000   30.0000 2199.9917   10.5257
    7.5000   45.0000   30.0000 2177.4106   10.6861
   -7.5000  -45.0000   37.5000 1751.6124   16.4589
    0.0000  -45.0000   37.5000 1755.9733   16.3457
    7.5000  -45.0000   37.5000 1725.1793   16.7498
   -7.5000  -37.5000   37.5000 1915.8057   14.0326
    0.0000  -37.5000   37.5000 1923.4580   13.9405
    7.5000  -37.5000   37.5000 1888.9968   14.2320
   -7.5000  -30.0000   37.5000 2063.9006   12.2646
    0.0000  -30.0000   37.5000 2080.6938   12.1654
    7.5000  -30.0000   37.5000 2041.8481   12.4336
   -7.5000  -22.5000   37.5000 2202.3813   10.9577
    0.0000  -22.5000   37.5000 2229.3784   10.8522
    7.5000  -22.5000   37.5000 2189.8752   11.0957
   -7.5000  -15.0000   37.5000 2327.9431   10.0305
    0.0000  -15.0000   37.5000 2358.9543    9.9448
    7.5000  -15.0000   37.5000 2317.0337   10.1346
   -7.5000   -7.5000   37.5000 2438.1726    9.4344
    0.0000   -7.5000   37.5000 2467.2041    9.3769
    7.5000   -7.5000   37.5000 2431.5671    9.5357
   -7.5000    0.0000   37.5000 2516.1108    9.0941
    0.0000    0.0000   37.5000 2547.3767    9.0256
    7.5000    0.0000   37.5000 2510.7747    9.1751
   -7.5000    7.5000   37.5000 2548.4097    8.9206
    0.0000    7.5000   37.5000 2582.2375    8.8664
    7.5000    7.5000   37.5000 2546.9124    9.0028
   -7.5000   15.0000   37.5000 2535.1382    8.9201
    0.0000   15.0000   37.5000 2569.2395    8.8545
    7.5000   15.0000   37.5000 2535.6299    8.9919
   -7.5000   22.5000   37.5000 2479.2578    9.0958
    0.0000   22.5000   37.5000 2505.4460    9.0246
    7.5000   22.5000   37.5000 2481.0593    9.1596
   -7.5000   30.0000   37.5000 2387.1335    9.4716
    0.0000   30.0000   37.5000 2413.7051    9.3761
    7.5000   30.0000   37.5000 2393.0994    9.5237
   -7.5000   37.5000   37.5000 2269.7515   10.0711
    0.0000   37.5000   37.5000 2297.1604    9.9565
    7.5000   37.5000   37.5000 2274.4077   10.1087
   -7.5000   45.0000   37.5000 2138.3071   10.9356
    0.0000   45.0000   37.5000 2164.5842   10.7901
    7.5000   45.0000   37.5000 2141.6265   10.9454
   -7.5000  -45.0000   45.0000 1697.3839   17.3384
    0.0000  -45.0000   45.0000 1704.6510   17.2472
    7.5000  -45.0000   45.0000 1674.7155   17.6371
   -7.5000  -37.5000   45.0000 1863.5568   14.8105
    0.0000  -37.5000   45.0000 1874.9835   14.6942
    7.5000  -37.5000   45.0000 1840.6075   15.0317
   -7.5000  -30.0000   45.0000 2010.9229   12.9854
    0.0000  -30.0000   45.0000 2029.5979   12.8881
    7.5000  -30.0000   45.0000 1995.2382   13.1380
   -7.5000  -22.5000   45.0000 2141.6494   11.6892
    0.0000  -22.5000   45.0000 2169.5715   11.5925
    7.5000  -22.5000   45.0000 2134.5691   11.8046
   -7.5000  -15.0000   45.0000 2254.4463   10.7675
    0.0000  -15.0000   45.0000 2284.3142   10.7007
    7.5000  -15.0000   45.0000 2250.6035   10.8894
   -7.5000   -7.5000   45.0000 2346.7456   10.1884
    0.0000   -7.5000   45.0000 2377.8682   10.1189
    7.5000   -7.5000   45.0000 2348.5823   10.2858
   -7.5000    0.0000   45.0000 2404.6763    9.8185
    0.0000    0.0000   45.0000 2438.3643    9.7538
    7.5000    0.0000   45.0000 2411.3792    9.9061
   -7.5000    7.5000   45.0000 2427.8264    9.6199
    0.0000    7.5000   45.0000 2459.1194    9.5555
    7.5000    7.5000   45.0000 2436.2039    9.7008
   -7.5000   15.0000   45.0000 2410.6560    9.5804
    0.0000   15.0000   45.0000 2444.3445    9.5196
    7.5000   15.0000   45.0000 2422.6260    9.6472
   -7.5000   22.5000   45.0000 2367.9070    9.7286
    0.0000   22.5000   45.0000 2394.2292    9.6526
    7.5000   22.5000   45.0000 2376.0098    9.7636
   -7.5000   30.0000   45.0000 2295.3071   10.0552
    0.0000   30.0000   45.0000 2317.9294    9.9606
    7.5000   30.0000   45.0000 2302.3745   10.0721
   -7.5000   37.5000   45.0000 2194.0955   10.5743
    0.0000   37.5000   45.0000 2220.6265   10.4590
    7.5000   37.5000   45.0000 2203.5012   10.5760
   -7.5000   45.0000   45.0000 2081.9255   11.3494
    0.0000   45.0000   45.0000 2108.4946   11.2154
    7.5000   45.0000   45.0000 2087.7380   11.3397

---------------------------------------------------------------------
imgreg_4dfp /usr/local/freesurfer/dev/average/711-2C_as_mni_average_305 /usr/local/freesurfer/dev/average/711-2B_as_mni_average_305_mask talsrcimg_g11 none talsrcimg_to_711-2C_as_mni_average_305_t4 1283
---------------------------------------------------------------------

$Id: imgreg_4dfp.c,v 1.4 2010/02/27 01:41:53 nicks Exp $
/usr/local/freesurfer/dev/average/711-2C_as_mni_average_305.4dfp.img
       256       256       256         1
  1.000000  1.000000  1.000000
orientation T byte_order littleendian
Reading image: /usr/local/freesurfer/dev/average/711-2C_as_mni_average_305.4dfp.img
dimensions:      256       256       256
mmppix:       1.0000   -1.0000   -1.0000
center:     128.0000 -129.0000 -129.0000
/usr/local/freesurfer/dev/average/711-2B_as_mni_average_305_mask.4dfp.img
       256       256       256         1
  1.000000  1.000000  1.000000
orientation T byte_order littleendian
Reading mask: /usr/local/freesurfer/dev/average/711-2B_as_mni_average_305_mask.4dfp.img (2306576 pixels)
talsrcimg_g11.4dfp.img
       256       256       256         1
  1.000000  1.000000  1.000000
orientation T byte_order littleendian
Reading image: talsrcimg_g11.4dfp.img
dimensions:      256       256       256
mmppix:       1.0000   -1.0000   -1.0000
center:     128.0000 -129.0000 -129.0000
rotation matrix determinant  1.000000
$Id: fimgreg.f,v 1.1 2007/05/04 22:33:59 nicks Exp $
image alignment mode   1283 decimal      503 hex
parameters
    0.0000    7.5000   15.0000    0.0000    0.0000    0.0000
eta,q 0.88643  8.04119
niter,ni,del,rscale     5    3   12.0000    1.2000
parameter  4  0.594307 ->  0.500000 qaram    1.1500
parameter  6  0.760969 ->  0.500000 qaram    1.1500
parameters
   -0.4856    9.6812   16.4811   -3.4500   -1.2669   -3.4500
eta,q 0.89504  8.02799
  0.1293  0.1308  0.1258  0.1089  0.1132  0.1055
  0.1200  0.1229  0.1188  0.1080  0.1096  0.1049
  0.1133  0.1163  0.1131  0.1079  0.1078  0.1056
  0.1120  0.1115  0.1100  0.1094  0.1079  0.1076
  0.1167  0.1100  0.1098  0.1128  0.1105  0.1110
  0.1249  0.1111  0.1117  0.1165  0.1149  0.1151
  0.1347  0.1152  0.1155  0.1207  0.1202  0.1193
niter,ni,del,rscale     6    3   12.0000    1.2000
parameters
   -0.7445   10.9139   16.1072   -5.3387   -0.9911   -4.4607
eta,q 0.89543  8.01440
  0.1252  0.1214  0.1157  0.1071  0.1144  0.1094
  0.1150  0.1128  0.1093  0.1054  0.1093  0.1071
  0.1073  0.1072  0.1056  0.1046  0.1062  0.1052
  0.1050  0.1049  0.1051  0.1049  0.1046  0.1046
  0.1086  0.1055  0.1074  0.1062  0.1050  0.1061
  0.1175  0.1073  0.1117  0.1088  0.1078  0.1093
  0.1289  0.1112  0.1180  0.1137  0.1131  0.1138
niter,ni,del,rscale     5    3   12.0000    1.2000
parameters
   -0.8424   11.7559   15.7601   -6.5637   -0.7453   -4.5032
eta,q 0.89567  8.00480
  0.1259  0.1193  0.1149  0.1079  0.1137  0.1110
  0.1156  0.1112  0.1091  0.1050  0.1085  0.1082
  0.1074  0.1062  0.1056  0.1043  0.1057  0.1059
  0.1046  0.1046  0.1047  0.1047  0.1044  0.1043
  0.1078  0.1054  0.1067  0.1056  0.1045  0.1048
  0.1163  0.1075  0.1109  0.1076  0.1073  0.1076
  0.1275  0.1122  0.1174  0.1113  0.1126  0.1120
niter,ni,del,rscale     4    3   12.0000    1.2000
parameters
   -0.8350   12.1871   15.4807   -7.0198   -0.6766   -4.4940
eta,q 0.89582  8.00408
  0.1257  0.1183  0.1139  0.1093  0.1128  0.1111
  0.1155  0.1105  0.1082  0.1055  0.1078  0.1082
  0.1075  0.1060  0.1049  0.1041  0.1053  0.1058
  0.1043  0.1043  0.1044  0.1043  0.1042  0.1042
  0.1068  0.1057  0.1058  0.1054  0.1044  0.1047
  0.1150  0.1091  0.1095  0.1069  0.1074  0.1075
  0.1262  0.1141  0.1158  0.1102  0.1128  0.1119
niter,ni,del,rscale     3    3   12.0000    1.2000
parameters
   -0.7989   12.3340   15.3746   -7.1693   -0.6831   -4.4777
eta,q 0.89588  8.00415
  0.1254  0.1174  0.1139  0.1099  0.1125  0.1112
  0.1153  0.1099  0.1082  0.1059  0.1076  0.1082
  0.1074  0.1056  0.1048  0.1041  0.1052  0.1057
  0.1042  0.1042  0.1042  0.1042  0.1041  0.1041
  0.1064  0.1062  0.1054  0.1053  0.1044  0.1046
  0.1144  0.1101  0.1086  0.1067  0.1075  0.1075
  0.1256  0.1152  0.1146  0.1098  0.1129  0.1119
niter,ni,del,rscale     2    3   12.0000    1.2000
parameters
   -0.7720   12.3878   15.3455   -7.2216   -0.6996   -4.4645
eta,q 0.89590  8.00412
  0.1252  0.1171  0.1139  0.1101  0.1124  0.1112
  0.1151  0.1097  0.1083  0.1060  0.1075  0.1082
  0.1073  0.1054  0.1048  0.1042  0.1052  0.1057
  0.1041  0.1041  0.1041  0.1041  0.1041  0.1041
  0.1063  0.1064  0.1052  0.1053  0.1044  0.1046
  0.1143  0.1104  0.1083  0.1066  0.1074  0.1075
  0.1255  0.1156  0.1141  0.1096  0.1129  0.1119
registration optimization eta report
parameter search radius
    6.0000    6.0000    6.0000    6.9000    6.0000    6.9000
100000*second partial in parameter space
       58.       33.       28.       12.       24.       15.
  0.1252  0.1171  0.1139  0.1101  0.1124  0.1112
  0.1151  0.1097  0.1083  0.1060  0.1075  0.1082
  0.1073  0.1054  0.1048  0.1042  0.1052  0.1057
  0.1041  0.1041  0.1041  0.1041  0.1041  0.1041
  0.1063  0.1064  0.1052  0.1053  0.1044  0.1046
  0.1143  0.1104  0.1083  0.1066  0.1074  0.1075
  0.1255  0.1156  0.1141  0.1096  0.1129  0.1119
   -0.7720   12.3878   15.3455   -7.2216   -0.6996   -4.4645
eta,q 0.89590  8.00412

---------------------------------------------------------------------
imgreg_4dfp /usr/local/freesurfer/dev/average/711-2C_as_mni_average_305 /usr/local/freesurfer/dev/average/711-2B_as_mni_average_305_mask talsrcimg_g11 none talsrcimg_to_711-2C_as_mni_average_305_t4 3335
---------------------------------------------------------------------

$Id: imgreg_4dfp.c,v 1.4 2010/02/27 01:41:53 nicks Exp $
/usr/local/freesurfer/dev/average/711-2C_as_mni_average_305.4dfp.img
       256       256       256         1
  1.000000  1.000000  1.000000
orientation T byte_order littleendian
Reading image: /usr/local/freesurfer/dev/average/711-2C_as_mni_average_305.4dfp.img
dimensions:      256       256       256
mmppix:       1.0000   -1.0000   -1.0000
center:     128.0000 -129.0000 -129.0000
/usr/local/freesurfer/dev/average/711-2B_as_mni_average_305_mask.4dfp.img
       256       256       256         1
  1.000000  1.000000  1.000000
orientation T byte_order littleendian
Reading mask: /usr/local/freesurfer/dev/average/711-2B_as_mni_average_305_mask.4dfp.img (2306576 pixels)
talsrcimg_g11.4dfp.img
       256       256       256         1
  1.000000  1.000000  1.000000
orientation T byte_order littleendian
Reading image: talsrcimg_g11.4dfp.img
dimensions:      256       256       256
mmppix:       1.0000   -1.0000   -1.0000
center:     128.0000 -129.0000 -129.0000
$Id: fimgreg.f,v 1.1 2007/05/04 22:33:59 nicks Exp $
image alignment mode   3335 decimal      D07 hex
parameters
   -0.7720   12.3878   15.3455   -0.3109   -1.0823   -0.8007
    7.5694    2.1861   -7.7836   12.4383   -1.2210  -12.5698
eta,q 0.89456  8.04340
niter,ni,del,rscale     5    3    5.0000    1.2000
parameter  4  5.397145 ->  0.500000 qaram    1.1500
parameter  5  6.080716 ->  0.500000 qaram    1.1500
parameter  6  1.720014 ->  0.500000 qaram    1.1500
parameter 10  0.682311 ->  0.500000 qaram    1.1500
parameter 12 -1.026446 -> -0.500000 qaram    1.1500
parameters
   -1.0184   12.4862   15.6830   -4.4509   -5.2223   -4.9407
    6.5066    1.9125   -5.7298    8.2983   -0.8533   -8.4298
eta,q 0.92833  7.03115
  0.1079  0.1076  0.1076  0.0861  0.0751  0.0716  0.0769  0.0800  0.0786  0.0734  0.0748  0.0779
  0.1064  0.1065  0.1065  0.0918  0.0807  0.0741  0.0757  0.0772  0.0769  0.0731  0.0739  0.0761
  0.1056  0.1057  0.1058  0.0983  0.0869  0.0777  0.0750  0.0754  0.0757  0.0735  0.0733  0.0744
  0.1054  0.1054  0.1054  0.1054  0.0936  0.0824  0.0750  0.0749  0.0749  0.0747  0.0731  0.0731
  0.1060  0.1056  0.1054  0.1129  0.1006  0.0881  0.0756  0.0757  0.0747  0.0768  0.0732  0.0721
  0.1072  0.1062  0.1059  0.1207  0.1079  0.0947  0.0768  0.0777  0.0751  0.0797  0.0737  0.0716
  0.1091  0.1073  0.1067  0.1286  0.1153  0.1021  0.0787  0.0808  0.0760  0.0832  0.0745  0.0715
niter,ni,del,rscale     7    3    5.0000    1.2000
parameter  4  2.171019 ->  0.500000 qaram    1.3225
parameter  5  2.817875 ->  0.500000 qaram    1.3225
parameter  6  0.816333 ->  0.500000 qaram    1.3225
parameters
   -1.0470   12.5182   14.9187   -9.2119   -9.9833   -9.7017
    6.1000    1.7547   -6.5764    7.7927   -0.5608   -5.1311
eta,q 0.95343  6.15577
  0.0753  0.0744  0.0725  0.0566  0.0456  0.0469  0.0501  0.0528  0.0496  0.0526  0.0491  0.0521
  0.0733  0.0729  0.0718  0.0601  0.0498  0.0469  0.0485  0.0497  0.0480  0.0495  0.0480  0.0498
  0.0720  0.0720  0.0715  0.0652  0.0551  0.0482  0.0474  0.0477  0.0472  0.0475  0.0473  0.0481
  0.0717  0.0717  0.0717  0.0715  0.0614  0.0512  0.0471  0.0471  0.0471  0.0470  0.0470  0.0470
  0.0721  0.0719  0.0724  0.0787  0.0684  0.0559  0.0476  0.0479  0.0478  0.0482  0.0472  0.0466
  0.0734  0.0728  0.0736  0.0868  0.0759  0.0620  0.0489  0.0500  0.0491  0.0506  0.0478  0.0468
  0.0755  0.0743  0.0753  0.0954  0.0840  0.0693  0.0510  0.0532  0.0509  0.0541  0.0488  0.0476
niter,ni,del,rscale     7    3    5.0000    1.2000
parameter  3  0.646652 ->  0.500000 qaram    1.1500
parameter  4  0.753531 ->  0.500000 qaram    1.5209
parameter  5  1.083765 ->  0.500000 qaram    1.5209
parameters
   -1.0132   13.2680   13.5387  -14.6870  -15.4585  -12.4479
    6.3298    1.8927   -7.7993    8.1605    0.1209   -4.0508
eta,q 0.96587  5.55866
  0.0509  0.0520  0.0457  0.0414  0.0331  0.0370  0.0373  0.0387  0.0363  0.0399  0.0360  0.0370
  0.0486  0.0495  0.0454  0.0406  0.0339  0.0354  0.0358  0.0364  0.0349  0.0369  0.0351  0.0355
  0.0471  0.0476  0.0456  0.0418  0.0364  0.0344  0.0347  0.0348  0.0343  0.0350  0.0345  0.0346
  0.0466  0.0466  0.0462  0.0454  0.0407  0.0344  0.0343  0.0343  0.0343  0.0342  0.0342  0.0342
  0.0470  0.0462  0.0474  0.0510  0.0466  0.0362  0.0345  0.0347  0.0350  0.0346  0.0343  0.0343
  0.0484  0.0467  0.0490  0.0582  0.0538  0.0401  0.0355  0.0361  0.0364  0.0363  0.0347  0.0348
  0.0507  0.0478  0.0509  0.0665  0.0619  0.0461  0.0370  0.0384  0.0382  0.0390  0.0355  0.0358
niter,ni,del,rscale     7    3    5.0000    1.2000
parameters
   -0.9661   14.1133   12.7867  -16.3707  -20.3757  -12.9205
    6.9452    1.8520   -8.5254    9.1165    1.1492   -4.1315
eta,q 0.96739  5.34928
  0.0379  0.0396  0.0347  0.0399  0.0346  0.0365  0.0354  0.0362  0.0344  0.0369  0.0340  0.0342
  0.0359  0.0370  0.0340  0.0369  0.0331  0.0348  0.0341  0.0343  0.0333  0.0347  0.0334  0.0332
  0.0346  0.0352  0.0337  0.0346  0.0327  0.0335  0.0332  0.0331  0.0328  0.0333  0.0329  0.0327
  0.0341  0.0341  0.0338  0.0336  0.0339  0.0327  0.0328  0.0327  0.0327  0.0327  0.0326  0.0326
  0.0345  0.0338  0.0344  0.0352  0.0372  0.0328  0.0329  0.0331  0.0331  0.0328  0.0326  0.0328
  0.0357  0.0341  0.0354  0.0399  0.0429  0.0346  0.0335  0.0343  0.0340  0.0336  0.0329  0.0333
  0.0377  0.0350  0.0369  0.0469  0.0504  0.0383  0.0347  0.0363  0.0351  0.0353  0.0334  0.0341
niter,ni,del,rscale     6    3    5.0000    1.2000
parameters
   -0.9955   15.0582   12.6317  -16.4682  -22.1765  -13.3002
    7.2143    1.7282   -9.1499   10.4841    1.7293   -4.6756
eta,q 0.96766  5.31156
  0.0356  0.0366  0.0337  0.0394  0.0360  0.0362  0.0348  0.0359  0.0339  0.0363  0.0336  0.0336
  0.0339  0.0348  0.0329  0.0364  0.0343  0.0345  0.0337  0.0340  0.0330  0.0344  0.0330  0.0328
  0.0329  0.0334  0.0324  0.0339  0.0329  0.0332  0.0329  0.0329  0.0326  0.0332  0.0326  0.0324
  0.0326  0.0326  0.0323  0.0323  0.0323  0.0325  0.0325  0.0325  0.0325  0.0325  0.0324  0.0324
  0.0330  0.0323  0.0325  0.0324  0.0332  0.0326  0.0327  0.0329  0.0328  0.0324  0.0324  0.0326
  0.0340  0.0324  0.0331  0.0354  0.0361  0.0342  0.0334  0.0341  0.0335  0.0330  0.0327  0.0331
  0.0357  0.0331  0.0340  0.0410  0.0412  0.0377  0.0345  0.0362  0.0344  0.0345  0.0333  0.0339
niter,ni,del,rscale     5    3    5.0000    1.2000
parameters
   -1.0286   15.5948   12.3281  -16.4675  -22.9003  -13.8450
    7.3890    1.6857   -9.4226   11.4400    1.9812   -5.0541
eta,q 0.96768  5.29630
  0.0352  0.0352  0.0334  0.0393  0.0364  0.0359  0.0347  0.0358  0.0339  0.0358  0.0334  0.0336
  0.0336  0.0338  0.0327  0.0363  0.0346  0.0343  0.0335  0.0340  0.0330  0.0342  0.0328  0.0328
  0.0327  0.0328  0.0323  0.0339  0.0331  0.0331  0.0327  0.0328  0.0325  0.0331  0.0325  0.0324
  0.0323  0.0323  0.0323  0.0322  0.0322  0.0324  0.0324  0.0324  0.0324  0.0324  0.0323  0.0323
  0.0327  0.0323  0.0325  0.0323  0.0325  0.0325  0.0326  0.0328  0.0327  0.0324  0.0324  0.0326
  0.0337  0.0326  0.0331  0.0351  0.0346  0.0342  0.0333  0.0340  0.0332  0.0331  0.0327  0.0331
  0.0354  0.0334  0.0341  0.0406  0.0388  0.0377  0.0345  0.0360  0.0341  0.0347  0.0333  0.0338
niter,ni,del,rscale     4    3    5.0000    1.2000
parameters
   -1.0459   15.9256   12.0557  -16.4482  -23.1991  -14.2982
    7.4658    1.6917   -9.4708   12.0650    2.0282   -5.3385
eta,q 0.96769  5.28925
  0.0352  0.0347  0.0334  0.0392  0.0365  0.0359  0.0346  0.0358  0.0339  0.0356  0.0333  0.0336
  0.0336  0.0335  0.0328  0.0363  0.0347  0.0342  0.0334  0.0340  0.0330  0.0340  0.0328  0.0328
  0.0326  0.0327  0.0324  0.0339  0.0332  0.0330  0.0327  0.0328  0.0325  0.0330  0.0324  0.0324
  0.0323  0.0323  0.0323  0.0323  0.0323  0.0323  0.0324  0.0324  0.0324  0.0324  0.0323  0.0323
  0.0327  0.0324  0.0325  0.0323  0.0323  0.0325  0.0326  0.0327  0.0326  0.0324  0.0324  0.0325
  0.0337  0.0328  0.0331  0.0351  0.0341  0.0341  0.0333  0.0339  0.0331  0.0333  0.0327  0.0330
  0.0353  0.0337  0.0341  0.0405  0.0380  0.0374  0.0345  0.0359  0.0339  0.0350  0.0333  0.0337
niter,ni,del,rscale     3    3    5.0000    1.2000
parameters
   -1.0523   16.1308   11.8593  -16.4140  -23.3380  -14.6159
    7.4789    1.7103   -9.4442   12.4663    1.9869   -5.5336
eta,q 0.96768  5.28573
  0.0352  0.0345  0.0335  0.0392  0.0366  0.0359  0.0345  0.0358  0.0340  0.0355  0.0333  0.0336
  0.0336  0.0334  0.0328  0.0363  0.0347  0.0343  0.0334  0.0340  0.0330  0.0340  0.0328  0.0329
  0.0326  0.0326  0.0324  0.0339  0.0333  0.0330  0.0326  0.0328  0.0325  0.0329  0.0324  0.0324
  0.0323  0.0323  0.0323  0.0323  0.0323  0.0323  0.0324  0.0324  0.0324  0.0324  0.0323  0.0323
  0.0326  0.0324  0.0325  0.0324  0.0323  0.0324  0.0326  0.0327  0.0326  0.0325  0.0324  0.0325
  0.0336  0.0330  0.0331  0.0351  0.0340  0.0340  0.0334  0.0339  0.0331  0.0334  0.0328  0.0330
  0.0352  0.0339  0.0340  0.0404  0.0378  0.0372  0.0345  0.0359  0.0339  0.0351  0.0333  0.0337
niter,ni,del,rscale     2    3    5.0000    1.2000
parameters
   -1.0502   16.2557   11.7245  -16.3875  -23.4077  -14.8231
    7.4741    1.7357   -9.3939   12.7225    1.9375   -5.6663
eta,q 0.96766  5.28388
  0.0352  0.0344  0.0336  0.0392  0.0366  0.0359  0.0345  0.0358  0.0340  0.0354  0.0333  0.0336
  0.0336  0.0333  0.0329  0.0363  0.0348  0.0343  0.0334  0.0340  0.0330  0.0339  0.0328  0.0329
  0.0327  0.0326  0.0324  0.0339  0.0333  0.0330  0.0326  0.0328  0.0325  0.0329  0.0324  0.0324
  0.0323  0.0323  0.0323  0.0323  0.0323  0.0323  0.0324  0.0324  0.0324  0.0323  0.0323  0.0323
  0.0327  0.0325  0.0325  0.0324  0.0323  0.0324  0.0326  0.0327  0.0326  0.0325  0.0324  0.0325
  0.0336  0.0330  0.0330  0.0351  0.0340  0.0339  0.0334  0.0339  0.0331  0.0335  0.0328  0.0330
  0.0352  0.0340  0.0339  0.0404  0.0377  0.0370  0.0345  0.0359  0.0338  0.0353  0.0333  0.0337
niter,ni,del,rscale     1    3    5.0000    1.2000
parameters
   -1.0472   16.3328   11.6395  -16.3653  -23.4501  -14.9565
    7.4619    1.7572   -9.3591   12.8858    1.8862   -5.7632
eta,q 0.96766  5.28282
  0.0352  0.0343  0.0336  0.0392  0.0366  0.0360  0.0345  0.0358  0.0339  0.0354  0.0333  0.0337
  0.0336  0.0332  0.0329  0.0363  0.0348  0.0343  0.0334  0.0340  0.0330  0.0339  0.0328  0.0329
  0.0327  0.0326  0.0325  0.0339  0.0333  0.0331  0.0326  0.0328  0.0325  0.0329  0.0325  0.0325
  0.0323  0.0323  0.0323  0.0323  0.0323  0.0323  0.0323  0.0323  0.0324  0.0324  0.0323  0.0323
  0.0327  0.0325  0.0325  0.0324  0.0323  0.0324  0.0326  0.0327  0.0326  0.0325  0.0324  0.0325
  0.0336  0.0331  0.0330  0.0351  0.0340  0.0338  0.0334  0.0339  0.0331  0.0335  0.0328  0.0330
  0.0352  0.0341  0.0338  0.0404  0.0376  0.0369  0.0345  0.0359  0.0338  0.0354  0.0333  0.0337
registration optimization eta report
parameter search radius
    2.4000    2.4000    2.7600   10.9503   10.9503    9.5220
    7.2000    7.2000    7.2000    8.2800    7.2000    8.2800
100000*second partial in parameter space
       50.       32.       18.        6.        4.        5.
        4.        7.        3.        4.        2.        2.
  0.0352  0.0343  0.0336  0.0392  0.0366  0.0360  0.0345  0.0358  0.0339  0.0354  0.0333  0.0337
  0.0336  0.0332  0.0329  0.0363  0.0348  0.0343  0.0334  0.0340  0.0330  0.0339  0.0328  0.0329
  0.0327  0.0326  0.0325  0.0339  0.0333  0.0331  0.0326  0.0328  0.0325  0.0329  0.0325  0.0325
  0.0323  0.0323  0.0323  0.0323  0.0323  0.0323  0.0323  0.0323  0.0324  0.0324  0.0323  0.0323
  0.0327  0.0325  0.0325  0.0324  0.0323  0.0324  0.0326  0.0327  0.0326  0.0325  0.0324  0.0325
  0.0336  0.0331  0.0330  0.0351  0.0340  0.0338  0.0334  0.0339  0.0331  0.0335  0.0328  0.0330
  0.0352  0.0341  0.0338  0.0404  0.0376  0.0369  0.0345  0.0359  0.0338  0.0354  0.0333  0.0337
   -1.0472   16.3328   11.6395  -16.3653  -23.4501  -14.9565
    7.4619    1.7572   -9.3591   12.8858    1.8862   -5.7632
eta,q 0.96766  5.28282

---------------------------------------------------------------------
imgreg_4dfp /usr/local/freesurfer/dev/average/711-2C_as_mni_average_305 /usr/local/freesurfer/dev/average/711-2B_as_mni_average_305_mask talsrcimg_g11 none talsrcimg_to_711-2C_as_mni_average_305_t4 2311
---------------------------------------------------------------------

$Id: imgreg_4dfp.c,v 1.4 2010/02/27 01:41:53 nicks Exp $
/usr/local/freesurfer/dev/average/711-2C_as_mni_average_305.4dfp.img
       256       256       256         1
  1.000000  1.000000  1.000000
orientation T byte_order littleendian
Reading image: /usr/local/freesurfer/dev/average/711-2C_as_mni_average_305.4dfp.img
dimensions:      256       256       256
mmppix:       1.0000   -1.0000   -1.0000
center:     128.0000 -129.0000 -129.0000
/usr/local/freesurfer/dev/average/711-2B_as_mni_average_305_mask.4dfp.img
       256       256       256         1
  1.000000  1.000000  1.000000
orientation T byte_order littleendian
Reading mask: /usr/local/freesurfer/dev/average/711-2B_as_mni_average_305_mask.4dfp.img (2306576 pixels)
talsrcimg_g11.4dfp.img
       256       256       256         1
  1.000000  1.000000  1.000000
orientation T byte_order littleendian
Reading image: talsrcimg_g11.4dfp.img
dimensions:      256       256       256
mmppix:       1.0000   -1.0000   -1.0000
center:     128.0000 -129.0000 -129.0000
$Id: fimgreg.f,v 1.1 2007/05/04 22:33:59 nicks Exp $
image alignment mode   2311 decimal      907 hex
parameters
   -1.0472   16.3328   11.6395  -16.3653  -23.4501  -14.9565
    7.4619    1.7572   -9.3591   12.8858    1.8862   -5.7632
eta,q 0.96766  5.28282
niter,ni,del,rscale     5    3    5.0000    0.8000
parameters
   -1.0433   16.3629   11.6220  -14.8408  -21.7652  -14.4360
    7.4804    1.7730   -9.3321   12.9742    1.7369   -6.5499
eta,q 0.96813  5.36603
  0.0336  0.0332  0.0328  0.0346  0.0335  0.0331  0.0331  0.0337  0.0328  0.0331  0.0324  0.0323
  0.0329  0.0327  0.0325  0.0337  0.0330  0.0326  0.0324  0.0327  0.0323  0.0325  0.0321  0.0320
  0.0325  0.0324  0.0324  0.0329  0.0325  0.0322  0.0320  0.0321  0.0320  0.0321  0.0319  0.0319
  0.0323  0.0323  0.0323  0.0323  0.0321  0.0319  0.0319  0.0319  0.0319  0.0319  0.0319  0.0319
  0.0325  0.0324  0.0324  0.0321  0.0319  0.0319  0.0320  0.0321  0.0320  0.0320  0.0320  0.0320
  0.0329  0.0327  0.0326  0.0323  0.0320  0.0322  0.0324  0.0327  0.0323  0.0324  0.0321  0.0323
  0.0336  0.0331  0.0328  0.0330  0.0324  0.0328  0.0331  0.0337  0.0328  0.0330  0.0324  0.0326
niter,ni,del,rscale     4    3    5.0000    0.7000
parameters
   -1.0715   16.0420   11.6079  -14.8875  -21.5292  -14.1976
    7.4989    1.7881   -9.3036   12.8619    1.7827   -6.4241
eta,q 0.96819  5.36960
  0.0330  0.0323  0.0322  0.0332  0.0328  0.0327  0.0327  0.0332  0.0325  0.0327  0.0322  0.0323
  0.0323  0.0320  0.0320  0.0325  0.0323  0.0323  0.0322  0.0325  0.0321  0.0322  0.0320  0.0320
  0.0320  0.0318  0.0319  0.0320  0.0320  0.0320  0.0319  0.0320  0.0319  0.0319  0.0319  0.0319
  0.0319  0.0319  0.0318  0.0318  0.0318  0.0318  0.0318  0.0318  0.0318  0.0318  0.0318  0.0318
  0.0320  0.0321  0.0319  0.0319  0.0319  0.0318  0.0319  0.0320  0.0319  0.0319  0.0318  0.0319
  0.0324  0.0324  0.0320  0.0325  0.0321  0.0321  0.0322  0.0324  0.0321  0.0322  0.0320  0.0320
  0.0330  0.0329  0.0322  0.0334  0.0327  0.0326  0.0327  0.0332  0.0325  0.0328  0.0322  0.0322
niter,ni,del,rscale     3    3    5.0000    0.6000
parameters
   -1.0840   15.9799   11.6805  -14.8327  -21.4403  -14.0293
    7.5036    1.7699   -9.3387   12.7374    1.8480   -6.4149
eta,q 0.96821  5.37497
  0.0326  0.0323  0.0321  0.0329  0.0325  0.0325  0.0325  0.0328  0.0323  0.0324  0.0321  0.0321
  0.0322  0.0320  0.0320  0.0324  0.0322  0.0321  0.0321  0.0323  0.0320  0.0321  0.0319  0.0319
  0.0319  0.0318  0.0319  0.0320  0.0319  0.0319  0.0319  0.0319  0.0318  0.0319  0.0318  0.0318
  0.0318  0.0318  0.0318  0.0318  0.0318  0.0318  0.0318  0.0318  0.0318  0.0318  0.0318  0.0318
  0.0319  0.0319  0.0318  0.0319  0.0318  0.0318  0.0319  0.0319  0.0319  0.0319  0.0318  0.0318
  0.0322  0.0321  0.0319  0.0322  0.0321  0.0320  0.0321  0.0323  0.0320  0.0321  0.0319  0.0319
  0.0327  0.0324  0.0321  0.0329  0.0325  0.0324  0.0325  0.0329  0.0323  0.0325  0.0321  0.0321
niter,ni,del,rscale     2    3    5.0000    0.5000
parameters
   -1.0872   15.9280   11.7438  -14.7839  -21.3337  -13.8649
    7.5302    1.7554   -9.3775   12.6403    1.9098   -6.4264
eta,q 0.96821  5.38100
  0.0324  0.0321  0.0320  0.0326  0.0323  0.0323  0.0323  0.0325  0.0321  0.0322  0.0320  0.0320
  0.0321  0.0319  0.0319  0.0322  0.0320  0.0320  0.0320  0.0321  0.0319  0.0320  0.0319  0.0319
  0.0319  0.0318  0.0318  0.0319  0.0319  0.0319  0.0318  0.0319  0.0318  0.0318  0.0318  0.0318
  0.0318  0.0318  0.0318  0.0318  0.0318  0.0318  0.0318  0.0318  0.0318  0.0318  0.0318  0.0318
  0.0319  0.0319  0.0318  0.0318  0.0318  0.0318  0.0318  0.0319  0.0318  0.0318  0.0318  0.0318
  0.0321  0.0320  0.0319  0.0321  0.0320  0.0319  0.0320  0.0321  0.0320  0.0320  0.0319  0.0319
  0.0324  0.0322  0.0320  0.0326  0.0322  0.0322  0.0323  0.0325  0.0322  0.0323  0.0320  0.0320
niter,ni,del,rscale     1    3    5.0000    0.4000
parameters
   -1.0922   15.8787   11.7988  -14.7514  -21.2428  -13.7230
    7.5556    1.7428   -9.4039   12.5724    1.9393   -6.4281
eta,q 0.96822  5.38612
  0.0322  0.0320  0.0319  0.0323  0.0321  0.0321  0.0321  0.0323  0.0320  0.0321  0.0319  0.0319
  0.0320  0.0319  0.0319  0.0320  0.0319  0.0319  0.0319  0.0320  0.0319  0.0319  0.0318  0.0318
  0.0318  0.0318  0.0318  0.0319  0.0318  0.0318  0.0318  0.0318  0.0318  0.0318  0.0318  0.0318
  0.0318  0.0318  0.0318  0.0318  0.0318  0.0318  0.0318  0.0318  0.0318  0.0318  0.0318  0.0318
  0.0318  0.0318  0.0318  0.0318  0.0318  0.0318  0.0318  0.0318  0.0318  0.0318  0.0318  0.0318
  0.0320  0.0319  0.0318  0.0320  0.0319  0.0319  0.0319  0.0320  0.0319  0.0319  0.0318  0.0318
  0.0322  0.0321  0.0319  0.0323  0.0321  0.0320  0.0321  0.0323  0.0320  0.0321  0.0319  0.0319
registration optimization eta report
parameter search radius
    0.8000    0.8000    0.8000    2.4000    2.4000    2.4000
    2.4000    2.4000    2.4000    2.4000    2.4000    2.4000
100000*second partial in parameter space
       59.       39.       22.        9.        5.        5.
        5.        8.        4.        5.        3.        3.
  0.0322  0.0320  0.0319  0.0323  0.0321  0.0321  0.0321  0.0323  0.0320  0.0321  0.0319  0.0319
  0.0320  0.0319  0.0319  0.0320  0.0319  0.0319  0.0319  0.0320  0.0319  0.0319  0.0318  0.0318
  0.0318  0.0318  0.0318  0.0319  0.0318  0.0318  0.0318  0.0318  0.0318  0.0318  0.0318  0.0318
  0.0318  0.0318  0.0318  0.0318  0.0318  0.0318  0.0318  0.0318  0.0318  0.0318  0.0318  0.0318
  0.0318  0.0318  0.0318  0.0318  0.0318  0.0318  0.0318  0.0318  0.0318  0.0318  0.0318  0.0318
  0.0320  0.0319  0.0318  0.0320  0.0319  0.0319  0.0319  0.0320  0.0319  0.0319  0.0318  0.0318
  0.0322  0.0321  0.0319  0.0323  0.0321  0.0320  0.0321  0.0323  0.0320  0.0321  0.0319  0.0319
   -1.0922   15.8787   11.7988  -14.7514  -21.2428  -13.7230
    7.5556    1.7428   -9.4039   12.5724    1.9393   -6.4281
eta,q 0.96822  5.38612

---------------------------------------------------------------------
imgreg_4dfp /usr/local/freesurfer/dev/average/711-2C_as_mni_average_305 /usr/local/freesurfer/dev/average/711-2B_as_mni_average_305_mask talsrcimg_g11 none talsrcimg_to_711-2C_as_mni_average_305_t4 2311
---------------------------------------------------------------------

$Id: imgreg_4dfp.c,v 1.4 2010/02/27 01:41:53 nicks Exp $
/usr/local/freesurfer/dev/average/711-2C_as_mni_average_305.4dfp.img
       256       256       256         1
  1.000000  1.000000  1.000000
orientation T byte_order littleendian
Reading image: /usr/local/freesurfer/dev/average/711-2C_as_mni_average_305.4dfp.img
dimensions:      256       256       256
mmppix:       1.0000   -1.0000   -1.0000
center:     128.0000 -129.0000 -129.0000
/usr/local/freesurfer/dev/average/711-2B_as_mni_average_305_mask.4dfp.img
       256       256       256         1
  1.000000  1.000000  1.000000
orientation T byte_order littleendian
Reading mask: /usr/local/freesurfer/dev/average/711-2B_as_mni_average_305_mask.4dfp.img (2306576 pixels)
talsrcimg_g11.4dfp.img
       256       256       256         1
  1.000000  1.000000  1.000000
orientation T byte_order littleendian
Reading image: talsrcimg_g11.4dfp.img
dimensions:      256       256       256
mmppix:       1.0000   -1.0000   -1.0000
center:     128.0000 -129.0000 -129.0000
$Id: fimgreg.f,v 1.1 2007/05/04 22:33:59 nicks Exp $
image alignment mode   2311 decimal      907 hex
parameters
   -1.0922   15.8787   11.7988  -14.7514  -21.2428  -13.7230
    7.5556    1.7428   -9.4039   12.5724    1.9393   -6.4281
eta,q 0.96822  5.38612
niter,ni,del,rscale     5    3    5.0000    0.8000
parameters
   -1.0915   15.8438   11.8206  -15.0489  -21.5518  -13.9283
    7.5386    1.7278   -9.3634   12.4720    1.8820   -6.1858
eta,q 0.96819  5.36566
  0.0333  0.0327  0.0324  0.0334  0.0328  0.0328  0.0330  0.0336  0.0327  0.0329  0.0323  0.0324
  0.0325  0.0322  0.0320  0.0326  0.0323  0.0323  0.0323  0.0326  0.0322  0.0323  0.0321  0.0321
  0.0319  0.0319  0.0319  0.0320  0.0319  0.0320  0.0319  0.0320  0.0319  0.0320  0.0319  0.0319
  0.0318  0.0318  0.0318  0.0318  0.0318  0.0318  0.0318  0.0318  0.0318  0.0318  0.0318  0.0318
  0.0320  0.0319  0.0318  0.0320  0.0319  0.0319  0.0319  0.0320  0.0319  0.0319  0.0319  0.0319
  0.0325  0.0323  0.0320  0.0328  0.0324  0.0323  0.0323  0.0326  0.0322  0.0323  0.0321  0.0320
  0.0333  0.0328  0.0323  0.0341  0.0332  0.0332  0.0330  0.0337  0.0327  0.0331  0.0324  0.0323
niter,ni,del,rscale     4    3    5.0000    0.7000
parameters
   -1.0905   15.8893   11.8080  -14.9396  -21.4707  -13.8838
    7.5357    1.7305   -9.3728   12.4740    1.8932   -6.2524
eta,q 0.96820  5.37168
  0.0329  0.0326  0.0322  0.0333  0.0327  0.0327  0.0327  0.0332  0.0325  0.0327  0.0322  0.0322
  0.0323  0.0322  0.0320  0.0326  0.0323  0.0322  0.0322  0.0324  0.0321  0.0322  0.0320  0.0320
  0.0319  0.0319  0.0319  0.0321  0.0320  0.0319  0.0319  0.0320  0.0319  0.0319  0.0318  0.0318
  0.0318  0.0318  0.0318  0.0318  0.0318  0.0318  0.0318  0.0318  0.0318  0.0318  0.0318  0.0318
  0.0319  0.0319  0.0319  0.0319  0.0318  0.0318  0.0319  0.0319  0.0319  0.0319  0.0318  0.0319
  0.0323  0.0321  0.0320  0.0324  0.0321  0.0321  0.0322  0.0324  0.0321  0.0322  0.0320  0.0320
  0.0329  0.0325  0.0322  0.0332  0.0327  0.0327  0.0327  0.0332  0.0325  0.0327  0.0322  0.0322
niter,ni,del,rscale     3    3    5.0000    0.6000
parameters
   -1.0914   15.8717   11.8205  -14.8659  -21.3700  -13.7880
    7.5341    1.7318   -9.3918   12.4798    1.9006   -6.3380
eta,q 0.96822  5.37779
  0.0326  0.0323  0.0321  0.0329  0.0325  0.0324  0.0325  0.0328  0.0323  0.0325  0.0321  0.0321
  0.0322  0.0320  0.0319  0.0324  0.0321  0.0321  0.0321  0.0323  0.0320  0.0321  0.0319  0.0319
  0.0319  0.0318  0.0318  0.0320  0.0319  0.0319  0.0319  0.0319  0.0318  0.0319  0.0318  0.0318
  0.0318  0.0318  0.0318  0.0318  0.0318  0.0318  0.0318  0.0318  0.0318  0.0318  0.0318  0.0318
  0.0319  0.0319  0.0318  0.0319  0.0318  0.0318  0.0319  0.0319  0.0319  0.0318  0.0318  0.0318
  0.0322  0.0321  0.0319  0.0322  0.0320  0.0320  0.0321  0.0323  0.0320  0.0321  0.0319  0.0319
  0.0326  0.0324  0.0321  0.0329  0.0325  0.0324  0.0325  0.0328  0.0323  0.0325  0.0321  0.0321
niter,ni,del,rscale     2    3    5.0000    0.5000
parameters
   -1.0914   15.8490   11.8379  -14.8112  -21.2886  -13.7013
    7.5421    1.7314   -9.4039   12.4802    1.9163   -6.3526
eta,q 0.96822  5.38277
  0.0324  0.0322  0.0320  0.0326  0.0323  0.0323  0.0323  0.0325  0.0321  0.0322  0.0320  0.0320
  0.0320  0.0319  0.0319  0.0322  0.0320  0.0320  0.0320  0.0321  0.0319  0.0320  0.0319  0.0319
  0.0319  0.0318  0.0318  0.0319  0.0319  0.0319  0.0318  0.0319  0.0318  0.0318  0.0318  0.0318
  0.0318  0.0318  0.0318  0.0318  0.0318  0.0318  0.0318  0.0318  0.0318  0.0318  0.0318  0.0318
  0.0319  0.0318  0.0318  0.0318  0.0318  0.0318  0.0318  0.0319  0.0318  0.0318  0.0318  0.0318
  0.0320  0.0320  0.0319  0.0321  0.0320  0.0319  0.0320  0.0321  0.0319  0.0320  0.0319  0.0319
  0.0324  0.0322  0.0320  0.0326  0.0322  0.0322  0.0322  0.0325  0.0321  0.0323  0.0320  0.0320
niter,ni,del,rscale     1    3    5.0000    0.4000
parameters
   -1.0975   15.8225   11.8677  -14.7697  -21.2211  -13.6043
    7.5638    1.7248   -9.4188   12.4418    1.9413   -6.3888
eta,q 0.96822  5.38702
  0.0322  0.0320  0.0319  0.0323  0.0321  0.0321  0.0321  0.0322  0.0320  0.0321  0.0319  0.0319
  0.0319  0.0319  0.0319  0.0320  0.0319  0.0319  0.0319  0.0320  0.0319  0.0319  0.0318  0.0318
  0.0318  0.0318  0.0318  0.0319  0.0318  0.0318  0.0318  0.0318  0.0318  0.0318  0.0318  0.0318
  0.0318  0.0318  0.0318  0.0318  0.0318  0.0318  0.0318  0.0318  0.0318  0.0318  0.0318  0.0318
  0.0318  0.0318  0.0318  0.0318  0.0318  0.0318  0.0318  0.0318  0.0318  0.0318  0.0318  0.0318
  0.0320  0.0319  0.0318  0.0320  0.0319  0.0319  0.0319  0.0320  0.0319  0.0319  0.0318  0.0318
  0.0322  0.0320  0.0319  0.0323  0.0321  0.0321  0.0321  0.0323  0.0320  0.0321  0.0319  0.0319
registration optimization eta report
parameter search radius
    0.8000    0.8000    0.8000    2.4000    2.4000    2.4000
    2.4000    2.4000    2.4000    2.4000    2.4000    2.4000
100000*second partial in parameter space
       59.       39.       23.        9.        5.        5.
        5.        8.        4.        5.        3.        3.
  0.0322  0.0320  0.0319  0.0323  0.0321  0.0321  0.0321  0.0322  0.0320  0.0321  0.0319  0.0319
  0.0319  0.0319  0.0319  0.0320  0.0319  0.0319  0.0319  0.0320  0.0319  0.0319  0.0318  0.0318
  0.0318  0.0318  0.0318  0.0319  0.0318  0.0318  0.0318  0.0318  0.0318  0.0318  0.0318  0.0318
  0.0318  0.0318  0.0318  0.0318  0.0318  0.0318  0.0318  0.0318  0.0318  0.0318  0.0318  0.0318
  0.0318  0.0318  0.0318  0.0318  0.0318  0.0318  0.0318  0.0318  0.0318  0.0318  0.0318  0.0318
  0.0320  0.0319  0.0318  0.0320  0.0319  0.0319  0.0319  0.0320  0.0319  0.0319  0.0318  0.0318
  0.0322  0.0320  0.0319  0.0323  0.0321  0.0321  0.0321  0.0323  0.0320  0.0321  0.0319  0.0319
   -1.0975   15.8225   11.8677  -14.7697  -21.2211  -13.6043
    7.5638    1.7248   -9.4188   12.4418    1.9413   -6.3888
eta,q 0.96822  5.38702

---------------------------------------------------------------------
compute_vox2vox talsrcimg talsrcimg_to_711-2C_as_mni_average_305_t4 /usr/local/freesurfer/dev/average/711-2C_as_mni_average_305
---------------------------------------------------------------------

$Id: compute_vox2vox.c,v 1.3 2010/02/27 01:41:53 nicks Exp $
Reading: talsrcimg.4dfp.ifh
Reading: talsrcimg_to_711-2C_as_mni_average_305_t4
Reading: /usr/local/freesurfer/dev/average/711-2C_as_mni_average_305.4dfp.ifh
Writing: talsrcimg_to_711-2C_as_mni_average_305_t4_vox2vox.txt

start time Tue Apr 20 09:55:29 EDT 2010
end		time Tue Apr 20 09:56:14 EDT 2010

mpr2mni305 success

tkregister2_cmdl --mov nu.mgz --targ /usr/local/freesurfer/dev/average/mni305.cor.mgz --xfmout transforms/talairach.auto.xfm --vox2vox talsrcimg_to_711-2C_as_mni_average_305_t4_vox2vox.txt --noedit --reg talsrcimg.reg.tmp.dat
tkregister_tcl /usr/local/freesurfer/dev/lib/tcl/tkregister2.tcl
Vox2Vox Matrix 
 0.852   0.076  -0.017   12.512;
-0.094   0.788  -0.124   39.198;
-0.019   0.064   0.864   23.452;
 0.000   0.000   0.000   1.000;
target  volume /usr/local/freesurfer/dev/average/mni305.cor.mgz
movable volume nu.mgz
reg file       talsrcimg.reg.tmp.dat
LoadVol        0
ZeroCRAS       0
$Id: tkregister2.c,v 1.117 2010/04/09 23:51:25 greve Exp $
Diagnostic Level -1
INFO: loading target /usr/local/freesurfer/dev/average/mni305.cor.mgz
Ttarg: --------------------
-1.000   0.000   0.000   128.000;
 0.000   0.000   1.000  -128.000;
 0.000  -1.000   0.000   128.000;
 0.000   0.000   0.000   1.000;
INFO: loading movable nu.mgz
Tmov: --------------------
-1.000   0.000   0.000   128.000;
 0.000   0.000   1.000  -128.000;
 0.000  -1.000   0.000   128.000;
 0.000   0.000   0.000   1.000;
mkheaderreg = 1, float2int = 0
Computing reg from header (and possibly input matrix)
---- Input registration matrix (computed) --------
 0.852   0.017   0.076  -1.080;
 0.019   0.864  -0.064   11.732;
-0.094   0.124   0.788   15.947;
 0.000   0.000   0.000   1.000;
---------------------------------------
---- Input registration matrix --------
 0.852   0.017   0.076  -1.080;
 0.019   0.864  -0.064   11.732;
-0.094   0.124   0.788   15.947;
 0.000   0.000   0.000   1.000;
Determinant 0.593043
subject = subject-unknown
RegMat ---------------------------
 0.852   0.017   0.076  -1.080;
 0.019   0.864  -0.064   11.732;
-0.094   0.124   0.788   15.947;
 0.000   0.000   0.000   1.000;
 
 
Tue Apr 20 09:56:18 EDT 2010
talairach_avi done
