/autofs/space/erdos_003/users/lzollei/my_stuff/research/tests/CVSvsMNI/cvs_avg35_inMNI152/mri
/usr/local/freesurfer/dev/bin/mri_nu_correct.mni
--i orig.mgz --o nu.mgz --uchar transforms/talairach.xfm --n 2
nIters 2
$Id: mri_nu_correct.mni,v 1.18 2011/03/02 20:16:39 nicks Exp $
Linux compute-0-104.local 2.6.18-308.1.1.el5 #1 SMP Wed Mar 7 04:16:51 EST 2012 x86_64 x86_64 x86_64 GNU/Linux
Fri Mar 30 18:28:20 EDT 2012
Program nu_correct, built from:
Package MNI N3, version 1.10, compiled by nicks@minerva (x86_64-unknown-linux-gnu) on 2010-02-20 at 17:32:37
tmpdir is ./tmp.mri_nu_correct.mni.18948
/autofs/space/erdos_003/users/lzollei/my_stuff/research/tests/CVSvsMNI/cvs_avg35_inMNI152/mri
mri_convert orig.mgz ./tmp.mri_nu_correct.mni.18948/nu0.mnc -odt float
mri_convert orig.mgz ./tmp.mri_nu_correct.mni.18948/nu0.mnc -odt float 
$Id: mri_convert.c,v 1.192 2012/03/21 20:54:29 mreuter Exp $
reading from orig.mgz...
TR=0.00, TE=0.00, TI=0.00, flip angle=0.00
i_ras = (-1, 0, 0)
j_ras = (0, 0, -1)
k_ras = (0, 1, 0)
changing data type from uchar to float (noscale = 0)...
writing to ./tmp.mri_nu_correct.mni.18948/nu0.mnc...
 
--------------------------------------------------------
Iteration 1 Fri Mar 30 18:28:30 EDT 2012
nu_correct -clobber ./tmp.mri_nu_correct.mni.18948/nu0.mnc ./tmp.mri_nu_correct.mni.18948/nu1.mnc -tmpdir ./tmp.mri_nu_correct.mni.18948/0/
[lzollei@compute-0-104.local:/autofs/space/erdos_003/users/lzollei/my_stuff/research/tests/CVSvsMNI/cvs_avg35_inMNI152/mri/] [2012-03-30 18:28:30] running:
  /usr/local/freesurfer/dev/mni/bin/nu_estimate_np_and_em -parzen -log -sharpen 0.15 0.01 -iterations 50 -stop 0.001 -shrink 4 -auto_mask -nonotify -b_spline 1 -distance 200 -quiet -execute -clobber -nokeeptmp -tmpdir ./tmp.mri_nu_correct.mni.18948/0/ ./tmp.mri_nu_correct.mni.18948/nu0.mnc ./tmp.mri_nu_correct.mni.18948/nu1.imp

Processing:.................................................................Done
Processing:.................................................................Done
Processing:.................................................................Done
Processing:.................................................................Done
Processing:.................................................................Done
Processing:.................................................................Done
Processing:.................................................................Done
Processing:.................................................................Done
Processing:.................................................................Done
Processing:.................................................................Done
Processing:.................................................................Done
Processing:.................................................................Done
Processing:.................................................................Done
Processing:.................................................................Done
Processing:.................................................................Done
Processing:.................................................................Done
Processing:.................................................................Done
Processing:.................................................................Done
Number of iterations: 18 
CV of field change: 0.000960216
[lzollei@compute-0-104.local:/autofs/space/erdos_003/users/lzollei/my_stuff/research/tests/CVSvsMNI/cvs_avg35_inMNI152/mri/] [2012-03-30 18:28:56] running:
  /usr/local/freesurfer/dev/mni/bin/make_template -quiet -shrink 3 ./tmp.mri_nu_correct.mni.18948/nu0.mnc ./tmp.mri_nu_correct.mni.18948/0//template.mnc

Transforming slices:......................................................................................Done
Transforming slices:................................................................................................................................................................................................................................................................Done
 
 
--------------------------------------------------------
Iteration 2 Fri Mar 30 18:29:17 EDT 2012
nu_correct -clobber ./tmp.mri_nu_correct.mni.18948/nu1.mnc ./tmp.mri_nu_correct.mni.18948/nu2.mnc -tmpdir ./tmp.mri_nu_correct.mni.18948/1/
[lzollei@compute-0-104.local:/autofs/space/erdos_003/users/lzollei/my_stuff/research/tests/CVSvsMNI/cvs_avg35_inMNI152/mri/] [2012-03-30 18:29:17] running:
  /usr/local/freesurfer/dev/mni/bin/nu_estimate_np_and_em -parzen -log -sharpen 0.15 0.01 -iterations 50 -stop 0.001 -shrink 4 -auto_mask -nonotify -b_spline 1 -distance 200 -quiet -execute -clobber -nokeeptmp -tmpdir ./tmp.mri_nu_correct.mni.18948/1/ ./tmp.mri_nu_correct.mni.18948/nu1.mnc ./tmp.mri_nu_correct.mni.18948/nu2.imp

Processing:.................................................................Done
Processing:.................................................................Done
Processing:.................................................................Done
Processing:.................................................................Done
Processing:.................................................................Done
Processing:.................................................................Done
Processing:.................................................................Done
Processing:.................................................................Done
Processing:.................................................................Done
Processing:.................................................................Done
Number of iterations: 10 
CV of field change: 0.000969902
[lzollei@compute-0-104.local:/autofs/space/erdos_003/users/lzollei/my_stuff/research/tests/CVSvsMNI/cvs_avg35_inMNI152/mri/] [2012-03-30 18:29:31] running:
  /usr/local/freesurfer/dev/mni/bin/make_template -quiet -shrink 3 ./tmp.mri_nu_correct.mni.18948/nu1.mnc ./tmp.mri_nu_correct.mni.18948/1//template.mnc

Transforming slices:......................................................................................Done
Transforming slices:................................................................................................................................................................................................................................................................Done
 
 
 
mri_binarize --i ./tmp.mri_nu_correct.mni.18948/nu2.mnc --min -1 --o ./tmp.mri_nu_correct.mni.18948/ones.mgz

$Id: mri_binarize.c,v 1.34 2012/03/09 00:33:25 greve Exp $
cwd /autofs/space/erdos_003/users/lzollei/my_stuff/research/tests/CVSvsMNI/cvs_avg35_inMNI152/mri
cmdline mri_binarize --i ./tmp.mri_nu_correct.mni.18948/nu2.mnc --min -1 --o ./tmp.mri_nu_correct.mni.18948/ones.mgz 
sysname  Linux
hostname compute-0-104.local
machine  x86_64
user     lzollei

input      ./tmp.mri_nu_correct.mni.18948/nu2.mnc
frame      0
nErode3d   0
nErode2d   0
output     ./tmp.mri_nu_correct.mni.18948/ones.mgz
Binarizing based on threshold
min        -1
max        +infinity
binval        1
binvalnot     0
fstart = 0, fend = 0, nframes = 1
Found 16777216 values in range
Counting number of voxels in first frame
Found 16777216 voxels in final mask
mri_binarize done
mri_segstats --id 1 --seg ./tmp.mri_nu_correct.mni.18948/ones.mgz --i orig.mgz --sum ./tmp.mri_nu_correct.mni.18948/sum.junk --avgwf ./tmp.mri_nu_correct.mni.18948/input.mean.dat

$Id: mri_segstats.c,v 1.81 2012/01/20 22:17:36 greve Exp $
cwd 
cmdline mri_segstats --id 1 --seg ./tmp.mri_nu_correct.mni.18948/ones.mgz --i orig.mgz --sum ./tmp.mri_nu_correct.mni.18948/sum.junk --avgwf ./tmp.mri_nu_correct.mni.18948/input.mean.dat 
sysname  Linux
hostname compute-0-104.local
machine  x86_64
user     lzollei
Loading ./tmp.mri_nu_correct.mni.18948/ones.mgz
Loading orig.mgz
Voxel Volume is 1 mm^3
Generating list of segmentation ids
Found   1 segmentations
Computing statistics for each segmentation
  0     1   16777216  1.67772e+07

Reporting on   1 segmentations
Computing spatial average of each frame
  0
Writing to ./tmp.mri_nu_correct.mni.18948/input.mean.dat
mri_segstats --id 1 --seg ./tmp.mri_nu_correct.mni.18948/ones.mgz --i ./tmp.mri_nu_correct.mni.18948/nu2.mnc --sum ./tmp.mri_nu_correct.mni.18948/sum.junk --avgwf ./tmp.mri_nu_correct.mni.18948/output.mean.dat

$Id: mri_segstats.c,v 1.81 2012/01/20 22:17:36 greve Exp $
cwd 
cmdline mri_segstats --id 1 --seg ./tmp.mri_nu_correct.mni.18948/ones.mgz --i ./tmp.mri_nu_correct.mni.18948/nu2.mnc --sum ./tmp.mri_nu_correct.mni.18948/sum.junk --avgwf ./tmp.mri_nu_correct.mni.18948/output.mean.dat 
sysname  Linux
hostname compute-0-104.local
machine  x86_64
user     lzollei
Loading ./tmp.mri_nu_correct.mni.18948/ones.mgz
Loading ./tmp.mri_nu_correct.mni.18948/nu2.mnc
Voxel Volume is 1 mm^3
Generating list of segmentation ids
Found   1 segmentations
Computing statistics for each segmentation
  0     1   16777216  1.67772e+07

Reporting on   1 segmentations
Computing spatial average of each frame
  0
Writing to ./tmp.mri_nu_correct.mni.18948/output.mean.dat
mris_calc -o ./tmp.mri_nu_correct.mni.18948/nu2.mnc ./tmp.mri_nu_correct.mni.18948/nu2.mnc mul .90362274092371119364
mri_convert ./tmp.mri_nu_correct.mni.18948/nu2.mnc nu.mgz --like orig.mgz
mri_convert ./tmp.mri_nu_correct.mni.18948/nu2.mnc nu.mgz --like orig.mgz 
$Id: mri_convert.c,v 1.192 2012/03/21 20:54:29 mreuter Exp $
reading from ./tmp.mri_nu_correct.mni.18948/nu2.mnc...
TR=0.00, TE=0.00, TI=0.00, flip angle=0.00
i_ras = (-1, 0, 0)
j_ras = (0, 0, -1)
k_ras = (0, 1, 0)
INFO: transform src into the like-volume: orig.mgz
writing to nu.mgz...
mri_make_uchar nu.mgz transforms/talairach.xfm nu.mgz
type change took 0 minutes and 12 seconds.
mapping (16, 104) to ( 3, 110)
 
 
Fri Mar 30 18:31:16 EDT 2012
mri_nu_correct.mni done
