Tue Sep 22 17:33:37 EDT 2009
/autofs/space/crash_001/users/greve/subjects/fsaverage4/surf
--out lh.pial.avg.area.mgh --f /tmp/subjlist.10239 --target fsaverage4 --hemi lh --area pial --mean --surfreg sphere.reg
Linux compute-0-112.local 2.6.18-53.1.19.el5 #1 SMP Tue Apr 22 03:01:10 EDT 2008 x86_64 x86_64 x86_64 GNU/Linux
setenv SUBJECTS_DIR /space/birn/45/users/BWH/buckner_data/group_study
tmpdir is ./tmp.mris_preproc.16685
Src lh sphere.reg
Trg lh sphere.reg



---------------------------------------------------
#@# 1/40 004 Tue Sep 22 17:33:38 EDT 2009 --------------
-----------------------
mri_surf2surf --srcsubject 004 --srchemi lh --srcsurfreg sphere.reg --trgsubject fsaverage4 --trghemi lh --trgsurfreg sphere.reg --tval ./tmp.mris_preproc.16685/004.1.mgh --sval-area pial --jac --noreshape --no-cortex
Source registration surface changed to sphere.reg
Target registration surface changed to sphere.reg
srcsubject = 004
srcval     = (null)
srctype    = 
trgsubject = fsaverage4
trgval     = ./tmp.mris_preproc.16685/004.1.mgh
trgtype    = 
srcsurfreg = sphere.reg
trgsurfreg = sphere.reg
srchemi    = lh
trghemi    = lh
frame      = 0
fwhm-in    = 0
fwhm-out   = 0
label-src  = (null)
label-trg  = (null)
OKToRevFaceOrder  = 1
Reading source surface reg /space/birn/45/users/BWH/buckner_data/group_study/004/surf/lh.sphere.reg
Loading source data
Reading surface file /space/birn/45/users/BWH/buckner_data/group_study/004/surf/lh.pial
Reading target surface reg /space/birn/45/users/BWH/buckner_data/group_study/fsaverage4/surf/lh.sphere.reg
Done
Mapping Source Volume onto Source Subject Surface with Jacobian Correction
surf2surf_nnfr: building source hash (res=16).
Surf2Surf: 1st Forward Loop (2562)

surf2surf_nnfr: building target hash (res=16).
Surf2Surf: Reverse Loop (151235)
Reverse Loop had 148673 hits
INFO: nSrcLost = 0
nTrg121 =     0, nTrgMulti =  2562, MnTrgMultiHits = 59.0301
nSrc121 = 151235, nSrcLost =     0, nSrcMulti =     0, MnSrcMultiHits = 0
Saving target data
Saving to ./tmp.mris_preproc.16685/004.1.mgh



---------------------------------------------------
#@# 2/40 008 Tue Sep 22 17:33:44 EDT 2009 --------------
-----------------------
mri_surf2surf --srcsubject 008 --srchemi lh --srcsurfreg sphere.reg --trgsubject fsaverage4 --trghemi lh --trgsurfreg sphere.reg --tval ./tmp.mris_preproc.16685/008.2.mgh --sval-area pial --jac --noreshape --no-cortex
Source registration surface changed to sphere.reg
Target registration surface changed to sphere.reg
srcsubject = 008
srcval     = (null)
srctype    = 
trgsubject = fsaverage4
trgval     = ./tmp.mris_preproc.16685/008.2.mgh
trgtype    = 
srcsurfreg = sphere.reg
trgsurfreg = sphere.reg
srchemi    = lh
trghemi    = lh
frame      = 0
fwhm-in    = 0
fwhm-out   = 0
label-src  = (null)
label-trg  = (null)
OKToRevFaceOrder  = 1
Reading source surface reg /space/birn/45/users/BWH/buckner_data/group_study/008/surf/lh.sphere.reg
Loading source data
Reading surface file /space/birn/45/users/BWH/buckner_data/group_study/008/surf/lh.pial
Reading target surface reg /space/birn/45/users/BWH/buckner_data/group_study/fsaverage4/surf/lh.sphere.reg
Done
Mapping Source Volume onto Source Subject Surface with Jacobian Correction
surf2surf_nnfr: building source hash (res=16).
Surf2Surf: 1st Forward Loop (2562)

surf2surf_nnfr: building target hash (res=16).
Surf2Surf: Reverse Loop (118037)
Reverse Loop had 115475 hits
INFO: nSrcLost = 0
nTrg121 =     0, nTrgMulti =  2562, MnTrgMultiHits = 46.0722
nSrc121 = 118037, nSrcLost =     0, nSrcMulti =     0, MnSrcMultiHits = 0
Saving target data
Saving to ./tmp.mris_preproc.16685/008.2.mgh



---------------------------------------------------
#@# 3/40 017 Tue Sep 22 17:33:49 EDT 2009 --------------
-----------------------
mri_surf2surf --srcsubject 017 --srchemi lh --srcsurfreg sphere.reg --trgsubject fsaverage4 --trghemi lh --trgsurfreg sphere.reg --tval ./tmp.mris_preproc.16685/017.3.mgh --sval-area pial --jac --noreshape --no-cortex
Source registration surface changed to sphere.reg
Target registration surface changed to sphere.reg
srcsubject = 017
srcval     = (null)
srctype    = 
trgsubject = fsaverage4
trgval     = ./tmp.mris_preproc.16685/017.3.mgh
trgtype    = 
srcsurfreg = sphere.reg
trgsurfreg = sphere.reg
srchemi    = lh
trghemi    = lh
frame      = 0
fwhm-in    = 0
fwhm-out   = 0
label-src  = (null)
label-trg  = (null)
OKToRevFaceOrder  = 1
Reading source surface reg /space/birn/45/users/BWH/buckner_data/group_study/017/surf/lh.sphere.reg
Loading source data
Reading surface file /space/birn/45/users/BWH/buckner_data/group_study/017/surf/lh.pial
Reading target surface reg /space/birn/45/users/BWH/buckner_data/group_study/fsaverage4/surf/lh.sphere.reg
Done
Mapping Source Volume onto Source Subject Surface with Jacobian Correction
surf2surf_nnfr: building source hash (res=16).
Surf2Surf: 1st Forward Loop (2562)

surf2surf_nnfr: building target hash (res=16).
Surf2Surf: Reverse Loop (149262)
Reverse Loop had 146700 hits
INFO: nSrcLost = 0
nTrg121 =     0, nTrgMulti =  2562, MnTrgMultiHits = 58.26
nSrc121 = 149262, nSrcLost =     0, nSrcMulti =     0, MnSrcMultiHits = 0
Saving target data
Saving to ./tmp.mris_preproc.16685/017.3.mgh



---------------------------------------------------
#@# 4/40 021 Tue Sep 22 17:33:56 EDT 2009 --------------
-----------------------
mri_surf2surf --srcsubject 021 --srchemi lh --srcsurfreg sphere.reg --trgsubject fsaverage4 --trghemi lh --trgsurfreg sphere.reg --tval ./tmp.mris_preproc.16685/021.4.mgh --sval-area pial --jac --noreshape --no-cortex
Source registration surface changed to sphere.reg
Target registration surface changed to sphere.reg
srcsubject = 021
srcval     = (null)
srctype    = 
trgsubject = fsaverage4
trgval     = ./tmp.mris_preproc.16685/021.4.mgh
trgtype    = 
srcsurfreg = sphere.reg
trgsurfreg = sphere.reg
srchemi    = lh
trghemi    = lh
frame      = 0
fwhm-in    = 0
fwhm-out   = 0
label-src  = (null)
label-trg  = (null)
OKToRevFaceOrder  = 1
Reading source surface reg /space/birn/45/users/BWH/buckner_data/group_study/021/surf/lh.sphere.reg
Loading source data
Reading surface file /space/birn/45/users/BWH/buckner_data/group_study/021/surf/lh.pial
Reading target surface reg /space/birn/45/users/BWH/buckner_data/group_study/fsaverage4/surf/lh.sphere.reg
Done
Mapping Source Volume onto Source Subject Surface with Jacobian Correction
surf2surf_nnfr: building source hash (res=16).
Surf2Surf: 1st Forward Loop (2562)

surf2surf_nnfr: building target hash (res=16).
Surf2Surf: Reverse Loop (146816)
Reverse Loop had 144254 hits
INFO: nSrcLost = 0
nTrg121 =     0, nTrgMulti =  2562, MnTrgMultiHits = 57.3052
nSrc121 = 146816, nSrcLost =     0, nSrcMulti =     0, MnSrcMultiHits = 0
Saving target data
Saving to ./tmp.mris_preproc.16685/021.4.mgh



---------------------------------------------------
#@# 5/40 032 Tue Sep 22 17:34:02 EDT 2009 --------------
-----------------------
mri_surf2surf --srcsubject 032 --srchemi lh --srcsurfreg sphere.reg --trgsubject fsaverage4 --trghemi lh --trgsurfreg sphere.reg --tval ./tmp.mris_preproc.16685/032.5.mgh --sval-area pial --jac --noreshape --no-cortex
Source registration surface changed to sphere.reg
Target registration surface changed to sphere.reg
srcsubject = 032
srcval     = (null)
srctype    = 
trgsubject = fsaverage4
trgval     = ./tmp.mris_preproc.16685/032.5.mgh
trgtype    = 
srcsurfreg = sphere.reg
trgsurfreg = sphere.reg
srchemi    = lh
trghemi    = lh
frame      = 0
fwhm-in    = 0
fwhm-out   = 0
label-src  = (null)
label-trg  = (null)
OKToRevFaceOrder  = 1
Reading source surface reg /space/birn/45/users/BWH/buckner_data/group_study/032/surf/lh.sphere.reg
Loading source data
Reading surface file /space/birn/45/users/BWH/buckner_data/group_study/032/surf/lh.pial
Reading target surface reg /space/birn/45/users/BWH/buckner_data/group_study/fsaverage4/surf/lh.sphere.reg
Done
Mapping Source Volume onto Source Subject Surface with Jacobian Correction
surf2surf_nnfr: building source hash (res=16).
Surf2Surf: 1st Forward Loop (2562)

surf2surf_nnfr: building target hash (res=16).
Surf2Surf: Reverse Loop (139697)
Reverse Loop had 137135 hits
INFO: nSrcLost = 0
nTrg121 =     0, nTrgMulti =  2562, MnTrgMultiHits = 54.5265
nSrc121 = 139697, nSrcLost =     0, nSrcMulti =     0, MnSrcMultiHits = 0
Saving target data
Saving to ./tmp.mris_preproc.16685/032.5.mgh



---------------------------------------------------
#@# 6/40 039 Tue Sep 22 17:34:07 EDT 2009 --------------
-----------------------
mri_surf2surf --srcsubject 039 --srchemi lh --srcsurfreg sphere.reg --trgsubject fsaverage4 --trghemi lh --trgsurfreg sphere.reg --tval ./tmp.mris_preproc.16685/039.6.mgh --sval-area pial --jac --noreshape --no-cortex
Source registration surface changed to sphere.reg
Target registration surface changed to sphere.reg
srcsubject = 039
srcval     = (null)
srctype    = 
trgsubject = fsaverage4
trgval     = ./tmp.mris_preproc.16685/039.6.mgh
trgtype    = 
srcsurfreg = sphere.reg
trgsurfreg = sphere.reg
srchemi    = lh
trghemi    = lh
frame      = 0
fwhm-in    = 0
fwhm-out   = 0
label-src  = (null)
label-trg  = (null)
OKToRevFaceOrder  = 1
Reading source surface reg /space/birn/45/users/BWH/buckner_data/group_study/039/surf/lh.sphere.reg
Loading source data
Reading surface file /space/birn/45/users/BWH/buckner_data/group_study/039/surf/lh.pial
Reading target surface reg /space/birn/45/users/BWH/buckner_data/group_study/fsaverage4/surf/lh.sphere.reg
Done
Mapping Source Volume onto Source Subject Surface with Jacobian Correction
surf2surf_nnfr: building source hash (res=16).
Surf2Surf: 1st Forward Loop (2562)

surf2surf_nnfr: building target hash (res=16).
Surf2Surf: Reverse Loop (116837)
Reverse Loop had 114275 hits
INFO: nSrcLost = 0
nTrg121 =     0, nTrgMulti =  2562, MnTrgMultiHits = 45.6038
nSrc121 = 116837, nSrcLost =     0, nSrcMulti =     0, MnSrcMultiHits = 0
Saving target data
Saving to ./tmp.mris_preproc.16685/039.6.mgh



---------------------------------------------------
#@# 7/40 040 Tue Sep 22 17:34:12 EDT 2009 --------------
-----------------------
mri_surf2surf --srcsubject 040 --srchemi lh --srcsurfreg sphere.reg --trgsubject fsaverage4 --trghemi lh --trgsurfreg sphere.reg --tval ./tmp.mris_preproc.16685/040.7.mgh --sval-area pial --jac --noreshape --no-cortex
Source registration surface changed to sphere.reg
Target registration surface changed to sphere.reg
srcsubject = 040
srcval     = (null)
srctype    = 
trgsubject = fsaverage4
trgval     = ./tmp.mris_preproc.16685/040.7.mgh
trgtype    = 
srcsurfreg = sphere.reg
trgsurfreg = sphere.reg
srchemi    = lh
trghemi    = lh
frame      = 0
fwhm-in    = 0
fwhm-out   = 0
label-src  = (null)
label-trg  = (null)
OKToRevFaceOrder  = 1
Reading source surface reg /space/birn/45/users/BWH/buckner_data/group_study/040/surf/lh.sphere.reg
Loading source data
Reading surface file /space/birn/45/users/BWH/buckner_data/group_study/040/surf/lh.pial
Reading target surface reg /space/birn/45/users/BWH/buckner_data/group_study/fsaverage4/surf/lh.sphere.reg
Done
Mapping Source Volume onto Source Subject Surface with Jacobian Correction
surf2surf_nnfr: building source hash (res=16).
Surf2Surf: 1st Forward Loop (2562)

surf2surf_nnfr: building target hash (res=16).
Surf2Surf: Reverse Loop (109337)
Reverse Loop had 106775 hits
INFO: nSrcLost = 0
nTrg121 =     0, nTrgMulti =  2562, MnTrgMultiHits = 42.6764
nSrc121 = 109337, nSrcLost =     0, nSrcMulti =     0, MnSrcMultiHits = 0
Saving target data
Saving to ./tmp.mris_preproc.16685/040.7.mgh



---------------------------------------------------
#@# 8/40 045 Tue Sep 22 17:34:17 EDT 2009 --------------
-----------------------
mri_surf2surf --srcsubject 045 --srchemi lh --srcsurfreg sphere.reg --trgsubject fsaverage4 --trghemi lh --trgsurfreg sphere.reg --tval ./tmp.mris_preproc.16685/045.8.mgh --sval-area pial --jac --noreshape --no-cortex
Source registration surface changed to sphere.reg
Target registration surface changed to sphere.reg
srcsubject = 045
srcval     = (null)
srctype    = 
trgsubject = fsaverage4
trgval     = ./tmp.mris_preproc.16685/045.8.mgh
trgtype    = 
srcsurfreg = sphere.reg
trgsurfreg = sphere.reg
srchemi    = lh
trghemi    = lh
frame      = 0
fwhm-in    = 0
fwhm-out   = 0
label-src  = (null)
label-trg  = (null)
OKToRevFaceOrder  = 1
Reading source surface reg /space/birn/45/users/BWH/buckner_data/group_study/045/surf/lh.sphere.reg
Loading source data
Reading surface file /space/birn/45/users/BWH/buckner_data/group_study/045/surf/lh.pial
Reading target surface reg /space/birn/45/users/BWH/buckner_data/group_study/fsaverage4/surf/lh.sphere.reg
Done
Mapping Source Volume onto Source Subject Surface with Jacobian Correction
surf2surf_nnfr: building source hash (res=16).
Surf2Surf: 1st Forward Loop (2562)

surf2surf_nnfr: building target hash (res=16).
Surf2Surf: Reverse Loop (108532)
Reverse Loop had 105970 hits
INFO: nSrcLost = 0
nTrg121 =     0, nTrgMulti =  2562, MnTrgMultiHits = 42.3622
nSrc121 = 108532, nSrcLost =     0, nSrcMulti =     0, MnSrcMultiHits = 0
Saving target data
Saving to ./tmp.mris_preproc.16685/045.8.mgh



---------------------------------------------------
#@# 9/40 049 Tue Sep 22 17:34:22 EDT 2009 --------------
-----------------------
mri_surf2surf --srcsubject 049 --srchemi lh --srcsurfreg sphere.reg --trgsubject fsaverage4 --trghemi lh --trgsurfreg sphere.reg --tval ./tmp.mris_preproc.16685/049.9.mgh --sval-area pial --jac --noreshape --no-cortex
Source registration surface changed to sphere.reg
Target registration surface changed to sphere.reg
srcsubject = 049
srcval     = (null)
srctype    = 
trgsubject = fsaverage4
trgval     = ./tmp.mris_preproc.16685/049.9.mgh
trgtype    = 
srcsurfreg = sphere.reg
trgsurfreg = sphere.reg
srchemi    = lh
trghemi    = lh
frame      = 0
fwhm-in    = 0
fwhm-out   = 0
label-src  = (null)
label-trg  = (null)
OKToRevFaceOrder  = 1
Reading source surface reg /space/birn/45/users/BWH/buckner_data/group_study/049/surf/lh.sphere.reg
Loading source data
Reading surface file /space/birn/45/users/BWH/buckner_data/group_study/049/surf/lh.pial
Reading target surface reg /space/birn/45/users/BWH/buckner_data/group_study/fsaverage4/surf/lh.sphere.reg
Done
Mapping Source Volume onto Source Subject Surface with Jacobian Correction
surf2surf_nnfr: building source hash (res=16).
Surf2Surf: 1st Forward Loop (2562)

surf2surf_nnfr: building target hash (res=16).
Surf2Surf: Reverse Loop (145922)
Reverse Loop had 143360 hits
INFO: nSrcLost = 0
nTrg121 =     0, nTrgMulti =  2562, MnTrgMultiHits = 56.9563
nSrc121 = 145922, nSrcLost =     0, nSrcMulti =     0, MnSrcMultiHits = 0
Saving target data
Saving to ./tmp.mris_preproc.16685/049.9.mgh



---------------------------------------------------
#@# 10/40 067 Tue Sep 22 17:34:28 EDT 2009 --------------
-----------------------
mri_surf2surf --srcsubject 067 --srchemi lh --srcsurfreg sphere.reg --trgsubject fsaverage4 --trghemi lh --trgsurfreg sphere.reg --tval ./tmp.mris_preproc.16685/067.10.mgh --sval-area pial --jac --noreshape --no-cortex
Source registration surface changed to sphere.reg
Target registration surface changed to sphere.reg
srcsubject = 067
srcval     = (null)
srctype    = 
trgsubject = fsaverage4
trgval     = ./tmp.mris_preproc.16685/067.10.mgh
trgtype    = 
srcsurfreg = sphere.reg
trgsurfreg = sphere.reg
srchemi    = lh
trghemi    = lh
frame      = 0
fwhm-in    = 0
fwhm-out   = 0
label-src  = (null)
label-trg  = (null)
OKToRevFaceOrder  = 1
Reading source surface reg /space/birn/45/users/BWH/buckner_data/group_study/067/surf/lh.sphere.reg
Loading source data
Reading surface file /space/birn/45/users/BWH/buckner_data/group_study/067/surf/lh.pial
Reading target surface reg /space/birn/45/users/BWH/buckner_data/group_study/fsaverage4/surf/lh.sphere.reg
Done
Mapping Source Volume onto Source Subject Surface with Jacobian Correction
surf2surf_nnfr: building source hash (res=16).
Surf2Surf: 1st Forward Loop (2562)

surf2surf_nnfr: building target hash (res=16).
Surf2Surf: Reverse Loop (137112)
Reverse Loop had 134550 hits
INFO: nSrcLost = 0
nTrg121 =     0, nTrgMulti =  2562, MnTrgMultiHits = 53.5176
nSrc121 = 137112, nSrcLost =     0, nSrcMulti =     0, MnSrcMultiHits = 0
Saving target data
Saving to ./tmp.mris_preproc.16685/067.10.mgh



---------------------------------------------------
#@# 11/40 073 Tue Sep 22 17:34:34 EDT 2009 --------------
-----------------------
mri_surf2surf --srcsubject 073 --srchemi lh --srcsurfreg sphere.reg --trgsubject fsaverage4 --trghemi lh --trgsurfreg sphere.reg --tval ./tmp.mris_preproc.16685/073.11.mgh --sval-area pial --jac --noreshape --no-cortex
Source registration surface changed to sphere.reg
Target registration surface changed to sphere.reg
srcsubject = 073
srcval     = (null)
srctype    = 
trgsubject = fsaverage4
trgval     = ./tmp.mris_preproc.16685/073.11.mgh
trgtype    = 
srcsurfreg = sphere.reg
trgsurfreg = sphere.reg
srchemi    = lh
trghemi    = lh
frame      = 0
fwhm-in    = 0
fwhm-out   = 0
label-src  = (null)
label-trg  = (null)
OKToRevFaceOrder  = 1
Reading source surface reg /space/birn/45/users/BWH/buckner_data/group_study/073/surf/lh.sphere.reg
Loading source data
Reading surface file /space/birn/45/users/BWH/buckner_data/group_study/073/surf/lh.pial
Reading target surface reg /space/birn/45/users/BWH/buckner_data/group_study/fsaverage4/surf/lh.sphere.reg
Done
Mapping Source Volume onto Source Subject Surface with Jacobian Correction
surf2surf_nnfr: building source hash (res=16).
Surf2Surf: 1st Forward Loop (2562)

surf2surf_nnfr: building target hash (res=16).
Surf2Surf: Reverse Loop (165043)
Reverse Loop had 162481 hits
INFO: nSrcLost = 0
nTrg121 =     0, nTrgMulti =  2562, MnTrgMultiHits = 64.4196
nSrc121 = 165043, nSrcLost =     0, nSrcMulti =     0, MnSrcMultiHits = 0
Saving target data
Saving to ./tmp.mris_preproc.16685/073.11.mgh



---------------------------------------------------
#@# 12/40 074 Tue Sep 22 17:34:40 EDT 2009 --------------
-----------------------
mri_surf2surf --srcsubject 074 --srchemi lh --srcsurfreg sphere.reg --trgsubject fsaverage4 --trghemi lh --trgsurfreg sphere.reg --tval ./tmp.mris_preproc.16685/074.12.mgh --sval-area pial --jac --noreshape --no-cortex
Source registration surface changed to sphere.reg
Target registration surface changed to sphere.reg
srcsubject = 074
srcval     = (null)
srctype    = 
trgsubject = fsaverage4
trgval     = ./tmp.mris_preproc.16685/074.12.mgh
trgtype    = 
srcsurfreg = sphere.reg
trgsurfreg = sphere.reg
srchemi    = lh
trghemi    = lh
frame      = 0
fwhm-in    = 0
fwhm-out   = 0
label-src  = (null)
label-trg  = (null)
OKToRevFaceOrder  = 1
Reading source surface reg /space/birn/45/users/BWH/buckner_data/group_study/074/surf/lh.sphere.reg
Loading source data
Reading surface file /space/birn/45/users/BWH/buckner_data/group_study/074/surf/lh.pial
Reading target surface reg /space/birn/45/users/BWH/buckner_data/group_study/fsaverage4/surf/lh.sphere.reg
Done
Mapping Source Volume onto Source Subject Surface with Jacobian Correction
surf2surf_nnfr: building source hash (res=16).
Surf2Surf: 1st Forward Loop (2562)

surf2surf_nnfr: building target hash (res=16).
Surf2Surf: Reverse Loop (115457)
Reverse Loop had 112895 hits
INFO: nSrcLost = 0
nTrg121 =     0, nTrgMulti =  2562, MnTrgMultiHits = 45.0652
nSrc121 = 115457, nSrcLost =     0, nSrcMulti =     0, MnSrcMultiHits = 0
Saving target data
Saving to ./tmp.mris_preproc.16685/074.12.mgh



---------------------------------------------------
#@# 13/40 080 Tue Sep 22 17:34:45 EDT 2009 --------------
-----------------------
mri_surf2surf --srcsubject 080 --srchemi lh --srcsurfreg sphere.reg --trgsubject fsaverage4 --trghemi lh --trgsurfreg sphere.reg --tval ./tmp.mris_preproc.16685/080.13.mgh --sval-area pial --jac --noreshape --no-cortex
Source registration surface changed to sphere.reg
Target registration surface changed to sphere.reg
srcsubject = 080
srcval     = (null)
srctype    = 
trgsubject = fsaverage4
trgval     = ./tmp.mris_preproc.16685/080.13.mgh
trgtype    = 
srcsurfreg = sphere.reg
trgsurfreg = sphere.reg
srchemi    = lh
trghemi    = lh
frame      = 0
fwhm-in    = 0
fwhm-out   = 0
label-src  = (null)
label-trg  = (null)
OKToRevFaceOrder  = 1
Reading source surface reg /space/birn/45/users/BWH/buckner_data/group_study/080/surf/lh.sphere.reg
Loading source data
Reading surface file /space/birn/45/users/BWH/buckner_data/group_study/080/surf/lh.pial
Reading target surface reg /space/birn/45/users/BWH/buckner_data/group_study/fsaverage4/surf/lh.sphere.reg
Done
Mapping Source Volume onto Source Subject Surface with Jacobian Correction
surf2surf_nnfr: building source hash (res=16).
Surf2Surf: 1st Forward Loop (2562)

surf2surf_nnfr: building target hash (res=16).
Surf2Surf: Reverse Loop (153617)
Reverse Loop had 151055 hits
INFO: nSrcLost = 0
nTrg121 =     0, nTrgMulti =  2562, MnTrgMultiHits = 59.9598
nSrc121 = 153617, nSrcLost =     0, nSrcMulti =     0, MnSrcMultiHits = 0
Saving target data
Saving to ./tmp.mris_preproc.16685/080.13.mgh



---------------------------------------------------
#@# 14/40 084 Tue Sep 22 17:34:51 EDT 2009 --------------
-----------------------
mri_surf2surf --srcsubject 084 --srchemi lh --srcsurfreg sphere.reg --trgsubject fsaverage4 --trghemi lh --trgsurfreg sphere.reg --tval ./tmp.mris_preproc.16685/084.14.mgh --sval-area pial --jac --noreshape --no-cortex
Source registration surface changed to sphere.reg
Target registration surface changed to sphere.reg
srcsubject = 084
srcval     = (null)
srctype    = 
trgsubject = fsaverage4
trgval     = ./tmp.mris_preproc.16685/084.14.mgh
trgtype    = 
srcsurfreg = sphere.reg
trgsurfreg = sphere.reg
srchemi    = lh
trghemi    = lh
frame      = 0
fwhm-in    = 0
fwhm-out   = 0
label-src  = (null)
label-trg  = (null)
OKToRevFaceOrder  = 1
Reading source surface reg /space/birn/45/users/BWH/buckner_data/group_study/084/surf/lh.sphere.reg
Loading source data
Reading surface file /space/birn/45/users/BWH/buckner_data/group_study/084/surf/lh.pial
Reading target surface reg /space/birn/45/users/BWH/buckner_data/group_study/fsaverage4/surf/lh.sphere.reg
Done
Mapping Source Volume onto Source Subject Surface with Jacobian Correction
surf2surf_nnfr: building source hash (res=16).
Surf2Surf: 1st Forward Loop (2562)

surf2surf_nnfr: building target hash (res=16).
Surf2Surf: Reverse Loop (134673)
Reverse Loop had 132111 hits
INFO: nSrcLost = 0
nTrg121 =     0, nTrgMulti =  2562, MnTrgMultiHits = 52.5656
nSrc121 = 134673, nSrcLost =     0, nSrcMulti =     0, MnSrcMultiHits = 0
Saving target data
Saving to ./tmp.mris_preproc.16685/084.14.mgh



---------------------------------------------------
#@# 15/40 091 Tue Sep 22 17:34:57 EDT 2009 --------------
-----------------------
mri_surf2surf --srcsubject 091 --srchemi lh --srcsurfreg sphere.reg --trgsubject fsaverage4 --trghemi lh --trgsurfreg sphere.reg --tval ./tmp.mris_preproc.16685/091.15.mgh --sval-area pial --jac --noreshape --no-cortex
Source registration surface changed to sphere.reg
Target registration surface changed to sphere.reg
srcsubject = 091
srcval     = (null)
srctype    = 
trgsubject = fsaverage4
trgval     = ./tmp.mris_preproc.16685/091.15.mgh
trgtype    = 
srcsurfreg = sphere.reg
trgsurfreg = sphere.reg
srchemi    = lh
trghemi    = lh
frame      = 0
fwhm-in    = 0
fwhm-out   = 0
label-src  = (null)
label-trg  = (null)
OKToRevFaceOrder  = 1
Reading source surface reg /space/birn/45/users/BWH/buckner_data/group_study/091/surf/lh.sphere.reg
Loading source data
Reading surface file /space/birn/45/users/BWH/buckner_data/group_study/091/surf/lh.pial
Reading target surface reg /space/birn/45/users/BWH/buckner_data/group_study/fsaverage4/surf/lh.sphere.reg
Done
Mapping Source Volume onto Source Subject Surface with Jacobian Correction
surf2surf_nnfr: building source hash (res=16).
Surf2Surf: 1st Forward Loop (2562)

surf2surf_nnfr: building target hash (res=16).
Surf2Surf: Reverse Loop (130607)
Reverse Loop had 128045 hits
INFO: nSrcLost = 0
nTrg121 =     0, nTrgMulti =  2562, MnTrgMultiHits = 50.9785
nSrc121 = 130607, nSrcLost =     0, nSrcMulti =     0, MnSrcMultiHits = 0
Saving target data
Saving to ./tmp.mris_preproc.16685/091.15.mgh



---------------------------------------------------
#@# 16/40 092 Tue Sep 22 17:35:02 EDT 2009 --------------
-----------------------
mri_surf2surf --srcsubject 092 --srchemi lh --srcsurfreg sphere.reg --trgsubject fsaverage4 --trghemi lh --trgsurfreg sphere.reg --tval ./tmp.mris_preproc.16685/092.16.mgh --sval-area pial --jac --noreshape --no-cortex
Source registration surface changed to sphere.reg
Target registration surface changed to sphere.reg
srcsubject = 092
srcval     = (null)
srctype    = 
trgsubject = fsaverage4
trgval     = ./tmp.mris_preproc.16685/092.16.mgh
trgtype    = 
srcsurfreg = sphere.reg
trgsurfreg = sphere.reg
srchemi    = lh
trghemi    = lh
frame      = 0
fwhm-in    = 0
fwhm-out   = 0
label-src  = (null)
label-trg  = (null)
OKToRevFaceOrder  = 1
Reading source surface reg /space/birn/45/users/BWH/buckner_data/group_study/092/surf/lh.sphere.reg
Loading source data
Reading surface file /space/birn/45/users/BWH/buckner_data/group_study/092/surf/lh.pial
Reading target surface reg /space/birn/45/users/BWH/buckner_data/group_study/fsaverage4/surf/lh.sphere.reg
Done
Mapping Source Volume onto Source Subject Surface with Jacobian Correction
surf2surf_nnfr: building source hash (res=16).
Surf2Surf: 1st Forward Loop (2562)

surf2surf_nnfr: building target hash (res=16).
Surf2Surf: Reverse Loop (141478)
Reverse Loop had 138916 hits
INFO: nSrcLost = 0
nTrg121 =     0, nTrgMulti =  2562, MnTrgMultiHits = 55.2217
nSrc121 = 141478, nSrcLost =     0, nSrcMulti =     0, MnSrcMultiHits = 0
Saving target data
Saving to ./tmp.mris_preproc.16685/092.16.mgh



---------------------------------------------------
#@# 17/40 093 Tue Sep 22 17:35:08 EDT 2009 --------------
-----------------------
mri_surf2surf --srcsubject 093 --srchemi lh --srcsurfreg sphere.reg --trgsubject fsaverage4 --trghemi lh --trgsurfreg sphere.reg --tval ./tmp.mris_preproc.16685/093.17.mgh --sval-area pial --jac --noreshape --no-cortex
Source registration surface changed to sphere.reg
Target registration surface changed to sphere.reg
srcsubject = 093
srcval     = (null)
srctype    = 
trgsubject = fsaverage4
trgval     = ./tmp.mris_preproc.16685/093.17.mgh
trgtype    = 
srcsurfreg = sphere.reg
trgsurfreg = sphere.reg
srchemi    = lh
trghemi    = lh
frame      = 0
fwhm-in    = 0
fwhm-out   = 0
label-src  = (null)
label-trg  = (null)
OKToRevFaceOrder  = 1
Reading source surface reg /space/birn/45/users/BWH/buckner_data/group_study/093/surf/lh.sphere.reg
Loading source data
Reading surface file /space/birn/45/users/BWH/buckner_data/group_study/093/surf/lh.pial
Reading target surface reg /space/birn/45/users/BWH/buckner_data/group_study/fsaverage4/surf/lh.sphere.reg
Done
Mapping Source Volume onto Source Subject Surface with Jacobian Correction
surf2surf_nnfr: building source hash (res=16).
Surf2Surf: 1st Forward Loop (2562)

surf2surf_nnfr: building target hash (res=16).
Surf2Surf: Reverse Loop (135842)
Reverse Loop had 133280 hits
INFO: nSrcLost = 0
nTrg121 =     0, nTrgMulti =  2562, MnTrgMultiHits = 53.0219
nSrc121 = 135842, nSrcLost =     0, nSrcMulti =     0, MnSrcMultiHits = 0
Saving target data
Saving to ./tmp.mris_preproc.16685/093.17.mgh



---------------------------------------------------
#@# 18/40 095 Tue Sep 22 17:35:14 EDT 2009 --------------
-----------------------
mri_surf2surf --srcsubject 095 --srchemi lh --srcsurfreg sphere.reg --trgsubject fsaverage4 --trghemi lh --trgsurfreg sphere.reg --tval ./tmp.mris_preproc.16685/095.18.mgh --sval-area pial --jac --noreshape --no-cortex
Source registration surface changed to sphere.reg
Target registration surface changed to sphere.reg
srcsubject = 095
srcval     = (null)
srctype    = 
trgsubject = fsaverage4
trgval     = ./tmp.mris_preproc.16685/095.18.mgh
trgtype    = 
srcsurfreg = sphere.reg
trgsurfreg = sphere.reg
srchemi    = lh
trghemi    = lh
frame      = 0
fwhm-in    = 0
fwhm-out   = 0
label-src  = (null)
label-trg  = (null)
OKToRevFaceOrder  = 1
Reading source surface reg /space/birn/45/users/BWH/buckner_data/group_study/095/surf/lh.sphere.reg
Loading source data
Reading surface file /space/birn/45/users/BWH/buckner_data/group_study/095/surf/lh.pial
Reading target surface reg /space/birn/45/users/BWH/buckner_data/group_study/fsaverage4/surf/lh.sphere.reg
Done
Mapping Source Volume onto Source Subject Surface with Jacobian Correction
surf2surf_nnfr: building source hash (res=16).
Surf2Surf: 1st Forward Loop (2562)

surf2surf_nnfr: building target hash (res=16).
Surf2Surf: Reverse Loop (112289)
Reverse Loop had 109727 hits
INFO: nSrcLost = 0
nTrg121 =     0, nTrgMulti =  2562, MnTrgMultiHits = 43.8286
nSrc121 = 112289, nSrcLost =     0, nSrcMulti =     0, MnSrcMultiHits = 0
Saving target data
Saving to ./tmp.mris_preproc.16685/095.18.mgh



---------------------------------------------------
#@# 19/40 097 Tue Sep 22 17:35:19 EDT 2009 --------------
-----------------------
mri_surf2surf --srcsubject 097 --srchemi lh --srcsurfreg sphere.reg --trgsubject fsaverage4 --trghemi lh --trgsurfreg sphere.reg --tval ./tmp.mris_preproc.16685/097.19.mgh --sval-area pial --jac --noreshape --no-cortex
Source registration surface changed to sphere.reg
Target registration surface changed to sphere.reg
srcsubject = 097
srcval     = (null)
srctype    = 
trgsubject = fsaverage4
trgval     = ./tmp.mris_preproc.16685/097.19.mgh
trgtype    = 
srcsurfreg = sphere.reg
trgsurfreg = sphere.reg
srchemi    = lh
trghemi    = lh
frame      = 0
fwhm-in    = 0
fwhm-out   = 0
label-src  = (null)
label-trg  = (null)
OKToRevFaceOrder  = 1
Reading source surface reg /space/birn/45/users/BWH/buckner_data/group_study/097/surf/lh.sphere.reg
Loading source data
Reading surface file /space/birn/45/users/BWH/buckner_data/group_study/097/surf/lh.pial
Reading target surface reg /space/birn/45/users/BWH/buckner_data/group_study/fsaverage4/surf/lh.sphere.reg
Done
Mapping Source Volume onto Source Subject Surface with Jacobian Correction
surf2surf_nnfr: building source hash (res=16).
Surf2Surf: 1st Forward Loop (2562)

surf2surf_nnfr: building target hash (res=16).
Surf2Surf: Reverse Loop (126479)
Reverse Loop had 123917 hits
INFO: nSrcLost = 0
nTrg121 =     0, nTrgMulti =  2562, MnTrgMultiHits = 49.3673
nSrc121 = 126479, nSrcLost =     0, nSrcMulti =     0, MnSrcMultiHits = 0
Saving target data
Saving to ./tmp.mris_preproc.16685/097.19.mgh



---------------------------------------------------
#@# 20/40 099 Tue Sep 22 17:35:24 EDT 2009 --------------
-----------------------
mri_surf2surf --srcsubject 099 --srchemi lh --srcsurfreg sphere.reg --trgsubject fsaverage4 --trghemi lh --trgsurfreg sphere.reg --tval ./tmp.mris_preproc.16685/099.20.mgh --sval-area pial --jac --noreshape --no-cortex
Source registration surface changed to sphere.reg
Target registration surface changed to sphere.reg
srcsubject = 099
srcval     = (null)
srctype    = 
trgsubject = fsaverage4
trgval     = ./tmp.mris_preproc.16685/099.20.mgh
trgtype    = 
srcsurfreg = sphere.reg
trgsurfreg = sphere.reg
srchemi    = lh
trghemi    = lh
frame      = 0
fwhm-in    = 0
fwhm-out   = 0
label-src  = (null)
label-trg  = (null)
OKToRevFaceOrder  = 1
Reading source surface reg /space/birn/45/users/BWH/buckner_data/group_study/099/surf/lh.sphere.reg
Loading source data
Reading surface file /space/birn/45/users/BWH/buckner_data/group_study/099/surf/lh.pial
Reading target surface reg /space/birn/45/users/BWH/buckner_data/group_study/fsaverage4/surf/lh.sphere.reg
Done
Mapping Source Volume onto Source Subject Surface with Jacobian Correction
surf2surf_nnfr: building source hash (res=16).
Surf2Surf: 1st Forward Loop (2562)

surf2surf_nnfr: building target hash (res=16).
Surf2Surf: Reverse Loop (109490)
Reverse Loop had 106928 hits
INFO: nSrcLost = 0
nTrg121 =     0, nTrgMulti =  2562, MnTrgMultiHits = 42.7361
nSrc121 = 109490, nSrcLost =     0, nSrcMulti =     0, MnSrcMultiHits = 0
Saving target data
Saving to ./tmp.mris_preproc.16685/099.20.mgh



---------------------------------------------------
#@# 21/40 102 Tue Sep 22 17:35:29 EDT 2009 --------------
-----------------------
mri_surf2surf --srcsubject 102 --srchemi lh --srcsurfreg sphere.reg --trgsubject fsaverage4 --trghemi lh --trgsurfreg sphere.reg --tval ./tmp.mris_preproc.16685/102.21.mgh --sval-area pial --jac --noreshape --no-cortex
Source registration surface changed to sphere.reg
Target registration surface changed to sphere.reg
srcsubject = 102
srcval     = (null)
srctype    = 
trgsubject = fsaverage4
trgval     = ./tmp.mris_preproc.16685/102.21.mgh
trgtype    = 
srcsurfreg = sphere.reg
trgsurfreg = sphere.reg
srchemi    = lh
trghemi    = lh
frame      = 0
fwhm-in    = 0
fwhm-out   = 0
label-src  = (null)
label-trg  = (null)
OKToRevFaceOrder  = 1
Reading source surface reg /space/birn/45/users/BWH/buckner_data/group_study/102/surf/lh.sphere.reg
Loading source data
Reading surface file /space/birn/45/users/BWH/buckner_data/group_study/102/surf/lh.pial
Reading target surface reg /space/birn/45/users/BWH/buckner_data/group_study/fsaverage4/surf/lh.sphere.reg
Done
Mapping Source Volume onto Source Subject Surface with Jacobian Correction
surf2surf_nnfr: building source hash (res=16).
Surf2Surf: 1st Forward Loop (2562)

surf2surf_nnfr: building target hash (res=16).
Surf2Surf: Reverse Loop (134152)
Reverse Loop had 131590 hits
INFO: nSrcLost = 0
nTrg121 =     0, nTrgMulti =  2562, MnTrgMultiHits = 52.3622
nSrc121 = 134152, nSrcLost =     0, nSrcMulti =     0, MnSrcMultiHits = 0
Saving target data
Saving to ./tmp.mris_preproc.16685/102.21.mgh



---------------------------------------------------
#@# 22/40 103 Tue Sep 22 17:35:34 EDT 2009 --------------
-----------------------
mri_surf2surf --srcsubject 103 --srchemi lh --srcsurfreg sphere.reg --trgsubject fsaverage4 --trghemi lh --trgsurfreg sphere.reg --tval ./tmp.mris_preproc.16685/103.22.mgh --sval-area pial --jac --noreshape --no-cortex
Source registration surface changed to sphere.reg
Target registration surface changed to sphere.reg
srcsubject = 103
srcval     = (null)
srctype    = 
trgsubject = fsaverage4
trgval     = ./tmp.mris_preproc.16685/103.22.mgh
trgtype    = 
srcsurfreg = sphere.reg
trgsurfreg = sphere.reg
srchemi    = lh
trghemi    = lh
frame      = 0
fwhm-in    = 0
fwhm-out   = 0
label-src  = (null)
label-trg  = (null)
OKToRevFaceOrder  = 1
Reading source surface reg /space/birn/45/users/BWH/buckner_data/group_study/103/surf/lh.sphere.reg
Loading source data
Reading surface file /space/birn/45/users/BWH/buckner_data/group_study/103/surf/lh.pial
Reading target surface reg /space/birn/45/users/BWH/buckner_data/group_study/fsaverage4/surf/lh.sphere.reg
Done
Mapping Source Volume onto Source Subject Surface with Jacobian Correction
surf2surf_nnfr: building source hash (res=16).
Surf2Surf: 1st Forward Loop (2562)

surf2surf_nnfr: building target hash (res=16).
Surf2Surf: Reverse Loop (124217)
Reverse Loop had 121655 hits
INFO: nSrcLost = 0
nTrg121 =     0, nTrgMulti =  2562, MnTrgMultiHits = 48.4844
nSrc121 = 124217, nSrcLost =     0, nSrcMulti =     0, MnSrcMultiHits = 0
Saving target data
Saving to ./tmp.mris_preproc.16685/103.22.mgh



---------------------------------------------------
#@# 23/40 106 Tue Sep 22 17:35:40 EDT 2009 --------------
-----------------------
mri_surf2surf --srcsubject 106 --srchemi lh --srcsurfreg sphere.reg --trgsubject fsaverage4 --trghemi lh --trgsurfreg sphere.reg --tval ./tmp.mris_preproc.16685/106.23.mgh --sval-area pial --jac --noreshape --no-cortex
Source registration surface changed to sphere.reg
Target registration surface changed to sphere.reg
srcsubject = 106
srcval     = (null)
srctype    = 
trgsubject = fsaverage4
trgval     = ./tmp.mris_preproc.16685/106.23.mgh
trgtype    = 
srcsurfreg = sphere.reg
trgsurfreg = sphere.reg
srchemi    = lh
trghemi    = lh
frame      = 0
fwhm-in    = 0
fwhm-out   = 0
label-src  = (null)
label-trg  = (null)
OKToRevFaceOrder  = 1
Reading source surface reg /space/birn/45/users/BWH/buckner_data/group_study/106/surf/lh.sphere.reg
Loading source data
Reading surface file /space/birn/45/users/BWH/buckner_data/group_study/106/surf/lh.pial
Reading target surface reg /space/birn/45/users/BWH/buckner_data/group_study/fsaverage4/surf/lh.sphere.reg
Done
Mapping Source Volume onto Source Subject Surface with Jacobian Correction
surf2surf_nnfr: building source hash (res=16).
Surf2Surf: 1st Forward Loop (2562)

surf2surf_nnfr: building target hash (res=16).
Surf2Surf: Reverse Loop (121105)
Reverse Loop had 118543 hits
INFO: nSrcLost = 0
nTrg121 =     0, nTrgMulti =  2562, MnTrgMultiHits = 47.2697
nSrc121 = 121105, nSrcLost =     0, nSrcMulti =     0, MnSrcMultiHits = 0
Saving target data
Saving to ./tmp.mris_preproc.16685/106.23.mgh



---------------------------------------------------
#@# 24/40 108 Tue Sep 22 17:35:45 EDT 2009 --------------
-----------------------
mri_surf2surf --srcsubject 108 --srchemi lh --srcsurfreg sphere.reg --trgsubject fsaverage4 --trghemi lh --trgsurfreg sphere.reg --tval ./tmp.mris_preproc.16685/108.24.mgh --sval-area pial --jac --noreshape --no-cortex
Source registration surface changed to sphere.reg
Target registration surface changed to sphere.reg
srcsubject = 108
srcval     = (null)
srctype    = 
trgsubject = fsaverage4
trgval     = ./tmp.mris_preproc.16685/108.24.mgh
trgtype    = 
srcsurfreg = sphere.reg
trgsurfreg = sphere.reg
srchemi    = lh
trghemi    = lh
frame      = 0
fwhm-in    = 0
fwhm-out   = 0
label-src  = (null)
label-trg  = (null)
OKToRevFaceOrder  = 1
Reading source surface reg /space/birn/45/users/BWH/buckner_data/group_study/108/surf/lh.sphere.reg
Loading source data
Reading surface file /space/birn/45/users/BWH/buckner_data/group_study/108/surf/lh.pial
Reading target surface reg /space/birn/45/users/BWH/buckner_data/group_study/fsaverage4/surf/lh.sphere.reg
Done
Mapping Source Volume onto Source Subject Surface with Jacobian Correction
surf2surf_nnfr: building source hash (res=16).
Surf2Surf: 1st Forward Loop (2562)

surf2surf_nnfr: building target hash (res=16).
Surf2Surf: Reverse Loop (140678)
Reverse Loop had 138116 hits
INFO: nSrcLost = 0
nTrg121 =     0, nTrgMulti =  2562, MnTrgMultiHits = 54.9094
nSrc121 = 140678, nSrcLost =     0, nSrcMulti =     0, MnSrcMultiHits = 0
Saving target data
Saving to ./tmp.mris_preproc.16685/108.24.mgh



---------------------------------------------------
#@# 25/40 111 Tue Sep 22 17:35:51 EDT 2009 --------------
-----------------------
mri_surf2surf --srcsubject 111 --srchemi lh --srcsurfreg sphere.reg --trgsubject fsaverage4 --trghemi lh --trgsurfreg sphere.reg --tval ./tmp.mris_preproc.16685/111.25.mgh --sval-area pial --jac --noreshape --no-cortex
Source registration surface changed to sphere.reg
Target registration surface changed to sphere.reg
srcsubject = 111
srcval     = (null)
srctype    = 
trgsubject = fsaverage4
trgval     = ./tmp.mris_preproc.16685/111.25.mgh
trgtype    = 
srcsurfreg = sphere.reg
trgsurfreg = sphere.reg
srchemi    = lh
trghemi    = lh
frame      = 0
fwhm-in    = 0
fwhm-out   = 0
label-src  = (null)
label-trg  = (null)
OKToRevFaceOrder  = 1
Reading source surface reg /space/birn/45/users/BWH/buckner_data/group_study/111/surf/lh.sphere.reg
Loading source data
Reading surface file /space/birn/45/users/BWH/buckner_data/group_study/111/surf/lh.pial
Reading target surface reg /space/birn/45/users/BWH/buckner_data/group_study/fsaverage4/surf/lh.sphere.reg
Done
Mapping Source Volume onto Source Subject Surface with Jacobian Correction
surf2surf_nnfr: building source hash (res=16).
Surf2Surf: 1st Forward Loop (2562)

surf2surf_nnfr: building target hash (res=16).
Surf2Surf: Reverse Loop (132727)
Reverse Loop had 130165 hits
INFO: nSrcLost = 0
nTrg121 =     0, nTrgMulti =  2562, MnTrgMultiHits = 51.806
nSrc121 = 132727, nSrcLost =     0, nSrcMulti =     0, MnSrcMultiHits = 0
Saving target data
Saving to ./tmp.mris_preproc.16685/111.25.mgh



---------------------------------------------------
#@# 26/40 114 Tue Sep 22 17:35:56 EDT 2009 --------------
-----------------------
mri_surf2surf --srcsubject 114 --srchemi lh --srcsurfreg sphere.reg --trgsubject fsaverage4 --trghemi lh --trgsurfreg sphere.reg --tval ./tmp.mris_preproc.16685/114.26.mgh --sval-area pial --jac --noreshape --no-cortex
Source registration surface changed to sphere.reg
Target registration surface changed to sphere.reg
srcsubject = 114
srcval     = (null)
srctype    = 
trgsubject = fsaverage4
trgval     = ./tmp.mris_preproc.16685/114.26.mgh
trgtype    = 
srcsurfreg = sphere.reg
trgsurfreg = sphere.reg
srchemi    = lh
trghemi    = lh
frame      = 0
fwhm-in    = 0
fwhm-out   = 0
label-src  = (null)
label-trg  = (null)
OKToRevFaceOrder  = 1
Reading source surface reg /space/birn/45/users/BWH/buckner_data/group_study/114/surf/lh.sphere.reg
Loading source data
Reading surface file /space/birn/45/users/BWH/buckner_data/group_study/114/surf/lh.pial
Reading target surface reg /space/birn/45/users/BWH/buckner_data/group_study/fsaverage4/surf/lh.sphere.reg
Done
Mapping Source Volume onto Source Subject Surface with Jacobian Correction
surf2surf_nnfr: building source hash (res=16).
Surf2Surf: 1st Forward Loop (2562)

surf2surf_nnfr: building target hash (res=16).
Surf2Surf: Reverse Loop (98503)
Reverse Loop had 95941 hits
INFO: nSrcLost = 0
nTrg121 =     0, nTrgMulti =  2562, MnTrgMultiHits = 38.4477
nSrc121 = 98503, nSrcLost =     0, nSrcMulti =     0, MnSrcMultiHits = 0
Saving target data
Saving to ./tmp.mris_preproc.16685/114.26.mgh



---------------------------------------------------
#@# 27/40 123 Tue Sep 22 17:36:01 EDT 2009 --------------
-----------------------
mri_surf2surf --srcsubject 123 --srchemi lh --srcsurfreg sphere.reg --trgsubject fsaverage4 --trghemi lh --trgsurfreg sphere.reg --tval ./tmp.mris_preproc.16685/123.27.mgh --sval-area pial --jac --noreshape --no-cortex
Source registration surface changed to sphere.reg
Target registration surface changed to sphere.reg
srcsubject = 123
srcval     = (null)
srctype    = 
trgsubject = fsaverage4
trgval     = ./tmp.mris_preproc.16685/123.27.mgh
trgtype    = 
srcsurfreg = sphere.reg
trgsurfreg = sphere.reg
srchemi    = lh
trghemi    = lh
frame      = 0
fwhm-in    = 0
fwhm-out   = 0
label-src  = (null)
label-trg  = (null)
OKToRevFaceOrder  = 1
Reading source surface reg /space/birn/45/users/BWH/buckner_data/group_study/123/surf/lh.sphere.reg
Loading source data
Reading surface file /space/birn/45/users/BWH/buckner_data/group_study/123/surf/lh.pial
Reading target surface reg /space/birn/45/users/BWH/buckner_data/group_study/fsaverage4/surf/lh.sphere.reg
Done
Mapping Source Volume onto Source Subject Surface with Jacobian Correction
surf2surf_nnfr: building source hash (res=16).
Surf2Surf: 1st Forward Loop (2562)

surf2surf_nnfr: building target hash (res=16).
Surf2Surf: Reverse Loop (128636)
Reverse Loop had 126074 hits
INFO: nSrcLost = 0
nTrg121 =     0, nTrgMulti =  2562, MnTrgMultiHits = 50.2092
nSrc121 = 128636, nSrcLost =     0, nSrcMulti =     0, MnSrcMultiHits = 0
Saving target data
Saving to ./tmp.mris_preproc.16685/123.27.mgh



---------------------------------------------------
#@# 28/40 124 Tue Sep 22 17:36:06 EDT 2009 --------------
-----------------------
mri_surf2surf --srcsubject 124 --srchemi lh --srcsurfreg sphere.reg --trgsubject fsaverage4 --trghemi lh --trgsurfreg sphere.reg --tval ./tmp.mris_preproc.16685/124.28.mgh --sval-area pial --jac --noreshape --no-cortex
Source registration surface changed to sphere.reg
Target registration surface changed to sphere.reg
srcsubject = 124
srcval     = (null)
srctype    = 
trgsubject = fsaverage4
trgval     = ./tmp.mris_preproc.16685/124.28.mgh
trgtype    = 
srcsurfreg = sphere.reg
trgsurfreg = sphere.reg
srchemi    = lh
trghemi    = lh
frame      = 0
fwhm-in    = 0
fwhm-out   = 0
label-src  = (null)
label-trg  = (null)
OKToRevFaceOrder  = 1
Reading source surface reg /space/birn/45/users/BWH/buckner_data/group_study/124/surf/lh.sphere.reg
Loading source data
Reading surface file /space/birn/45/users/BWH/buckner_data/group_study/124/surf/lh.pial
Reading target surface reg /space/birn/45/users/BWH/buckner_data/group_study/fsaverage4/surf/lh.sphere.reg
Done
Mapping Source Volume onto Source Subject Surface with Jacobian Correction
surf2surf_nnfr: building source hash (res=16).
Surf2Surf: 1st Forward Loop (2562)

surf2surf_nnfr: building target hash (res=16).
Surf2Surf: Reverse Loop (108533)
Reverse Loop had 105971 hits
INFO: nSrcLost = 0
nTrg121 =     0, nTrgMulti =  2562, MnTrgMultiHits = 42.3626
nSrc121 = 108533, nSrcLost =     0, nSrcMulti =     0, MnSrcMultiHits = 0
Saving target data
Saving to ./tmp.mris_preproc.16685/124.28.mgh



---------------------------------------------------
#@# 29/40 128 Tue Sep 22 17:36:11 EDT 2009 --------------
-----------------------
mri_surf2surf --srcsubject 128 --srchemi lh --srcsurfreg sphere.reg --trgsubject fsaverage4 --trghemi lh --trgsurfreg sphere.reg --tval ./tmp.mris_preproc.16685/128.29.mgh --sval-area pial --jac --noreshape --no-cortex
Source registration surface changed to sphere.reg
Target registration surface changed to sphere.reg
srcsubject = 128
srcval     = (null)
srctype    = 
trgsubject = fsaverage4
trgval     = ./tmp.mris_preproc.16685/128.29.mgh
trgtype    = 
srcsurfreg = sphere.reg
trgsurfreg = sphere.reg
srchemi    = lh
trghemi    = lh
frame      = 0
fwhm-in    = 0
fwhm-out   = 0
label-src  = (null)
label-trg  = (null)
OKToRevFaceOrder  = 1
Reading source surface reg /space/birn/45/users/BWH/buckner_data/group_study/128/surf/lh.sphere.reg
Loading source data
Reading surface file /space/birn/45/users/BWH/buckner_data/group_study/128/surf/lh.pial
Reading target surface reg /space/birn/45/users/BWH/buckner_data/group_study/fsaverage4/surf/lh.sphere.reg
Done
Mapping Source Volume onto Source Subject Surface with Jacobian Correction
surf2surf_nnfr: building source hash (res=16).
Surf2Surf: 1st Forward Loop (2562)

surf2surf_nnfr: building target hash (res=16).
Surf2Surf: Reverse Loop (106672)
Reverse Loop had 104110 hits
INFO: nSrcLost = 0
nTrg121 =     0, nTrgMulti =  2562, MnTrgMultiHits = 41.6362
nSrc121 = 106672, nSrcLost =     0, nSrcMulti =     0, MnSrcMultiHits = 0
Saving target data
Saving to ./tmp.mris_preproc.16685/128.29.mgh



---------------------------------------------------
#@# 30/40 129 Tue Sep 22 17:36:16 EDT 2009 --------------
-----------------------
mri_surf2surf --srcsubject 129 --srchemi lh --srcsurfreg sphere.reg --trgsubject fsaverage4 --trghemi lh --trgsurfreg sphere.reg --tval ./tmp.mris_preproc.16685/129.30.mgh --sval-area pial --jac --noreshape --no-cortex
Source registration surface changed to sphere.reg
Target registration surface changed to sphere.reg
srcsubject = 129
srcval     = (null)
srctype    = 
trgsubject = fsaverage4
trgval     = ./tmp.mris_preproc.16685/129.30.mgh
trgtype    = 
srcsurfreg = sphere.reg
trgsurfreg = sphere.reg
srchemi    = lh
trghemi    = lh
frame      = 0
fwhm-in    = 0
fwhm-out   = 0
label-src  = (null)
label-trg  = (null)
OKToRevFaceOrder  = 1
Reading source surface reg /space/birn/45/users/BWH/buckner_data/group_study/129/surf/lh.sphere.reg
Loading source data
Reading surface file /space/birn/45/users/BWH/buckner_data/group_study/129/surf/lh.pial
Reading target surface reg /space/birn/45/users/BWH/buckner_data/group_study/fsaverage4/surf/lh.sphere.reg
Done
Mapping Source Volume onto Source Subject Surface with Jacobian Correction
surf2surf_nnfr: building source hash (res=16).
Surf2Surf: 1st Forward Loop (2562)

surf2surf_nnfr: building target hash (res=16).
Surf2Surf: Reverse Loop (115671)
Reverse Loop had 113109 hits
INFO: nSrcLost = 0
nTrg121 =     0, nTrgMulti =  2562, MnTrgMultiHits = 45.1487
nSrc121 = 115671, nSrcLost =     0, nSrcMulti =     0, MnSrcMultiHits = 0
Saving target data
Saving to ./tmp.mris_preproc.16685/129.30.mgh



---------------------------------------------------
#@# 31/40 130 Tue Sep 22 17:36:21 EDT 2009 --------------
-----------------------
mri_surf2surf --srcsubject 130 --srchemi lh --srcsurfreg sphere.reg --trgsubject fsaverage4 --trghemi lh --trgsurfreg sphere.reg --tval ./tmp.mris_preproc.16685/130.31.mgh --sval-area pial --jac --noreshape --no-cortex
Source registration surface changed to sphere.reg
Target registration surface changed to sphere.reg
srcsubject = 130
srcval     = (null)
srctype    = 
trgsubject = fsaverage4
trgval     = ./tmp.mris_preproc.16685/130.31.mgh
trgtype    = 
srcsurfreg = sphere.reg
trgsurfreg = sphere.reg
srchemi    = lh
trghemi    = lh
frame      = 0
fwhm-in    = 0
fwhm-out   = 0
label-src  = (null)
label-trg  = (null)
OKToRevFaceOrder  = 1
Reading source surface reg /space/birn/45/users/BWH/buckner_data/group_study/130/surf/lh.sphere.reg
Loading source data
Reading surface file /space/birn/45/users/BWH/buckner_data/group_study/130/surf/lh.pial
Reading target surface reg /space/birn/45/users/BWH/buckner_data/group_study/fsaverage4/surf/lh.sphere.reg
Done
Mapping Source Volume onto Source Subject Surface with Jacobian Correction
surf2surf_nnfr: building source hash (res=16).
Surf2Surf: 1st Forward Loop (2562)

surf2surf_nnfr: building target hash (res=16).
Surf2Surf: Reverse Loop (129872)
Reverse Loop had 127310 hits
INFO: nSrcLost = 0
nTrg121 =     0, nTrgMulti =  2562, MnTrgMultiHits = 50.6916
nSrc121 = 129872, nSrcLost =     0, nSrcMulti =     0, MnSrcMultiHits = 0
Saving target data
Saving to ./tmp.mris_preproc.16685/130.31.mgh



---------------------------------------------------
#@# 32/40 131 Tue Sep 22 17:36:26 EDT 2009 --------------
-----------------------
mri_surf2surf --srcsubject 131 --srchemi lh --srcsurfreg sphere.reg --trgsubject fsaverage4 --trghemi lh --trgsurfreg sphere.reg --tval ./tmp.mris_preproc.16685/131.32.mgh --sval-area pial --jac --noreshape --no-cortex
Source registration surface changed to sphere.reg
Target registration surface changed to sphere.reg
srcsubject = 131
srcval     = (null)
srctype    = 
trgsubject = fsaverage4
trgval     = ./tmp.mris_preproc.16685/131.32.mgh
trgtype    = 
srcsurfreg = sphere.reg
trgsurfreg = sphere.reg
srchemi    = lh
trghemi    = lh
frame      = 0
fwhm-in    = 0
fwhm-out   = 0
label-src  = (null)
label-trg  = (null)
OKToRevFaceOrder  = 1
Reading source surface reg /space/birn/45/users/BWH/buckner_data/group_study/131/surf/lh.sphere.reg
Loading source data
Reading surface file /space/birn/45/users/BWH/buckner_data/group_study/131/surf/lh.pial
Reading target surface reg /space/birn/45/users/BWH/buckner_data/group_study/fsaverage4/surf/lh.sphere.reg
Done
Mapping Source Volume onto Source Subject Surface with Jacobian Correction
surf2surf_nnfr: building source hash (res=16).
Surf2Surf: 1st Forward Loop (2562)

surf2surf_nnfr: building target hash (res=16).
Surf2Surf: Reverse Loop (111844)
Reverse Loop had 109282 hits
INFO: nSrcLost = 0
nTrg121 =     0, nTrgMulti =  2562, MnTrgMultiHits = 43.655
nSrc121 = 111844, nSrcLost =     0, nSrcMulti =     0, MnSrcMultiHits = 0
Saving target data
Saving to ./tmp.mris_preproc.16685/131.32.mgh



---------------------------------------------------
#@# 33/40 133 Tue Sep 22 17:36:31 EDT 2009 --------------
-----------------------
mri_surf2surf --srcsubject 133 --srchemi lh --srcsurfreg sphere.reg --trgsubject fsaverage4 --trghemi lh --trgsurfreg sphere.reg --tval ./tmp.mris_preproc.16685/133.33.mgh --sval-area pial --jac --noreshape --no-cortex
Source registration surface changed to sphere.reg
Target registration surface changed to sphere.reg
srcsubject = 133
srcval     = (null)
srctype    = 
trgsubject = fsaverage4
trgval     = ./tmp.mris_preproc.16685/133.33.mgh
trgtype    = 
srcsurfreg = sphere.reg
trgsurfreg = sphere.reg
srchemi    = lh
trghemi    = lh
frame      = 0
fwhm-in    = 0
fwhm-out   = 0
label-src  = (null)
label-trg  = (null)
OKToRevFaceOrder  = 1
Reading source surface reg /space/birn/45/users/BWH/buckner_data/group_study/133/surf/lh.sphere.reg
Loading source data
Reading surface file /space/birn/45/users/BWH/buckner_data/group_study/133/surf/lh.pial
Reading target surface reg /space/birn/45/users/BWH/buckner_data/group_study/fsaverage4/surf/lh.sphere.reg
Done
Mapping Source Volume onto Source Subject Surface with Jacobian Correction
surf2surf_nnfr: building source hash (res=16).
Surf2Surf: 1st Forward Loop (2562)

surf2surf_nnfr: building target hash (res=16).
Surf2Surf: Reverse Loop (118641)
Reverse Loop had 116079 hits
INFO: nSrcLost = 0
nTrg121 =     0, nTrgMulti =  2562, MnTrgMultiHits = 46.308
nSrc121 = 118641, nSrcLost =     0, nSrcMulti =     0, MnSrcMultiHits = 0
Saving target data
Saving to ./tmp.mris_preproc.16685/133.33.mgh



---------------------------------------------------
#@# 34/40 136 Tue Sep 22 17:36:36 EDT 2009 --------------
-----------------------
mri_surf2surf --srcsubject 136 --srchemi lh --srcsurfreg sphere.reg --trgsubject fsaverage4 --trghemi lh --trgsurfreg sphere.reg --tval ./tmp.mris_preproc.16685/136.34.mgh --sval-area pial --jac --noreshape --no-cortex
Source registration surface changed to sphere.reg
Target registration surface changed to sphere.reg
srcsubject = 136
srcval     = (null)
srctype    = 
trgsubject = fsaverage4
trgval     = ./tmp.mris_preproc.16685/136.34.mgh
trgtype    = 
srcsurfreg = sphere.reg
trgsurfreg = sphere.reg
srchemi    = lh
trghemi    = lh
frame      = 0
fwhm-in    = 0
fwhm-out   = 0
label-src  = (null)
label-trg  = (null)
OKToRevFaceOrder  = 1
Reading source surface reg /space/birn/45/users/BWH/buckner_data/group_study/136/surf/lh.sphere.reg
Loading source data
Reading surface file /space/birn/45/users/BWH/buckner_data/group_study/136/surf/lh.pial
Reading target surface reg /space/birn/45/users/BWH/buckner_data/group_study/fsaverage4/surf/lh.sphere.reg
Done
Mapping Source Volume onto Source Subject Surface with Jacobian Correction
surf2surf_nnfr: building source hash (res=16).
Surf2Surf: 1st Forward Loop (2562)

surf2surf_nnfr: building target hash (res=16).
Surf2Surf: Reverse Loop (108842)
Reverse Loop had 106280 hits
INFO: nSrcLost = 0
nTrg121 =     0, nTrgMulti =  2562, MnTrgMultiHits = 42.4832
nSrc121 = 108842, nSrcLost =     0, nSrcMulti =     0, MnSrcMultiHits = 0
Saving target data
Saving to ./tmp.mris_preproc.16685/136.34.mgh



---------------------------------------------------
#@# 35/40 138 Tue Sep 22 17:36:41 EDT 2009 --------------
-----------------------
mri_surf2surf --srcsubject 138 --srchemi lh --srcsurfreg sphere.reg --trgsubject fsaverage4 --trghemi lh --trgsurfreg sphere.reg --tval ./tmp.mris_preproc.16685/138.35.mgh --sval-area pial --jac --noreshape --no-cortex
Source registration surface changed to sphere.reg
Target registration surface changed to sphere.reg
srcsubject = 138
srcval     = (null)
srctype    = 
trgsubject = fsaverage4
trgval     = ./tmp.mris_preproc.16685/138.35.mgh
trgtype    = 
srcsurfreg = sphere.reg
trgsurfreg = sphere.reg
srchemi    = lh
trghemi    = lh
frame      = 0
fwhm-in    = 0
fwhm-out   = 0
label-src  = (null)
label-trg  = (null)
OKToRevFaceOrder  = 1
Reading source surface reg /space/birn/45/users/BWH/buckner_data/group_study/138/surf/lh.sphere.reg
Loading source data
Reading surface file /space/birn/45/users/BWH/buckner_data/group_study/138/surf/lh.pial
Reading target surface reg /space/birn/45/users/BWH/buckner_data/group_study/fsaverage4/surf/lh.sphere.reg
Done
Mapping Source Volume onto Source Subject Surface with Jacobian Correction
surf2surf_nnfr: building source hash (res=16).
Surf2Surf: 1st Forward Loop (2562)

surf2surf_nnfr: building target hash (res=16).
Surf2Surf: Reverse Loop (119418)
Reverse Loop had 116856 hits
INFO: nSrcLost = 0
nTrg121 =     0, nTrgMulti =  2562, MnTrgMultiHits = 46.6112
nSrc121 = 119418, nSrcLost =     0, nSrcMulti =     0, MnSrcMultiHits = 0
Saving target data
Saving to ./tmp.mris_preproc.16685/138.35.mgh



---------------------------------------------------
#@# 36/40 140 Tue Sep 22 17:36:46 EDT 2009 --------------
-----------------------
mri_surf2surf --srcsubject 140 --srchemi lh --srcsurfreg sphere.reg --trgsubject fsaverage4 --trghemi lh --trgsurfreg sphere.reg --tval ./tmp.mris_preproc.16685/140.36.mgh --sval-area pial --jac --noreshape --no-cortex
Source registration surface changed to sphere.reg
Target registration surface changed to sphere.reg
srcsubject = 140
srcval     = (null)
srctype    = 
trgsubject = fsaverage4
trgval     = ./tmp.mris_preproc.16685/140.36.mgh
trgtype    = 
srcsurfreg = sphere.reg
trgsurfreg = sphere.reg
srchemi    = lh
trghemi    = lh
frame      = 0
fwhm-in    = 0
fwhm-out   = 0
label-src  = (null)
label-trg  = (null)
OKToRevFaceOrder  = 1
Reading source surface reg /space/birn/45/users/BWH/buckner_data/group_study/140/surf/lh.sphere.reg
Loading source data
Reading surface file /space/birn/45/users/BWH/buckner_data/group_study/140/surf/lh.pial
Reading target surface reg /space/birn/45/users/BWH/buckner_data/group_study/fsaverage4/surf/lh.sphere.reg
Done
Mapping Source Volume onto Source Subject Surface with Jacobian Correction
surf2surf_nnfr: building source hash (res=16).
Surf2Surf: 1st Forward Loop (2562)

surf2surf_nnfr: building target hash (res=16).
Surf2Surf: Reverse Loop (136629)
Reverse Loop had 134067 hits
INFO: nSrcLost = 0
nTrg121 =     0, nTrgMulti =  2562, MnTrgMultiHits = 53.329
nSrc121 = 136629, nSrcLost =     0, nSrcMulti =     0, MnSrcMultiHits = 0
Saving target data
Saving to ./tmp.mris_preproc.16685/140.36.mgh



---------------------------------------------------
#@# 37/40 141 Tue Sep 22 17:36:52 EDT 2009 --------------
-----------------------
mri_surf2surf --srcsubject 141 --srchemi lh --srcsurfreg sphere.reg --trgsubject fsaverage4 --trghemi lh --trgsurfreg sphere.reg --tval ./tmp.mris_preproc.16685/141.37.mgh --sval-area pial --jac --noreshape --no-cortex
Source registration surface changed to sphere.reg
Target registration surface changed to sphere.reg
srcsubject = 141
srcval     = (null)
srctype    = 
trgsubject = fsaverage4
trgval     = ./tmp.mris_preproc.16685/141.37.mgh
trgtype    = 
srcsurfreg = sphere.reg
trgsurfreg = sphere.reg
srchemi    = lh
trghemi    = lh
frame      = 0
fwhm-in    = 0
fwhm-out   = 0
label-src  = (null)
label-trg  = (null)
OKToRevFaceOrder  = 1
Reading source surface reg /space/birn/45/users/BWH/buckner_data/group_study/141/surf/lh.sphere.reg
Loading source data
Reading surface file /space/birn/45/users/BWH/buckner_data/group_study/141/surf/lh.pial
Reading target surface reg /space/birn/45/users/BWH/buckner_data/group_study/fsaverage4/surf/lh.sphere.reg
Done
Mapping Source Volume onto Source Subject Surface with Jacobian Correction
surf2surf_nnfr: building source hash (res=16).
Surf2Surf: 1st Forward Loop (2562)

surf2surf_nnfr: building target hash (res=16).
Surf2Surf: Reverse Loop (128318)
Reverse Loop had 125756 hits
INFO: nSrcLost = 0
nTrg121 =     0, nTrgMulti =  2562, MnTrgMultiHits = 50.0851
nSrc121 = 128318, nSrcLost =     0, nSrcMulti =     0, MnSrcMultiHits = 0
Saving target data
Saving to ./tmp.mris_preproc.16685/141.37.mgh



---------------------------------------------------
#@# 38/40 144 Tue Sep 22 17:36:57 EDT 2009 --------------
-----------------------
mri_surf2surf --srcsubject 144 --srchemi lh --srcsurfreg sphere.reg --trgsubject fsaverage4 --trghemi lh --trgsurfreg sphere.reg --tval ./tmp.mris_preproc.16685/144.38.mgh --sval-area pial --jac --noreshape --no-cortex
Source registration surface changed to sphere.reg
Target registration surface changed to sphere.reg
srcsubject = 144
srcval     = (null)
srctype    = 
trgsubject = fsaverage4
trgval     = ./tmp.mris_preproc.16685/144.38.mgh
trgtype    = 
srcsurfreg = sphere.reg
trgsurfreg = sphere.reg
srchemi    = lh
trghemi    = lh
frame      = 0
fwhm-in    = 0
fwhm-out   = 0
label-src  = (null)
label-trg  = (null)
OKToRevFaceOrder  = 1
Reading source surface reg /space/birn/45/users/BWH/buckner_data/group_study/144/surf/lh.sphere.reg
Loading source data
Reading surface file /space/birn/45/users/BWH/buckner_data/group_study/144/surf/lh.pial
Reading target surface reg /space/birn/45/users/BWH/buckner_data/group_study/fsaverage4/surf/lh.sphere.reg
Done
Mapping Source Volume onto Source Subject Surface with Jacobian Correction
surf2surf_nnfr: building source hash (res=16).
Surf2Surf: 1st Forward Loop (2562)

surf2surf_nnfr: building target hash (res=16).
Surf2Surf: Reverse Loop (134905)
Reverse Loop had 132343 hits
INFO: nSrcLost = 0
nTrg121 =     0, nTrgMulti =  2562, MnTrgMultiHits = 52.6561
nSrc121 = 134905, nSrcLost =     0, nSrcMulti =     0, MnSrcMultiHits = 0
Saving target data
Saving to ./tmp.mris_preproc.16685/144.38.mgh



---------------------------------------------------
#@# 39/40 145 Tue Sep 22 17:37:03 EDT 2009 --------------
-----------------------
mri_surf2surf --srcsubject 145 --srchemi lh --srcsurfreg sphere.reg --trgsubject fsaverage4 --trghemi lh --trgsurfreg sphere.reg --tval ./tmp.mris_preproc.16685/145.39.mgh --sval-area pial --jac --noreshape --no-cortex
Source registration surface changed to sphere.reg
Target registration surface changed to sphere.reg
srcsubject = 145
srcval     = (null)
srctype    = 
trgsubject = fsaverage4
trgval     = ./tmp.mris_preproc.16685/145.39.mgh
trgtype    = 
srcsurfreg = sphere.reg
trgsurfreg = sphere.reg
srchemi    = lh
trghemi    = lh
frame      = 0
fwhm-in    = 0
fwhm-out   = 0
label-src  = (null)
label-trg  = (null)
OKToRevFaceOrder  = 1
Reading source surface reg /space/birn/45/users/BWH/buckner_data/group_study/145/surf/lh.sphere.reg
Loading source data
Reading surface file /space/birn/45/users/BWH/buckner_data/group_study/145/surf/lh.pial
Reading target surface reg /space/birn/45/users/BWH/buckner_data/group_study/fsaverage4/surf/lh.sphere.reg
Done
Mapping Source Volume onto Source Subject Surface with Jacobian Correction
surf2surf_nnfr: building source hash (res=16).
Surf2Surf: 1st Forward Loop (2562)

surf2surf_nnfr: building target hash (res=16).
Surf2Surf: Reverse Loop (134357)
Reverse Loop had 131795 hits
INFO: nSrcLost = 0
nTrg121 =     0, nTrgMulti =  2562, MnTrgMultiHits = 52.4422
nSrc121 = 134357, nSrcLost =     0, nSrcMulti =     0, MnSrcMultiHits = 0
Saving target data
Saving to ./tmp.mris_preproc.16685/145.39.mgh



---------------------------------------------------
#@# 40/40 149 Tue Sep 22 17:37:08 EDT 2009 --------------
-----------------------
mri_surf2surf --srcsubject 149 --srchemi lh --srcsurfreg sphere.reg --trgsubject fsaverage4 --trghemi lh --trgsurfreg sphere.reg --tval ./tmp.mris_preproc.16685/149.40.mgh --sval-area pial --jac --noreshape --no-cortex
Source registration surface changed to sphere.reg
Target registration surface changed to sphere.reg
srcsubject = 149
srcval     = (null)
srctype    = 
trgsubject = fsaverage4
trgval     = ./tmp.mris_preproc.16685/149.40.mgh
trgtype    = 
srcsurfreg = sphere.reg
trgsurfreg = sphere.reg
srchemi    = lh
trghemi    = lh
frame      = 0
fwhm-in    = 0
fwhm-out   = 0
label-src  = (null)
label-trg  = (null)
OKToRevFaceOrder  = 1
Reading source surface reg /space/birn/45/users/BWH/buckner_data/group_study/149/surf/lh.sphere.reg
Loading source data
Reading surface file /space/birn/45/users/BWH/buckner_data/group_study/149/surf/lh.pial
Reading target surface reg /space/birn/45/users/BWH/buckner_data/group_study/fsaverage4/surf/lh.sphere.reg
Done
Mapping Source Volume onto Source Subject Surface with Jacobian Correction
surf2surf_nnfr: building source hash (res=16).
Surf2Surf: 1st Forward Loop (2562)

surf2surf_nnfr: building target hash (res=16).
Surf2Surf: Reverse Loop (102891)
Reverse Loop had 100329 hits
INFO: nSrcLost = 0
nTrg121 =     0, nTrgMulti =  2562, MnTrgMultiHits = 40.1604
nSrc121 = 102891, nSrcLost =     0, nSrcMulti =     0, MnSrcMultiHits = 0
Saving target data
Saving to ./tmp.mris_preproc.16685/149.40.mgh



-----------------------
mri_concat ./tmp.mris_preproc.16685/004.1.mgh ./tmp.mris_preproc.16685/008.2.mgh ./tmp.mris_preproc.16685/017.3.mgh ./tmp.mris_preproc.16685/021.4.mgh ./tmp.mris_preproc.16685/032.5.mgh ./tmp.mris_preproc.16685/039.6.mgh ./tmp.mris_preproc.16685/040.7.mgh ./tmp.mris_preproc.16685/045.8.mgh ./tmp.mris_preproc.16685/049.9.mgh ./tmp.mris_preproc.16685/067.10.mgh ./tmp.mris_preproc.16685/073.11.mgh ./tmp.mris_preproc.16685/074.12.mgh ./tmp.mris_preproc.16685/080.13.mgh ./tmp.mris_preproc.16685/084.14.mgh ./tmp.mris_preproc.16685/091.15.mgh ./tmp.mris_preproc.16685/092.16.mgh ./tmp.mris_preproc.16685/093.17.mgh ./tmp.mris_preproc.16685/095.18.mgh ./tmp.mris_preproc.16685/097.19.mgh ./tmp.mris_preproc.16685/099.20.mgh ./tmp.mris_preproc.16685/102.21.mgh ./tmp.mris_preproc.16685/103.22.mgh ./tmp.mris_preproc.16685/106.23.mgh ./tmp.mris_preproc.16685/108.24.mgh ./tmp.mris_preproc.16685/111.25.mgh ./tmp.mris_preproc.16685/114.26.mgh ./tmp.mris_preproc.16685/123.27.mgh ./tmp.mris_preproc.16685/124.28.mgh ./tmp.mris_preproc.16685/128.29.mgh ./tmp.mris_preproc.16685/129.30.mgh ./tmp.mris_preproc.16685/130.31.mgh ./tmp.mris_preproc.16685/131.32.mgh ./tmp.mris_preproc.16685/133.33.mgh ./tmp.mris_preproc.16685/136.34.mgh ./tmp.mris_preproc.16685/138.35.mgh ./tmp.mris_preproc.16685/140.36.mgh ./tmp.mris_preproc.16685/141.37.mgh ./tmp.mris_preproc.16685/144.38.mgh ./tmp.mris_preproc.16685/145.39.mgh ./tmp.mris_preproc.16685/149.40.mgh --o lh.pial.avg.area.mgh --mean
ninputs = 40
Checking inputs
nframestot = 40
Allocing output
nframes = 40
Computing mean across frames
Writing to lh.pial.avg.area.mgh



Cleaning up
-----------------------
rm -r ./tmp.mris_preproc.16685
Tue Sep 22 17:37:15 EDT 2009
mris_preproc done
