status file for recon-all
Tue Apr 28 01:24:10 EDT 2009
#@# Cortical Parc lh Tue Apr 28 01:24:10 EDT 2009
#@# Cortical Parc rh Tue Apr 28 01:25:03 EDT 2009
recon-all finished without error at Tue Apr 28 01:25:58 EDT 2009



New invocation of recon-all 



status file for recon-all
Fri Jan 15 15:27:34 EST 2010
#@# AParc-to-ASeg Fri Jan 15 15:27:34 EST 2010
#@# WMParc Fri Jan 15 15:30:10 EST 2010
Linux terrier 2.6.18-164.el5 #1 SMP Thu Sep 3 03:28:30 EDT 2009 x86_64 x86_64 x86_64 GNU/Linux

recon-all exited with ERRORS at Fri Jan 15 15:30:21 EST 2010




New invocation of recon-all 



status file for recon-all
Thu Dec 30 17:34:52 EST 2010
#@# Cortical Parc lh Thu Dec 30 17:34:52 EST 2010
#@# Cortical Parc rh Thu Dec 30 17:35:38 EST 2010
recon-all -s fsaverage finished without error at Thu Dec 30 17:36:25 EST 2010



New invocation of recon-all 



status file for recon-all
Thu Dec 30 17:40:05 EST 2010
#@# Cortical Parc 2 lh Thu Dec 30 17:40:05 EST 2010
#@# Cortical Parc 2 rh Thu Dec 30 17:40:58 EST 2010
recon-all -s fsaverage finished without error at Thu Dec 30 17:41:50 EST 2010
