/autofs/space/erdos_003/users/lzollei/my_stuff/research/tests/CVSvsMNI/cvs_avg35_inMNI152/mri
/usr/local/freesurfer/dev/bin/talairach_avi
--i orig_nu.mgz --xfm transforms/talairach.auto.xfm
$Id: talairach_avi,v 1.9 2011/03/02 18:38:06 nicks Exp $
Linux compute-0-104.local 2.6.18-308.1.1.el5 #1 SMP Wed Mar 7 04:16:51 EST 2012 x86_64 x86_64 x86_64 GNU/Linux
Fri Mar 30 18:27:15 EDT 2012
mri_convert orig_nu.mgz talsrcimg.img 
$Id: mri_convert.c,v 1.192 2012/03/21 20:54:29 mreuter Exp $
reading from orig_nu.mgz...
TR=0.00, TE=0.00, TI=0.00, flip angle=0.00
i_ras = (-1, 0, 0)
j_ras = (0, 0, -1)
k_ras = (0, 1, 0)
writing to talsrcimg.img...
Analyze Output Matrix
-1.000   0.000   0.000   128.000;
 0.000   0.000   1.000  -146.000;
 0.000  -1.000   0.000   148.000;
 0.000   0.000   0.000   1.000;
--------------------
INFO: set hdr.hist.orient to -1
mpr2mni305 talsrcimg
Fri Mar 30 18:27:18 EDT 2012
/usr/local/freesurfer/dev/bin/mpr2mni305 talsrcimg
$Id: mpr2mni305,v 1.4 2009/06/03 16:01:38 nicks Exp $
target=711-2C_as_mni_average_305

---------------------------------------------------------------------
analyzeto4dfp talsrcimg -O0 -y
---------------------------------------------------------------------

$Id: ifh2hdr.c,v 1.3 2007/05/05 10:45:03 nicks Exp $
Fri Mar 30 18:27:25 2012
Writing: talsrcimg.4dfp.hdr
$Id: analyzeto4dfp.c,v 1.2 2007/05/05 00:00:06 nicks Exp $
Reading: talsrcimg.hdr
header size 348 bytes
hdr.dime.datatype	offset=70	value=2
hdr.dime.bitpix		offset=72	value=8
hdr.hist.orient		offset=252	value=-1
dimensionality     4
dimensions       256       256       256         1
Reading: talsrcimg.img
Writing: talsrcimg.4dfp.img
Writing: talsrcimg.4dfp.ifh
ifh2hdr talsrcimg -r0to255
ori=2

---------------------------------------------------------------------
gauss_4dfp talsrcimg 1.1
---------------------------------------------------------------------

$Id: gauss_4dfp.c,v 1.3 2009/05/15 21:43:46 nicks Exp $
Reading: talsrcimg.4dfp.img
Writing: talsrcimg_g11.4dfp.img
image dimensions 256 256 256 padded to 288 288 288
processing volume 1$Id: ifh2hdr.c,v 1.3 2007/05/05 10:45:03 nicks Exp $
Fri Mar 30 18:27:43 2012
Writing: talsrcimg_g11.4dfp.hdr

Writing: talsrcimg_g11.4dfp.ifh
including: talsrcimg.4dfp.img.rec in talsrcimg_g11.4dfp.img.rec

---------------------------------------------------------------------
imgreg_4dfp /usr/local/freesurfer/dev/average/711-2C_as_mni_average_305 none talsrcimg_g11 none talsrcimg_to_711-2C_as_mni_average_305_t4 4355
---------------------------------------------------------------------

$Id: imgreg_4dfp.c,v 1.4 2010/02/27 01:41:53 nicks Exp $
/usr/local/freesurfer/dev/average/711-2C_as_mni_average_305.4dfp.img
       256       256       256         1
  1.000000  1.000000  1.000000
orientation T byte_order littleendian
Reading image: /usr/local/freesurfer/dev/average/711-2C_as_mni_average_305.4dfp.img
dimensions:      256       256       256
mmppix:       1.0000   -1.0000   -1.0000
center:     128.0000 -129.0000 -129.0000
talsrcimg_g11.4dfp.img
       256       256       256         1
  1.000000  1.000000  1.000000
orientation T byte_order littleendian
Reading image: talsrcimg_g11.4dfp.img
dimensions:      256       256       256
mmppix:       1.0000   -1.0000   -1.0000
center:     128.0000 -129.0000 -129.0000
t4_read: talsrcimg_to_711-2C_as_mni_average_305_t4 read error
t4_read: transform initialized to I4
rotation matrix determinant  1.000000
image alignment mode   4355 decimal     1103 hex
   -7.5000  -45.0000  -45.0000 7205.2959   11.5209
    0.0000  -45.0000  -45.0000 7562.1924   11.5042
    7.5000  -45.0000  -45.0000 7268.7285   11.4783
   -7.5000  -37.5000  -45.0000 7591.7192   11.5072
    0.0000  -37.5000  -45.0000 7973.9429   11.4900
    7.5000  -37.5000  -45.0000 7656.4941   11.4648
   -7.5000  -30.0000  -45.0000 8205.3838   11.5050
    0.0000  -30.0000  -45.0000 8622.4629   11.4875
    7.5000  -30.0000  -45.0000 8274.9277   11.4604
   -7.5000  -22.5000  -45.0000 8778.8672   11.5180
    0.0000  -22.5000  -45.0000 9225.6904   11.5008
    7.5000  -22.5000  -45.0000 8853.5664   11.4710
   -7.5000  -15.0000  -45.0000 9247.9795   11.5332
    0.0000  -15.0000  -45.0000 9709.2666   11.5165
    7.5000  -15.0000  -45.0000 9328.8623   11.4859
   -7.5000   -7.5000  -45.0000 9684.4248   11.5339
    0.0000   -7.5000  -45.000010171.5820   11.5173
    7.5000   -7.5000  -45.0000 9780.9570   11.4888
   -7.5000    0.0000  -45.000010107.9473   11.5209
    0.0000    0.0000  -45.000010606.8281   11.5042
    7.5000    0.0000  -45.000010203.4854   11.4783
   -7.5000    7.5000  -45.0000 9753.8623   11.5072
    0.0000    7.5000  -45.000010244.8369   11.4900
    7.5000    7.5000  -45.0000 9836.3350   11.4648
   -7.5000   15.0000  -45.0000 9272.6035   11.5050
    0.0000   15.0000  -45.0000 9742.7217   11.4875
    7.5000   15.0000  -45.0000 9332.5498   11.4604
   -7.5000   22.5000  -45.0000 8668.5459   11.5164
    0.0000   22.5000  -45.0000 9124.7793   11.4992
    7.5000   22.5000  -45.0000 8712.4443   11.4695
   -7.5000   30.0000  -45.0000 7980.7769   11.3795
    0.0000   30.0000  -45.0000 8398.2871   11.3630
    7.5000   30.0000  -45.0000 8014.4175   11.3329
   -7.5000   37.5000  -45.0000 7538.0718   11.3802
    0.0000   37.5000  -45.0000 7926.4814   11.3638
    7.5000   37.5000  -45.0000 7574.2266   11.3357
   -7.5000   45.0000  -45.0000 6768.6855   11.0836
    0.0000   45.0000  -45.0000 7108.4229   11.0677
    7.5000   45.0000  -45.0000 6775.0156   11.0434
   -7.5000  -45.0000  -37.5000 7774.5249   11.4805
    0.0000  -45.0000  -37.5000 8174.5669   11.4624
    7.5000  -45.0000  -37.5000 7847.8018   11.4350
   -7.5000  -37.5000  -37.5000 8158.7729   11.4691
    0.0000  -37.5000  -37.5000 8599.6475   11.4503
    7.5000  -37.5000  -37.5000 8242.9902   11.4231
   -7.5000  -30.0000  -37.5000 8808.9287   11.4677
    0.0000  -30.0000  -37.5000 9275.3564   11.4492
    7.5000  -30.0000  -37.5000 8902.1084   11.4205
   -7.5000  -22.5000  -37.5000 9385.4150   11.4789
    0.0000  -22.5000  -37.5000 9884.6689   11.4615
    7.5000  -22.5000  -37.5000 9473.9814   11.4313
   -7.5000  -15.0000  -37.5000 9881.4336   11.4917
    0.0000  -15.0000  -37.500010412.5674   11.4750
    7.5000  -15.0000  -37.5000 9982.5000   11.4445
   -7.5000   -7.5000  -37.500010367.0918   11.4918
    0.0000   -7.5000  -37.500010944.8164   11.4747
    7.5000   -7.5000  -37.500010492.4072   11.4457
   -7.5000    0.0000  -37.500010805.2559   11.4805
    0.0000    0.0000  -37.500011399.9160   11.4624
    7.5000    0.0000  -37.500010935.2139   11.4350
   -7.5000    7.5000  -37.500010412.0439   11.4691
    0.0000    7.5000  -37.500010954.5195   11.4503
    7.5000    7.5000  -37.500010508.2568   11.4231
   -7.5000   15.0000  -37.5000 9878.3867   11.4677
    0.0000   15.0000  -37.500010382.8340   11.4492
    7.5000   15.0000  -37.5000 9952.4727   11.4205
   -7.5000   22.5000  -37.5000 9206.0176   11.4774
    0.0000   22.5000  -37.5000 9691.0791   11.4599
    7.5000   22.5000  -37.5000 9277.3965   11.4297
   -7.5000   30.0000  -37.5000 8454.3867   11.3385
    0.0000   30.0000  -37.5000 8897.6465   11.3221
    7.5000   30.0000  -37.5000 8506.6045   11.2920
   -7.5000   37.5000  -37.5000 7967.9170   11.3387
    0.0000   37.5000  -37.5000 8375.7979   11.3218
    7.5000   37.5000  -37.5000 8006.1782   11.2932
   -7.5000   45.0000  -37.5000 7149.5781   11.0448
    0.0000   45.0000  -37.5000 7509.8286   11.0275
    7.5000   45.0000  -37.5000 7168.0601   11.0018
   -7.5000  -45.0000  -30.0000 8471.3486   11.9556
    0.0000  -45.0000  -30.0000 8909.2051   11.9361
    7.5000  -45.0000  -30.0000 8551.4600   11.9073
   -7.5000  -37.5000  -30.0000 8886.2549   11.9453
    0.0000  -37.5000  -30.0000 9357.2324   11.9247
    7.5000  -37.5000  -30.0000 8979.9561   11.8952
   -7.5000  -30.0000  -30.0000 9574.1533   11.9432
    0.0000  -30.0000  -30.000010075.2773   11.9233
    7.5000  -30.0000  -30.0000 9681.8857   11.8926
   -7.5000  -22.5000  -30.000010170.9043   11.9526
    0.0000  -22.5000  -30.000010721.1006   11.9346
    7.5000  -22.5000  -30.000010289.4443   11.9031
   -7.5000  -15.0000  -30.000010709.4775   11.9638
    0.0000  -15.0000  -30.000011297.9014   11.9472
    7.5000  -15.0000  -30.000010824.7207   11.9160
   -7.5000   -7.5000  -30.000011258.0996   11.9648
    0.0000   -7.5000  -30.000011880.1494   11.9472
    7.5000   -7.5000  -30.000011378.7812   11.9175
   -7.5000    0.0000  -30.000011711.4355   11.9556
    0.0000    0.0000  -30.000012337.5674   11.9361
    7.5000    0.0000  -30.000011829.1318   11.9073
   -7.5000    7.5000  -30.000011228.2197   11.9453
    0.0000    7.5000  -30.000011809.8262   11.9247
    7.5000    7.5000  -30.000011333.5371   11.8952
   -7.5000   15.0000  -30.000010626.3408   11.9432
    0.0000   15.0000  -30.000011159.4639   11.9233
    7.5000   15.0000  -30.000010704.0664   11.8926
   -7.5000   22.5000  -30.0000 9884.8135   11.9497
    0.0000   22.5000  -30.000010401.0898   11.9318
    7.5000   22.5000  -30.0000 9956.2588   11.9002
   -7.5000   30.0000  -30.0000 9052.0518   11.8055
    0.0000   30.0000  -30.0000 9543.3652   11.7891
    7.5000   30.0000  -30.0000 9116.0859   11.7583
   -7.5000   37.5000  -30.0000 8510.9629   11.8065
    0.0000   37.5000  -30.0000 8949.5674   11.7891
    7.5000   37.5000  -30.0000 8558.6455   11.7598
   -7.5000   45.0000  -30.0000 7629.3223   11.5102
    0.0000   45.0000  -30.0000 8005.9053   11.4915
    7.5000   45.0000  -30.0000 7648.4771   11.4643
   -7.5000  -45.0000  -22.5000 9171.5537   12.3667
    0.0000  -45.0000  -22.5000 9628.1562   12.3467
    7.5000  -45.0000  -22.5000 9256.4717   12.3181
   -7.5000  -37.5000  -22.5000 9616.5059   12.3550
    0.0000  -37.5000  -22.500010103.4238   12.3338
    7.5000  -37.5000  -22.5000 9717.8662   12.3043
   -7.5000  -30.0000  -22.500010331.2891   12.3518
    0.0000  -30.0000  -22.500010874.6406   12.3314
    7.5000  -30.0000  -22.500010454.5352   12.3001
   -7.5000  -22.5000  -22.500010973.8652   12.3615
    0.0000  -22.5000  -22.500011536.5205   12.3433
    7.5000  -22.5000  -22.500011085.7344   12.3110
   -7.5000  -15.0000  -22.500011560.4775   12.3741
    0.0000  -15.0000  -22.500012144.8701   12.3572
    7.5000  -15.0000  -22.500011665.9492   12.3255
   -7.5000   -7.5000  -22.500012130.1670   12.3761
    0.0000   -7.5000  -22.500012743.4805   12.3580
    7.5000   -7.5000  -22.500012251.0977   12.3283
   -7.5000    0.0000  -22.500012563.4736   12.3667
    0.0000    0.0000  -22.500013205.0537   12.3467
    7.5000    0.0000  -22.500012691.2031   12.3181
   -7.5000    7.5000  -22.500011976.7246   12.3550
    0.0000    7.5000  -22.500012581.6641   12.3338
    7.5000    7.5000  -22.500012090.5693   12.3043
   -7.5000   15.0000  -22.500011302.7656   12.3518
    0.0000   15.0000  -22.500011860.9443   12.3314
    7.5000   15.0000  -22.500011393.7510   12.3001
   -7.5000   22.5000  -22.500010509.9590   12.3577
    0.0000   22.5000  -22.500011043.1416   12.3395
    7.5000   22.5000  -22.500010574.4434   12.3072
   -7.5000   30.0000  -22.5000 9619.1602   12.2122
    0.0000   30.0000  -22.500010126.5283   12.1955
    7.5000   30.0000  -22.5000 9674.6279   12.1642
   -7.5000   37.5000  -22.5000 9041.1797   12.2142
    0.0000   37.5000  -22.5000 9509.7061   12.1964
    7.5000   37.5000  -22.5000 9072.6426   12.1671
   -7.5000   45.0000  -22.5000 8088.6753   11.9146
    0.0000   45.0000  -22.5000 8478.9307   11.8955
    7.5000   45.0000  -22.5000 8099.8911   11.8684
   -7.5000  -45.0000  -15.0000 9898.4404   12.6710
    0.0000  -45.0000  -15.000010375.1494   12.6516
    7.5000  -45.0000  -15.0000 9993.6748   12.6241
   -7.5000  -37.5000  -15.000010356.8525   12.6566
    0.0000  -37.5000  -15.000010861.5977   12.6363
    7.5000  -37.5000  -15.000010459.6514   12.6082
   -7.5000  -30.0000  -15.000011117.1982   12.6528
    0.0000  -30.0000  -15.000011688.4922   12.6328
    7.5000  -30.0000  -15.000011227.3086   12.6022
   -7.5000  -22.5000  -15.000011784.6650   12.6650
    0.0000  -22.5000  -15.000012354.1670   12.6466
    7.5000  -22.5000  -15.000011884.0527   12.6140
   -7.5000  -15.0000  -15.000012409.9697   12.6806
    0.0000  -15.0000  -15.000012983.5498   12.6632
    7.5000  -15.0000  -15.000012506.7373   12.6308
   -7.5000   -7.5000  -15.000012985.5449   12.6828
    0.0000   -7.5000  -15.000013598.6924   12.6647
    7.5000   -7.5000  -15.000013107.7979   12.6349
   -7.5000    0.0000  -15.000013407.0508   12.6710
    0.0000    0.0000  -15.000014056.6270   12.6516
    7.5000    0.0000  -15.000013534.6260   12.6241
   -7.5000    7.5000  -15.000012713.4307   12.6566
    0.0000    7.5000  -15.000013315.9238   12.6363
    7.5000    7.5000  -15.000012832.8760   12.6082
   -7.5000   15.0000  -15.000011945.5127   12.6528
    0.0000   15.0000  -15.000012512.4326   12.6328
    7.5000   15.0000  -15.000012053.3525   12.6022
   -7.5000   22.5000  -15.000011089.0186   12.6605
    0.0000   22.5000  -15.000011607.3105   12.6421
    7.5000   22.5000  -15.000011144.5225   12.6096
   -7.5000   30.0000  -15.000010140.9971   12.5165
    0.0000   30.0000  -15.000010622.9346   12.4993
    7.5000   30.0000  -15.000010177.2900   12.4673
   -7.5000   37.5000  -15.0000 9553.8555   12.5186
    0.0000   37.5000  -15.0000 9990.0029   12.5008
    7.5000   37.5000  -15.0000 9559.1826   12.4714
   -7.5000   45.0000  -15.0000 8569.0928   12.2151
    0.0000   45.0000  -15.0000 8936.0557   12.1965
    7.5000   45.0000  -15.0000 8557.3291   12.1705
   -7.5000  -45.0000   -7.500010681.9141   12.8279
    0.0000  -45.0000   -7.500011223.7402   12.8094
    7.5000  -45.0000   -7.500010801.1074   12.7818
   -7.5000  -37.5000   -7.500011119.7891   12.8117
    0.0000  -37.5000   -7.500011700.1885   12.7927
    7.5000  -37.5000   -7.500011238.3574   12.7652
   -7.5000  -30.0000   -7.500011926.3340   12.8085
    0.0000  -30.0000   -7.500012537.3262   12.7891
    7.5000  -30.0000   -7.500012027.2891   12.7592
   -7.5000  -22.5000   -7.500012616.1797   12.8232
    0.0000  -22.5000   -7.500013207.3506   12.8046
    7.5000  -22.5000   -7.500012699.7314   12.7717
   -7.5000  -15.0000   -7.500013253.5635   12.8409
    0.0000  -15.0000   -7.500013844.9854   12.8230
    7.5000  -15.0000   -7.500013344.8232   12.7896
   -7.5000   -7.5000   -7.500013844.0547   12.8424
    0.0000   -7.5000   -7.500014487.0225   12.8243
    7.5000   -7.5000   -7.500013955.4893   12.7936
   -7.5000    0.0000   -7.500014243.9268   12.8279
    0.0000    0.0000   -7.500014909.7803   12.8094
    7.5000    0.0000   -7.500014359.6309   12.7818
   -7.5000    7.5000   -7.500013465.7695   12.8117
    0.0000    7.5000   -7.500014072.9141   12.7927
    7.5000    7.5000   -7.500013578.3193   12.7652
   -7.5000   15.0000   -7.500012608.2109   12.8085
    0.0000   15.0000   -7.500013144.3564   12.7891
    7.5000   15.0000   -7.500012703.7881   12.7592
   -7.5000   22.5000   -7.500011651.8291   12.8173
    0.0000   22.5000   -7.500012137.8242   12.7986
    7.5000   22.5000   -7.500011709.1562   12.7658
   -7.5000   30.0000   -7.500010660.5527   12.6744
    0.0000   30.0000   -7.500011083.3926   12.6567
    7.5000   30.0000   -7.500010665.6709   12.6237
   -7.5000   37.5000   -7.500010071.3037   12.6758
    0.0000   37.5000   -7.500010457.5889   12.6580
    7.5000   37.5000   -7.500010046.4365   12.6277
   -7.5000   45.0000   -7.5000 9062.7812   12.3688
    0.0000   45.0000   -7.5000 9422.2666   12.3512
    7.5000   45.0000   -7.5000 9051.3145   12.3251
   -7.5000  -45.0000    0.000011455.2432   12.8551
    0.0000  -45.0000    0.000012054.7412   12.8362
    7.5000  -45.0000    0.000011575.1250   12.8070
   -7.5000  -37.5000    0.000011866.2607   12.8397
    0.0000  -37.5000    0.000012500.3896   12.8203
    7.5000  -37.5000    0.000011992.1465   12.7918
   -7.5000  -30.0000    0.000012646.7168   12.8375
    0.0000  -30.0000    0.000013283.3584   12.8179
    7.5000  -30.0000    0.000012748.8730   12.7873
   -7.5000  -22.5000    0.000013329.9043   12.8526
    0.0000  -22.5000    0.000013918.3008   12.8334
    7.5000  -22.5000    0.000013392.8359   12.8000
   -7.5000  -15.0000    0.000013974.9238   12.8698
    0.0000  -15.0000    0.000014592.5576   12.8512
    7.5000  -15.0000    0.000014053.0918   12.8169
   -7.5000   -7.5000    0.000014585.1963   12.8702
    0.0000   -7.5000    0.000015247.4404   12.8515
    7.5000   -7.5000    0.000014670.4980   12.8195
   -7.5000    0.0000    0.000014994.3799   12.8551
    0.0000    0.0000    0.000015660.5225   12.8362
    7.5000    0.0000    0.000015083.4180   12.8070
   -7.5000    7.5000    0.000014158.4727   12.8397
    0.0000    7.5000    0.000014770.5596   12.8203
    7.5000    7.5000    0.000014252.9512   12.7918
   -7.5000   15.0000    0.000013215.1514   12.8375
    0.0000   15.0000    0.000013763.5215   12.8179
    7.5000   15.0000    0.000013289.4033   12.7873
   -7.5000   22.5000    0.000012185.1162   12.8467
    0.0000   22.5000    0.000012662.1748   12.8275
    7.5000   22.5000    0.000012219.5938   12.7941
   -7.5000   30.0000    0.000011119.8799   12.7033
    0.0000   30.0000    0.000011520.3477   12.6849
    7.5000   30.0000    0.000011120.8340   12.6510
   -7.5000   37.5000    0.000010502.8984   12.7036
    0.0000   37.5000    0.000010887.9453   12.6852
    7.5000   37.5000    0.000010502.3408   12.6536
   -7.5000   45.0000    0.0000 9495.6895   12.3963
    0.0000   45.0000    0.0000 9847.6494   12.3782
    7.5000   45.0000    0.0000 9487.1035   12.3507
   -7.5000  -45.0000    7.500011324.8721   12.8469
    0.0000  -45.0000    7.500011935.3896   12.8266
    7.5000  -45.0000    7.500011446.5430   12.7960
   -7.5000  -37.5000    7.500011689.9092   12.8341
    0.0000  -37.5000    7.500012327.5186   12.8132
    7.5000  -37.5000    7.500011831.9102   12.7826
   -7.5000  -30.0000    7.500012353.6309   12.8326
    0.0000  -30.0000    7.500012935.7549   12.8119
    7.5000  -30.0000    7.500012451.8926   12.7798
   -7.5000  -22.5000    7.500012963.6680   12.8452
    0.0000  -22.5000    7.500013517.3818   12.8257
    7.5000  -22.5000    7.500013031.4258   12.7918
   -7.5000  -15.0000    7.500013589.3105   12.8594
    0.0000  -15.0000    7.500014242.0127   12.8408
    7.5000  -15.0000    7.500013665.7695   12.8067
   -7.5000   -7.5000    7.500014156.2803   12.8596
    0.0000   -7.5000    7.500014826.7109   12.8405
    7.5000   -7.5000    7.500014229.6719   12.8080
   -7.5000    0.0000    7.500014555.8076   12.8469
    0.0000    0.0000    7.500015195.4580   12.8266
    7.5000    0.0000    7.500014626.1797   12.7960
   -7.5000    7.5000    7.500013756.5635   12.8341
    0.0000    7.5000    7.500014345.8516   12.8132
    7.5000    7.5000    7.500013831.7568   12.7826
   -7.5000   15.0000    7.500012834.5654   12.8326
    0.0000   15.0000    7.500013348.6943   12.8119
    7.5000   15.0000    7.500012879.0879   12.7798
   -7.5000   22.5000    7.500011823.6641   12.8393
    0.0000   22.5000    7.500012275.3945   12.8198
    7.5000   22.5000    7.500011847.2900   12.7859
   -7.5000   30.0000    7.500010771.7080   12.6930
    0.0000   30.0000    7.500011161.8975   12.6747
    7.5000   30.0000    7.500010788.9932   12.6409
   -7.5000   37.5000    7.500010183.4775   12.6932
    0.0000   37.5000    7.500010549.9268   12.6743
    7.5000   37.5000    7.500010199.4492   12.6423
   -7.5000   45.0000    7.5000 9196.1494   12.3884
    0.0000   45.0000    7.5000 9533.1162   12.3691
    7.5000   45.0000    7.5000 9194.7676   12.3402
   -7.5000  -45.0000   15.000011080.3613   12.8384
    0.0000  -45.0000   15.000011667.2207   12.8174
    7.5000  -45.0000   15.000011204.4590   12.7864
   -7.5000  -37.5000   15.000011406.9102   12.8273
    0.0000  -37.5000   15.000011979.6904   12.8052
    7.5000  -37.5000   15.000011530.8203   12.7735
   -7.5000  -30.0000   15.000011997.5781   12.8251
    0.0000  -30.0000   15.000012496.1904   12.8037
    7.5000  -30.0000   15.000012068.3779   12.7707
   -7.5000  -22.5000   15.000012574.3516   12.8351
    0.0000  -22.5000   15.000013189.9141   12.8158
    7.5000  -22.5000   15.000012648.5918   12.7820
   -7.5000  -15.0000   15.000013143.2197   12.8472
    0.0000  -15.0000   15.000013892.8730   12.8293
    7.5000  -15.0000   15.000013252.2812   12.7958
   -7.5000   -7.5000   15.000013632.7471   12.8482
    0.0000   -7.5000   15.000014292.6055   12.8293
    7.5000   -7.5000   15.000013714.3066   12.7974
   -7.5000    0.0000   15.000014022.8789   12.8384
    0.0000    0.0000   15.000014622.2695   12.8174
    7.5000    0.0000   15.000014090.7363   12.7864
   -7.5000    7.5000   15.000013290.8975   12.8273
    0.0000    7.5000   15.000013812.6309   12.8052
    7.5000    7.5000   15.000013347.1475   12.7735
   -7.5000   15.0000   15.000012436.7422   12.8251
    0.0000   15.0000   15.000012898.6816   12.8037
    7.5000   15.0000   15.000012472.5000   12.7707
   -7.5000   22.5000   15.000011472.0791   12.8292
    0.0000   22.5000   15.000011863.2168   12.8099
    7.5000   22.5000   15.000011468.9375   12.7761
   -7.5000   30.0000   15.000010438.1035   12.6809
    0.0000   30.0000   15.000010785.0332   12.6632
    7.5000   30.0000   15.000010433.9346   12.6302
   -7.5000   37.5000   15.0000 9824.1807   12.6819
    0.0000   37.5000   15.000010157.4043   12.6633
    7.5000   37.5000   15.0000 9816.6553   12.6318
   -7.5000   45.0000   15.0000 8830.9307   12.3801
    0.0000   45.0000   15.0000 9151.0527   12.3600
    7.5000   45.0000   15.0000 8841.4111   12.3307
   -7.5000  -45.0000   22.500010669.2842   12.8376
    0.0000  -45.0000   22.500011233.5879   12.8168
    7.5000  -45.0000   22.500010794.3496   12.7872
   -7.5000  -37.5000   22.500011043.2002   12.8255
    0.0000  -37.5000   22.500011589.9668   12.8035
    7.5000  -37.5000   22.500011144.4824   12.7729
   -7.5000  -30.0000   22.500011673.1357   12.8221
    0.0000  -30.0000   22.500012175.2627   12.8010
    7.5000  -30.0000   22.500011729.2217   12.7684
   -7.5000  -22.5000   22.500012223.9502   12.8322
    0.0000  -22.5000   22.500012827.0957   12.8133
    7.5000  -22.5000   22.500012305.1650   12.7798
   -7.5000  -15.0000   22.500012683.2490   12.8453
    0.0000  -15.0000   22.500013334.3086   12.8277
    7.5000  -15.0000   22.500012789.7812   12.7948
   -7.5000   -7.5000   22.500013147.0918   12.8473
    0.0000   -7.5000   22.500013709.8750   12.8286
    7.5000   -7.5000   22.500013244.0713   12.7978
   -7.5000    0.0000   22.500013560.1309   12.8376
    0.0000    0.0000   22.500014085.3975   12.8168
    7.5000    0.0000   22.500013634.7236   12.7872
   -7.5000    7.5000   22.500012867.2939   12.8255
    0.0000    7.5000   22.500013354.9883   12.8035
    7.5000    7.5000   22.500012926.0400   12.7729
   -7.5000   15.0000   22.500012049.9180   12.8221
    0.0000   15.0000   22.500012489.9238   12.8010
    7.5000   15.0000   22.500012074.2676   12.7684
   -7.5000   22.5000   22.500011076.7178   12.8263
    0.0000   22.5000   22.500011458.1562   12.8074
    7.5000   22.5000   22.500011059.9844   12.7739
   -7.5000   30.0000   22.500010023.5889   12.6791
    0.0000   30.0000   22.500010356.4971   12.6617
    7.5000   30.0000   22.500010003.1338   12.6292
   -7.5000   37.5000   22.5000 9373.4355   12.6811
    0.0000   37.5000   22.5000 9672.8467   12.6626
    7.5000   37.5000   22.5000 9353.3066   12.6322
   -7.5000   45.0000   22.5000 8387.4111   12.3791
    0.0000   45.0000   22.5000 8652.1934   12.3592
    7.5000   45.0000   22.5000 8374.5566   12.3310
   -7.5000  -45.0000   30.000010111.5771   12.8448
    0.0000  -45.0000   30.000010625.0830   12.8252
    7.5000  -45.0000   30.000010216.2158   12.7973
   -7.5000  -37.5000   30.000010512.4336   12.8303
    0.0000  -37.5000   30.000011020.6396   12.8097
    7.5000  -37.5000   30.000010604.9844   12.7812
   -7.5000  -30.0000   30.000011203.9980   12.8264
    0.0000  -30.0000   30.000011737.7939   12.8061
    7.5000  -30.0000   30.000011283.7773   12.7752
   -7.5000  -22.5000   30.000011777.2324   12.8388
    0.0000  -22.5000   30.000012369.9883   12.8201
    7.5000  -22.5000   30.000011881.7002   12.7871
   -7.5000  -15.0000   30.000012220.3389   12.8546
    0.0000  -15.0000   30.000012799.2471   12.8370
    7.5000  -15.0000   30.000012326.4111   12.8041
   -7.5000   -7.5000   30.000012667.5576   12.8568
    0.0000   -7.5000   30.000013207.9170   12.8385
    7.5000   -7.5000   30.000012758.2695   12.8083
   -7.5000    0.0000   30.000013029.7344   12.8448
    0.0000    0.0000   30.000013543.2188   12.8252
    7.5000    0.0000   30.000013098.0674   12.7973
   -7.5000    7.5000   30.000012351.4785   12.8303
    0.0000    7.5000   30.000012830.9453   12.8097
    7.5000    7.5000   30.000012396.1143   12.7812
   -7.5000   15.0000   30.000011552.5537   12.8264
    0.0000   15.0000   30.000011974.9424   12.8061
    7.5000   15.0000   30.000011567.0645   12.7752
   -7.5000   22.5000   30.000010593.4609   12.8329
    0.0000   22.5000   30.000010972.7549   12.8142
    7.5000   22.5000   30.000010580.8135   12.7812
   -7.5000   30.0000   30.0000 9542.5293   12.6883
    0.0000   30.0000   30.0000 9884.2129   12.6708
    7.5000   30.0000   30.0000 9538.8721   12.6384
   -7.5000   37.5000   30.0000 8863.2852   12.6904
    0.0000   37.5000   30.0000 9175.9404   12.6724
    7.5000   37.5000   30.0000 8851.9521   12.6426
   -7.5000   45.0000   30.0000 7882.6841   12.3859
    0.0000   45.0000   30.0000 8145.6484   12.3672
    7.5000   45.0000   30.0000 7857.0615   12.3407
   -7.5000  -45.0000   37.5000 9826.7949   12.8538
    0.0000  -45.0000   37.500010335.0186   12.8353
    7.5000  -45.0000   37.5000 9938.0850   12.8076
   -7.5000  -37.5000   37.500010237.8887   12.8376
    0.0000  -37.5000   37.500010771.4639   12.8185
    7.5000  -37.5000   37.500010348.0762   12.7910
   -7.5000  -30.0000   37.500010961.7812   12.8343
    0.0000  -30.0000   37.500011559.4287   12.8150
    7.5000  -30.0000   37.500011075.1396   12.7849
   -7.5000  -22.5000   37.500011570.6133   12.8491
    0.0000  -22.5000   37.500012222.5713   12.8304
    7.5000  -22.5000   37.500011697.6250   12.7975
   -7.5000  -15.0000   37.500012068.8906   12.8669
    0.0000  -15.0000   37.500012707.8037   12.8489
    7.5000  -15.0000   37.500012181.5352   12.8154
   -7.5000   -7.5000   37.500012509.6416   12.8683
    0.0000   -7.5000   37.500013121.3701   12.8502
    7.5000   -7.5000   37.500012600.7900   12.8194
   -7.5000    0.0000   37.500012838.2314   12.8538
    0.0000    0.0000   37.500013427.9609   12.8353
    7.5000    0.0000   37.500012907.3633   12.8076
   -7.5000    7.5000   37.500012148.7510   12.8376
    0.0000    7.5000   37.500012687.9385   12.8185
    7.5000    7.5000   37.500012185.9365   12.7910
   -7.5000   15.0000   37.500011333.5371   12.8343
    0.0000   15.0000   37.500011801.9268   12.8150
    7.5000   15.0000   37.500011338.6484   12.7849
   -7.5000   22.5000   37.500010383.5449   12.8432
    0.0000   22.5000   37.500010796.4102   12.8245
    7.5000   22.5000   37.500010374.9854   12.7916
   -7.5000   30.0000   37.5000 9361.3877   12.7004
    0.0000   30.0000   37.5000 9729.6826   12.6826
    7.5000   30.0000   37.5000 9364.3252   12.6495
   -7.5000   37.5000   37.5000 8680.4766   12.7017
    0.0000   37.5000   37.5000 9006.2949   12.6839
    7.5000   37.5000   37.5000 8669.6006   12.6535
   -7.5000   45.0000   37.5000 7675.5869   12.3948
    0.0000   45.0000   37.5000 7940.3428   12.3771
    7.5000   45.0000   37.5000 7653.2383   12.3509
   -7.5000  -45.0000   45.0000 9055.3799   12.7764
    0.0000  -45.0000   45.0000 9544.3994   12.7575
    7.5000  -45.0000   45.0000 9158.7227   12.7285
   -7.5000  -37.5000   45.0000 9464.3633   12.7611
    0.0000  -37.5000   45.0000 9969.9922   12.7418
    7.5000  -37.5000   45.0000 9555.3701   12.7135
   -7.5000  -30.0000   45.000010132.5449   12.7589
    0.0000  -30.0000   45.000010691.0762   12.7395
    7.5000  -30.0000   45.000010240.7266   12.7090
   -7.5000  -22.5000   45.000010702.6836   12.7739
    0.0000  -22.5000   45.000011306.8955   12.7548
    7.5000  -22.5000   45.000010833.6387   12.7216
   -7.5000  -15.0000   45.000011187.9375   12.7909
    0.0000  -15.0000   45.000011802.8672   12.7724
    7.5000  -15.0000   45.000011319.2881   12.7383
   -7.5000   -7.5000   45.000011610.2666   12.7912
    0.0000   -7.5000   45.000012203.5645   12.7727
    7.5000   -7.5000   45.000011710.0625   12.7408
   -7.5000    0.0000   45.000011911.5166   12.7764
    0.0000    0.0000   45.000012494.8584   12.7575
    7.5000    0.0000   45.000011994.6240   12.7285
   -7.5000    7.5000   45.000011286.8496   12.7611
    0.0000    7.5000   45.000011821.5527   12.7418
    7.5000    7.5000   45.000011335.6982   12.7135
   -7.5000   15.0000   45.000010536.2900   12.7589
    0.0000   15.0000   45.000011008.2246   12.7395
    7.5000   15.0000   45.000010549.4678   12.7090
   -7.5000   22.5000   45.0000 9657.9678   12.7679
    0.0000   22.5000   45.000010079.4961   12.7489
    7.5000   22.5000   45.0000 9659.9062   12.7157
   -7.5000   30.0000   45.0000 8710.4697   12.6243
    0.0000   30.0000   45.0000 9098.7588   12.6060
    7.5000   30.0000   45.0000 8734.4473   12.5724
   -7.5000   37.5000   45.0000 8065.7715   12.6246
    0.0000   37.5000   45.0000 8409.2031   12.6063
    7.5000   37.5000   45.0000 8080.1519   12.5749
   -7.5000   45.0000   45.0000 7121.0127   12.3259
    0.0000   45.0000   45.0000 7395.3047   12.3079
    7.5000   45.0000   45.0000 7115.3857   12.2806

---------------------------------------------------------------------
imgreg_4dfp /usr/local/freesurfer/dev/average/711-2C_as_mni_average_305 /usr/local/freesurfer/dev/average/711-2B_as_mni_average_305_mask talsrcimg_g11 none talsrcimg_to_711-2C_as_mni_average_305_t4 4355
---------------------------------------------------------------------

$Id: imgreg_4dfp.c,v 1.4 2010/02/27 01:41:53 nicks Exp $
/usr/local/freesurfer/dev/average/711-2C_as_mni_average_305.4dfp.img
       256       256       256         1
  1.000000  1.000000  1.000000
orientation T byte_order littleendian
Reading image: /usr/local/freesurfer/dev/average/711-2C_as_mni_average_305.4dfp.img
dimensions:      256       256       256
mmppix:       1.0000   -1.0000   -1.0000
center:     128.0000 -129.0000 -129.0000
/usr/local/freesurfer/dev/average/711-2B_as_mni_average_305_mask.4dfp.img
       256       256       256         1
  1.000000  1.000000  1.000000
orientation T byte_order littleendian
Reading mask: /usr/local/freesurfer/dev/average/711-2B_as_mni_average_305_mask.4dfp.img (2306576 pixels)
talsrcimg_g11.4dfp.img
       256       256       256         1
  1.000000  1.000000  1.000000
orientation T byte_order littleendian
Reading image: talsrcimg_g11.4dfp.img
dimensions:      256       256       256
mmppix:       1.0000   -1.0000   -1.0000
center:     128.0000 -129.0000 -129.0000
rotation matrix determinant  1.000000
image alignment mode   4355 decimal     1103 hex
   -7.5000  -45.0000  -45.0000 1916.3650   12.0376
    0.0000  -45.0000  -45.0000 1936.0062   11.9134
    7.5000  -45.0000  -45.0000 1926.9084   11.9892
   -7.5000  -37.5000  -45.0000 1980.2061   11.2451
    0.0000  -37.5000  -45.0000 2000.8507   11.1339
    7.5000  -37.5000  -45.0000 1990.6749   11.2036
   -7.5000  -30.0000  -45.0000 2017.6995   10.7393
    0.0000  -30.0000  -45.0000 2041.6018   10.5971
    7.5000  -30.0000  -45.0000 2028.5148   10.6575
   -7.5000  -22.5000  -45.0000 2038.7297   10.4598
    0.0000  -22.5000  -45.0000 2065.6487   10.3086
    7.5000  -22.5000  -45.0000 2052.8252   10.3610
   -7.5000  -15.0000  -45.0000 2026.5914   10.5033
    0.0000  -15.0000  -45.0000 2055.4453   10.3481
    7.5000  -15.0000  -45.0000 2041.1483   10.4120
   -7.5000   -7.5000  -45.0000 1998.2516   10.7761
    0.0000   -7.5000  -45.0000 2028.7008   10.5975
    7.5000   -7.5000  -45.0000 2014.6482   10.6644
   -7.5000    0.0000  -45.0000 1955.7286   11.2070
    0.0000    0.0000  -45.0000 1984.9669   11.0296
    7.5000    0.0000  -45.0000 1971.9080   11.1147
   -7.5000    7.5000  -45.0000 1900.8530   11.8260
    0.0000    7.5000  -45.0000 1931.3818   11.6443
    7.5000    7.5000  -45.0000 1916.2235   11.7309
   -7.5000   15.0000  -45.0000 1825.7588   12.6754
    0.0000   15.0000  -45.0000 1859.1312   12.4996
    7.5000   15.0000  -45.0000 1839.6199   12.5915
   -7.5000   22.5000  -45.0000 1733.4471   13.8661
    0.0000   22.5000  -45.0000 1769.9962   13.6653
    7.5000   22.5000  -45.0000 1748.2438   13.7477
   -7.5000   30.0000  -45.0000 1626.1514   15.6149
    0.0000   30.0000  -45.0000 1658.0060   15.4288
    7.5000   30.0000  -45.0000 1639.0087   15.4993
   -7.5000   37.5000  -45.0000 1516.4719   18.0541
    0.0000   37.5000  -45.0000 1539.4618   17.8274
    7.5000   37.5000  -45.0000 1527.8159   17.8625
   -7.5000   45.0000  -45.0000 1387.6733   21.4963
    0.0000   45.0000  -45.0000 1413.8273   21.2280
    7.5000   45.0000  -45.0000 1396.8470   21.2991
   -7.5000  -45.0000  -37.5000 2023.9712   11.0173
    0.0000  -45.0000  -37.5000 2045.6305   10.8936
    7.5000  -45.0000  -37.5000 2032.6901   10.9777
   -7.5000  -37.5000  -37.5000 2081.4619   10.2942
    0.0000  -37.5000  -37.5000 2105.3977   10.1883
    7.5000  -37.5000  -37.5000 2094.6194   10.2458
   -7.5000  -30.0000  -37.5000 2117.2776    9.7931
    0.0000  -30.0000  -37.5000 2144.8806    9.6683
    7.5000  -30.0000  -37.5000 2132.6443    9.7314
   -7.5000  -22.5000  -37.5000 2131.2122    9.5516
    0.0000  -22.5000  -37.5000 2162.1331    9.4063
    7.5000  -22.5000  -37.5000 2145.8701    9.4648
   -7.5000  -15.0000  -37.5000 2121.7395    9.5708
    0.0000  -15.0000  -37.5000 2153.8877    9.4129
    7.5000  -15.0000  -37.5000 2136.0566    9.4816
   -7.5000   -7.5000  -37.5000 2097.3826    9.7895
    0.0000   -7.5000  -37.5000 2130.9509    9.6252
    7.5000   -7.5000  -37.5000 2115.9460    9.6947
   -7.5000    0.0000  -37.5000 2057.1313   10.1632
    0.0000    0.0000  -37.5000 2094.8213    9.9879
    7.5000    0.0000  -37.5000 2077.3630   10.0771
   -7.5000    7.5000  -37.5000 1999.6428   10.7329
    0.0000    7.5000  -37.5000 2032.8776   10.5688
    7.5000    7.5000  -37.5000 2016.0732   10.6390
   -7.5000   15.0000  -37.5000 1921.8164   11.5133
    0.0000   15.0000  -37.5000 1956.0070   11.3165
    7.5000   15.0000  -37.5000 1936.6528   11.4174
   -7.5000   22.5000  -37.5000 1827.0214   12.5878
    0.0000   22.5000  -37.5000 1862.5865   12.3788
    7.5000   22.5000  -37.5000 1845.1256   12.4751
   -7.5000   30.0000  -37.5000 1714.9683   14.1264
    0.0000   30.0000  -37.5000 1748.8215   13.9396
    7.5000   30.0000  -37.5000 1730.0509   14.0294
   -7.5000   37.5000  -37.5000 1595.0314   16.2594
    0.0000   37.5000  -37.5000 1621.5326   16.0599
    7.5000   37.5000  -37.5000 1608.8933   16.1515
   -7.5000   45.0000  -37.5000 1460.8022   19.2524
    0.0000   45.0000  -37.5000 1487.3743   18.9795
    7.5000   45.0000  -37.5000 1472.1239   19.0366
   -7.5000  -45.0000  -30.0000 2156.3989   10.4782
    0.0000  -45.0000  -30.0000 2182.8560   10.3492
    7.5000  -45.0000  -30.0000 2169.3547   10.4358
   -7.5000  -37.5000  -30.0000 2222.1516    9.7517
    0.0000  -37.5000  -30.0000 2249.8296    9.6396
    7.5000  -37.5000  -30.0000 2235.7354    9.6908
   -7.5000  -30.0000  -30.0000 2259.2625    9.2714
    0.0000  -30.0000  -30.0000 2284.1462    9.1517
    7.5000  -30.0000  -30.0000 2273.4934    9.2118
   -7.5000  -22.5000  -30.0000 2268.0144    9.0461
    0.0000  -22.5000  -30.0000 2297.6230    8.9216
    7.5000  -22.5000  -30.0000 2286.3428    8.9719
   -7.5000  -15.0000  -30.0000 2264.6775    9.0340
    0.0000  -15.0000  -30.0000 2295.8179    8.8865
    7.5000  -15.0000  -30.0000 2282.5601    8.9594
   -7.5000   -7.5000  -30.0000 2245.1023    9.2126
    0.0000   -7.5000  -30.0000 2283.3970    9.0505
    7.5000   -7.5000  -30.0000 2266.9961    9.1284
   -7.5000    0.0000  -30.0000 2207.6013    9.5531
    0.0000    0.0000  -30.0000 2244.8376    9.3807
    7.5000    0.0000  -30.0000 2226.8523    9.4655
   -7.5000    7.5000  -30.0000 2143.9648   10.0860
    0.0000    7.5000  -30.0000 2181.2300    9.9093
    7.5000    7.5000  -30.0000 2163.0884    9.9996
   -7.5000   15.0000  -30.0000 2059.3140   10.8458
    0.0000   15.0000  -30.0000 2094.2778   10.6370
    7.5000   15.0000  -30.0000 2078.1299   10.7440
   -7.5000   22.5000  -30.0000 1955.7749   11.8966
    0.0000   22.5000  -30.0000 1990.9531   11.6721
    7.5000   22.5000  -30.0000 1971.7930   11.7763
   -7.5000   30.0000  -30.0000 1830.2212   13.3208
    0.0000   30.0000  -30.0000 1868.9609   13.1058
    7.5000   30.0000  -30.0000 1849.7609   13.2110
   -7.5000   37.5000  -30.0000 1699.1105   15.2814
    0.0000   37.5000  -30.0000 1729.4154   15.0418
    7.5000   37.5000  -30.0000 1717.4918   15.1464
   -7.5000   45.0000  -30.0000 1559.2589   18.0224
    0.0000   45.0000  -30.0000 1587.1313   17.7130
    7.5000   45.0000  -30.0000 1572.9802   17.7812
   -7.5000  -45.0000  -22.5000 2259.0151    9.8870
    0.0000  -45.0000  -22.5000 2285.2520    9.7431
    7.5000  -45.0000  -22.5000 2270.6960    9.8346
   -7.5000  -37.5000  -22.5000 2333.8599    9.1648
    0.0000  -37.5000  -22.5000 2361.9065    9.0213
    7.5000  -37.5000  -22.5000 2345.9939    9.1057
   -7.5000  -30.0000  -22.5000 2373.1272    8.7025
    0.0000  -30.0000  -22.5000 2401.7854    8.5736
    7.5000  -30.0000  -22.5000 2390.2678    8.6433
   -7.5000  -22.5000  -22.5000 2393.6555    8.4812
    0.0000  -22.5000  -22.5000 2426.2417    8.3460
    7.5000  -22.5000  -22.5000 2413.1936    8.4033
   -7.5000  -15.0000  -22.5000 2398.9861    8.4457
    0.0000  -15.0000  -22.5000 2434.0366    8.2907
    7.5000  -15.0000  -22.5000 2417.3987    8.3574
   -7.5000   -7.5000  -22.5000 2384.2380    8.6175
    0.0000   -7.5000  -22.5000 2423.4241    8.4437
    7.5000   -7.5000  -22.5000 2405.5857    8.5127
   -7.5000    0.0000  -22.5000 2342.3835    8.9330
    0.0000    0.0000  -22.5000 2382.7937    8.7512
    7.5000    0.0000  -22.5000 2363.2664    8.8236
   -7.5000    7.5000  -22.5000 2271.1404    9.4520
    0.0000    7.5000  -22.5000 2312.6719    9.2603
    7.5000    7.5000  -22.5000 2293.0569    9.3397
   -7.5000   15.0000  -22.5000 2177.6294   10.1874
    0.0000   15.0000  -22.5000 2217.6340    9.9858
    7.5000   15.0000  -22.5000 2198.0667   10.0729
   -7.5000   22.5000  -22.5000 2059.2417   11.2117
    0.0000   22.5000  -22.5000 2097.7046   10.9924
    7.5000   22.5000  -22.5000 2076.7803   11.0745
   -7.5000   30.0000  -22.5000 1925.3207   12.5638
    0.0000   30.0000  -22.5000 1965.4758   12.3271
    7.5000   30.0000  -22.5000 1946.7061   12.4074
   -7.5000   37.5000  -22.5000 1788.4435   14.3693
    0.0000   37.5000  -22.5000 1822.8324   14.1012
    7.5000   37.5000  -22.5000 1804.0919   14.1665
   -7.5000   45.0000  -22.5000 1638.3458   16.7792
    0.0000   45.0000  -22.5000 1668.4331   16.5132
    7.5000   45.0000  -22.5000 1652.4048   16.5841
   -7.5000  -45.0000  -15.0000 2327.7266    9.3248
    0.0000  -45.0000  -15.0000 2353.4963    9.1689
    7.5000  -45.0000  -15.0000 2339.6221    9.2639
   -7.5000  -37.5000  -15.0000 2411.2122    8.6174
    0.0000  -37.5000  -15.0000 2439.9453    8.4610
    7.5000  -37.5000  -15.0000 2423.1389    8.5567
   -7.5000  -30.0000  -15.0000 2467.1895    8.1508
    0.0000  -30.0000  -15.0000 2503.0640    8.0084
    7.5000  -30.0000  -15.0000 2483.7644    8.0865
   -7.5000  -22.5000  -15.0000 2505.7944    7.9144
    0.0000  -22.5000  -15.0000 2541.2678    7.7585
    7.5000  -22.5000  -15.0000 2522.1206    7.8284
   -7.5000  -15.0000  -15.0000 2518.1060    7.8899
    0.0000  -15.0000  -15.0000 2559.2649    7.7243
    7.5000  -15.0000  -15.0000 2537.8616    7.7852
   -7.5000   -7.5000  -15.0000 2503.2390    8.0549
    0.0000   -7.5000  -15.0000 2550.6223    7.8692
    7.5000   -7.5000  -15.0000 2529.7537    7.9308
   -7.5000    0.0000  -15.0000 2456.9578    8.3725
    0.0000    0.0000  -15.0000 2505.5093    8.1853
    7.5000    0.0000  -15.0000 2484.7097    8.2473
   -7.5000    7.5000  -15.0000 2378.4094    8.8749
    0.0000    7.5000  -15.0000 2426.3713    8.6924
    7.5000    7.5000  -15.0000 2404.2822    8.7549
   -7.5000   15.0000  -15.0000 2268.2891    9.6037
    0.0000   15.0000  -15.0000 2314.6321    9.4218
    7.5000   15.0000  -15.0000 2292.9124    9.4854
   -7.5000   22.5000  -15.0000 2141.6616   10.5965
    0.0000   22.5000  -15.0000 2182.8965   10.4024
    7.5000   22.5000  -15.0000 2162.9509   10.4611
   -7.5000   30.0000  -15.0000 1998.5194   11.8545
    0.0000   30.0000  -15.0000 2035.7585   11.6408
    7.5000   30.0000  -15.0000 2018.8926   11.7154
   -7.5000   37.5000  -15.0000 1850.6322   13.5546
    0.0000   37.5000  -15.0000 1882.6766   13.3017
    7.5000   37.5000  -15.0000 1866.0309   13.3550
   -7.5000   45.0000  -15.0000 1697.6217   15.7808
    0.0000   45.0000  -15.0000 1727.1555   15.4923
    7.5000   45.0000  -15.0000 1711.5880   15.5975
   -7.5000  -45.0000   -7.5000 2376.8809    8.8273
    0.0000  -45.0000   -7.5000 2408.2617    8.6752
    7.5000  -45.0000   -7.5000 2394.6992    8.7553
   -7.5000  -37.5000   -7.5000 2468.5129    8.1188
    0.0000  -37.5000   -7.5000 2505.9255    7.9653
    7.5000  -37.5000   -7.5000 2486.1270    8.0459
   -7.5000  -30.0000   -7.5000 2547.9048    7.6319
    0.0000  -30.0000   -7.5000 2586.5310    7.4820
    7.5000  -30.0000   -7.5000 2564.5146    7.5570
   -7.5000  -22.5000   -7.5000 2603.0000    7.3838
    0.0000  -22.5000   -7.5000 2643.3374    7.2257
    7.5000  -22.5000   -7.5000 2620.0442    7.2981
   -7.5000  -15.0000   -7.5000 2624.1064    7.3528
    0.0000  -15.0000   -7.5000 2675.2493    7.1823
    7.5000  -15.0000   -7.5000 2647.9033    7.2542
   -7.5000   -7.5000   -7.5000 2612.9451    7.5039
    0.0000   -7.5000   -7.5000 2672.2874    7.3279
    7.5000   -7.5000   -7.5000 2641.8022    7.3924
   -7.5000    0.0000   -7.5000 2554.1899    7.8291
    0.0000    0.0000   -7.5000 2611.7314    7.6607
    7.5000    0.0000   -7.5000 2584.6323    7.7248
   -7.5000    7.5000   -7.5000 2463.7122    8.3443
    0.0000    7.5000   -7.5000 2514.8867    8.1870
    7.5000    7.5000   -7.5000 2490.9624    8.2485
   -7.5000   15.0000   -7.5000 2343.2454    9.0750
    0.0000   15.0000   -7.5000 2389.3928    8.9096
    7.5000   15.0000   -7.5000 2369.3171    8.9700
   -7.5000   22.5000   -7.5000 2200.8525   10.0272
    0.0000   22.5000   -7.5000 2248.2280    9.8580
    7.5000   22.5000   -7.5000 2227.7515    9.9166
   -7.5000   30.0000   -7.5000 2054.1780   11.2357
    0.0000   30.0000   -7.5000 2087.3062   11.0491
    7.5000   30.0000   -7.5000 2072.3928   11.1050
   -7.5000   37.5000   -7.5000 1897.3982   12.8154
    0.0000   37.5000   -7.5000 1925.3743   12.5983
    7.5000   37.5000   -7.5000 1912.1129   12.6491
   -7.5000   45.0000   -7.5000 1742.9442   14.8821
    0.0000   45.0000   -7.5000 1769.1936   14.6170
    7.5000   45.0000   -7.5000 1753.7020   14.7018
   -7.5000  -45.0000    0.0000 2417.1709    8.4151
    0.0000  -45.0000    0.0000 2453.7466    8.2770
    7.5000  -45.0000    0.0000 2437.4758    8.3505
   -7.5000  -37.5000    0.0000 2521.7209    7.6957
    0.0000  -37.5000    0.0000 2559.2844    7.5560
    7.5000  -37.5000    0.0000 2541.4912    7.6360
   -7.5000  -30.0000    0.0000 2621.5598    7.1980
    0.0000  -30.0000    0.0000 2665.1646    7.0480
    7.5000  -30.0000    0.0000 2640.4094    7.1253
   -7.5000  -22.5000    0.0000 2695.3899    6.9401
    0.0000  -22.5000    0.0000 2743.0088    6.7692
    7.5000  -22.5000    0.0000 2713.6694    6.8469
   -7.5000  -15.0000    0.0000 2725.7932    6.8965
    0.0000  -15.0000    0.0000 2788.5273    6.7161
    7.5000  -15.0000    0.0000 2755.6062    6.7940
   -7.5000   -7.5000    0.0000 2709.2139    7.0571
    0.0000   -7.5000    0.0000 2776.8606    6.8776
    7.5000   -7.5000    0.0000 2739.0591    6.9490
   -7.5000    0.0000    0.0000 2638.1819    7.4061
    0.0000    0.0000    0.0000 2698.7844    7.2516
    7.5000    0.0000    0.0000 2666.1514    7.3038
   -7.5000    7.5000    0.0000 2533.7722    7.9370
    0.0000    7.5000    0.0000 2587.1738    7.7890
    7.5000    7.5000    0.0000 2562.3762    7.8456
   -7.5000   15.0000    0.0000 2400.9546    8.6647
    0.0000   15.0000    0.0000 2450.5940    8.5136
    7.5000   15.0000    0.0000 2428.6958    8.5528
   -7.5000   22.5000    0.0000 2253.8352    9.5933
    0.0000   22.5000    0.0000 2303.5881    9.4202
    7.5000   22.5000    0.0000 2279.7344    9.4651
   -7.5000   30.0000    0.0000 2092.0605   10.7533
    0.0000   30.0000    0.0000 2128.4331   10.5674
    7.5000   30.0000    0.0000 2112.7068   10.6236
   -7.5000   37.5000    0.0000 1924.3751   12.2633
    0.0000   37.5000    0.0000 1960.2869   12.0489
    7.5000   37.5000    0.0000 1947.1189   12.1163
   -7.5000   45.0000    0.0000 1768.9006   14.2156
    0.0000   45.0000    0.0000 1798.8792   13.9529
    7.5000   45.0000    0.0000 1786.2279   14.0354
   -7.5000  -45.0000    7.5000 2442.7812    8.1283
    0.0000  -45.0000    7.5000 2479.2749    7.9872
    7.5000  -45.0000    7.5000 2463.9294    8.0727
   -7.5000  -37.5000    7.5000 2568.8525    7.4003
    0.0000  -37.5000    7.5000 2611.2927    7.2665
    7.5000  -37.5000    7.5000 2590.4075    7.3358
   -7.5000  -30.0000    7.5000 2683.9380    6.8849
    0.0000  -30.0000    7.5000 2735.7249    6.7312
    7.5000  -30.0000    7.5000 2707.3132    6.8128
   -7.5000  -22.5000    7.5000 2775.1008    6.6035
    0.0000  -22.5000    7.5000 2842.0901    6.4256
    7.5000  -22.5000    7.5000 2804.1665    6.5139
   -7.5000  -15.0000    7.5000 2816.7473    6.5538
    0.0000  -15.0000    7.5000 2905.3418    6.3642
    7.5000  -15.0000    7.5000 2853.6123    6.4455
   -7.5000   -7.5000    7.5000 2789.6125    6.7161
    0.0000   -7.5000    7.5000 2869.1572    6.5412
    7.5000   -7.5000    7.5000 2823.7483    6.6125
   -7.5000    0.0000    7.5000 2703.4031    7.0959
    0.0000    0.0000    7.5000 2768.2417    6.9438
    7.5000    0.0000    7.5000 2734.4963    6.9949
   -7.5000    7.5000    7.5000 2584.4695    7.6432
    0.0000    7.5000    7.5000 2643.7292    7.5005
    7.5000    7.5000    7.5000 2615.3853    7.5467
   -7.5000   15.0000    7.5000 2444.4797    8.3602
    0.0000   15.0000    7.5000 2497.5039    8.2147
    7.5000   15.0000    7.5000 2471.2651    8.2612
   -7.5000   22.5000    7.5000 2288.7649    9.2638
    0.0000   22.5000    7.5000 2339.4397    9.1003
    7.5000   22.5000    7.5000 2313.6418    9.1602
   -7.5000   30.0000    7.5000 2115.8411   10.4052
    0.0000   30.0000    7.5000 2157.0269   10.2295
    7.5000   30.0000    7.5000 2137.3384   10.2925
   -7.5000   37.5000    7.5000 1952.1885   11.8694
    0.0000   37.5000    7.5000 1987.1218   11.6543
    7.5000   37.5000    7.5000 1972.5096   11.7242
   -7.5000   45.0000    7.5000 1784.7537   13.6974
    0.0000   45.0000    7.5000 1819.2729   13.4520
    7.5000   45.0000    7.5000 1804.6931   13.5360
   -7.5000  -45.0000   15.0000 2452.1489    8.0278
    0.0000  -45.0000   15.0000 2489.7947    7.8671
    7.5000  -45.0000   15.0000 2473.8027    7.9518
   -7.5000  -37.5000   15.0000 2590.3450    7.2637
    0.0000  -37.5000   15.0000 2639.3528    7.1161
    7.5000  -37.5000   15.0000 2618.0769    7.1988
   -7.5000  -30.0000   15.0000 2721.6924    6.7244
    0.0000  -30.0000   15.0000 2786.4724    6.5601
    7.5000  -30.0000   15.0000 2753.7424    6.6510
   -7.5000  -22.5000   15.0000 2829.4724    6.4378
    0.0000  -22.5000   15.0000 2932.3604    6.2550
    7.5000  -22.5000   15.0000 2872.1860    6.3422
   -7.5000  -15.0000   15.0000 2873.1226    6.3804
    0.0000  -15.0000   15.0000 2991.7212    6.2113
    7.5000  -15.0000   15.0000 2924.5349    6.2701
   -7.5000   -7.5000   15.0000 2833.2319    6.5303
    0.0000   -7.5000   15.0000 2922.2075    6.3608
    7.5000   -7.5000   15.0000 2875.5737    6.4227
   -7.5000    0.0000   15.0000 2736.0154    6.9201
    0.0000    0.0000   15.0000 2805.0693    6.7565
    7.5000    0.0000   15.0000 2770.4319    6.8174
   -7.5000    7.5000   15.0000 2609.1284    7.4861
    0.0000    7.5000   15.0000 2668.3403    7.3178
    7.5000    7.5000   15.0000 2638.6116    7.3779
   -7.5000   15.0000   15.0000 2462.9619    8.2132
    0.0000   15.0000   15.0000 2518.0044    8.0407
    7.5000   15.0000   15.0000 2489.0376    8.1062
   -7.5000   22.5000   15.0000 2300.3982    9.1129
    0.0000   22.5000   15.0000 2346.1746    8.9330
    7.5000   22.5000   15.0000 2322.4756    9.0157
   -7.5000   30.0000   15.0000 2127.5671   10.2301
    0.0000   30.0000   15.0000 2165.4915   10.0424
    7.5000   30.0000   15.0000 2147.8262   10.1281
   -7.5000   37.5000   15.0000 1959.9927   11.6184
    0.0000   37.5000   15.0000 1996.5763   11.4063
    7.5000   37.5000   15.0000 1979.7782   11.5045
   -7.5000   45.0000   15.0000 1793.2864   13.3501
    0.0000   45.0000   15.0000 1833.2959   13.0988
    7.5000   45.0000   15.0000 1817.0863   13.2168
   -7.5000  -45.0000   22.5000 2451.1526    8.0773
    0.0000  -45.0000   22.5000 2491.1028    7.9168
    7.5000  -45.0000   22.5000 2475.8325    7.9955
   -7.5000  -37.5000   22.5000 2590.6099    7.3298
    0.0000  -37.5000   22.5000 2642.1333    7.1676
    7.5000  -37.5000   22.5000 2621.1411    7.2429
   -7.5000  -30.0000   22.5000 2721.8254    6.7935
    0.0000  -30.0000   22.5000 2794.4087    6.6094
    7.5000  -30.0000   22.5000 2758.8271    6.6952
   -7.5000  -22.5000   22.5000 2829.2268    6.4900
    0.0000  -22.5000   22.5000 2938.9036    6.3035
    7.5000  -22.5000   22.5000 2879.1863    6.3915
   -7.5000  -15.0000   22.5000 2861.3186    6.4048
    0.0000  -15.0000   22.5000 2973.2864    6.2303
    7.5000  -15.0000   22.5000 2913.7996    6.3059
   -7.5000   -7.5000   22.5000 2819.8374    6.5622
    0.0000   -7.5000   22.5000 2903.9656    6.3771
    7.5000   -7.5000   22.5000 2868.2625    6.4492
   -7.5000    0.0000   22.5000 2729.7646    6.9326
    0.0000    0.0000   22.5000 2796.9932    6.7533
    7.5000    0.0000   22.5000 2769.4578    6.8217
   -7.5000    7.5000   22.5000 2605.3206    7.4809
    0.0000    7.5000   22.5000 2664.1785    7.2982
    7.5000    7.5000   22.5000 2640.2783    7.3653
   -7.5000   15.0000   22.5000 2459.9622    8.1820
    0.0000   15.0000   22.5000 2510.6929    8.0025
    7.5000   15.0000   22.5000 2489.1252    8.0773
   -7.5000   22.5000   22.5000 2297.2021    9.0681
    0.0000   22.5000   22.5000 2335.2717    8.8823
    7.5000   22.5000   22.5000 2317.9666    8.9585
   -7.5000   30.0000   22.5000 2128.2371   10.1733
    0.0000   30.0000   22.5000 2159.6523    9.9676
    7.5000   30.0000   22.5000 2146.1924   10.0496
   -7.5000   37.5000   22.5000 1958.3455   11.5300
    0.0000   37.5000   22.5000 1992.1090   11.2833
    7.5000   37.5000   22.5000 1979.7836   11.4046
   -7.5000   45.0000   22.5000 1786.7993   13.2277
    0.0000   45.0000   22.5000 1825.0513   12.9479
    7.5000   45.0000   22.5000 1814.1029   13.0991
   -7.5000  -45.0000   30.0000 2436.4255    8.2784
    0.0000  -45.0000   30.0000 2477.1646    8.1074
    7.5000  -45.0000   30.0000 2461.7246    8.1757
   -7.5000  -37.5000   30.0000 2568.6907    7.5536
    0.0000  -37.5000   30.0000 2616.4680    7.3665
    7.5000  -37.5000   30.0000 2600.9580    7.4402
   -7.5000  -30.0000   30.0000 2689.2419    7.0340
    0.0000  -30.0000   30.0000 2754.4983    6.8650
    7.5000  -30.0000   30.0000 2726.2075    6.9322
   -7.5000  -22.5000   30.0000 2773.4473    6.7442
    0.0000  -22.5000   30.0000 2854.2012    6.5932
    7.5000  -22.5000   30.0000 2816.8635    6.6553
   -7.5000  -15.0000   30.0000 2790.2822    6.6673
    0.0000  -15.0000   30.0000 2866.2957    6.5117
    7.5000  -15.0000   30.0000 2834.5557    6.5766
   -7.5000   -7.5000   30.0000 2759.6216    6.7905
    0.0000   -7.5000   30.0000 2825.9524    6.6205
    7.5000   -7.5000   30.0000 2801.8503    6.6897
   -7.5000    0.0000   30.0000 2679.8530    7.1012
    0.0000    0.0000   30.0000 2737.0820    6.9209
    7.5000    0.0000   30.0000 2718.1096    6.9965
   -7.5000    7.5000   30.0000 2569.2317    7.5980
    0.0000    7.5000   30.0000 2622.3838    7.4097
    7.5000    7.5000   30.0000 2605.4280    7.4781
   -7.5000   15.0000   30.0000 2439.0576    8.2600
    0.0000   15.0000   30.0000 2480.3787    8.0633
    7.5000   15.0000   30.0000 2466.8760    8.1431
   -7.5000   22.5000   30.0000 2280.4866    9.1206
    0.0000   22.5000   30.0000 2317.3740    8.9190
    7.5000   22.5000   30.0000 2302.9641    8.9878
   -7.5000   30.0000   30.0000 2109.5439   10.2201
    0.0000   30.0000   30.0000 2146.9028   10.0073
    7.5000   30.0000   30.0000 2135.0291   10.0976
   -7.5000   37.5000   30.0000 1940.2837   11.5863
    0.0000   37.5000   30.0000 1977.1095   11.3261
    7.5000   37.5000   30.0000 1967.0338   11.4483
   -7.5000   45.0000   30.0000 1772.7052   13.2993
    0.0000   45.0000   30.0000 1807.8226   13.0019
    7.5000   45.0000   30.0000 1795.7197   13.1248
   -7.5000  -45.0000   37.5000 2404.6814    8.6369
    0.0000  -45.0000   37.5000 2443.6414    8.4493
    7.5000  -45.0000   37.5000 2432.3523    8.5136
   -7.5000  -37.5000   37.5000 2522.7249    7.9224
    0.0000  -37.5000   37.5000 2568.8918    7.7589
    7.5000  -37.5000   37.5000 2554.6812    7.8205
   -7.5000  -30.0000   37.5000 2623.8972    7.4351
    0.0000  -30.0000   37.5000 2680.5852    7.3045
    7.5000  -30.0000   37.5000 2656.0725    7.3587
   -7.5000  -22.5000   37.5000 2683.4421    7.1815
    0.0000  -22.5000   37.5000 2744.0764    7.0629
    7.5000  -22.5000   37.5000 2719.7341    7.1067
   -7.5000  -15.0000   37.5000 2688.8574    7.1158
    0.0000  -15.0000   37.5000 2745.4104    6.9837
    7.5000  -15.0000   37.5000 2726.7854    7.0227
   -7.5000   -7.5000   37.5000 2665.3401    7.1925
    0.0000   -7.5000   37.5000 2714.6309    7.0569
    7.5000   -7.5000   37.5000 2699.8064    7.0959
   -7.5000    0.0000   37.5000 2602.2571    7.4349
    0.0000    0.0000   37.5000 2646.6157    7.2910
    7.5000    0.0000   37.5000 2633.4412    7.3392
   -7.5000    7.5000   37.5000 2510.4985    7.8536
    0.0000    7.5000   37.5000 2553.2134    7.6887
    7.5000    7.5000   37.5000 2537.9211    7.7453
   -7.5000   15.0000   37.5000 2393.4507    8.4589
    0.0000   15.0000   37.5000 2429.8438    8.2634
    7.5000   15.0000   37.5000 2416.5820    8.3317
   -7.5000   22.5000   37.5000 2246.4072    9.2978
    0.0000   22.5000   37.5000 2281.0972    9.0903
    7.5000   22.5000   37.5000 2268.3467    9.1448
   -7.5000   30.0000   37.5000 2084.2666   10.3885
    0.0000   30.0000   37.5000 2119.8108   10.1444
    7.5000   30.0000   37.5000 2109.3752   10.2384
   -7.5000   37.5000   37.5000 1917.9679   11.7871
    0.0000   37.5000   37.5000 1952.0460   11.5083
    7.5000   37.5000   37.5000 1942.2885   11.6171
   -7.5000   45.0000   37.5000 1746.6318   13.5339
    0.0000   45.0000   37.5000 1778.3912   13.2234
    7.5000   45.0000   37.5000 1766.8167   13.3551
   -7.5000  -45.0000   45.0000 2350.0129    9.1671
    0.0000  -45.0000   45.0000 2391.4314    8.9972
    7.5000  -45.0000   45.0000 2377.7832    9.0601
   -7.5000  -37.5000   45.0000 2457.6196    8.4789
    0.0000  -37.5000   45.0000 2500.7512    8.3368
    7.5000  -37.5000   45.0000 2485.1987    8.3974
   -7.5000  -30.0000   45.0000 2536.0437    8.0059
    0.0000  -30.0000   45.0000 2583.6165    7.8864
    7.5000  -30.0000   45.0000 2565.8594    7.9405
   -7.5000  -22.5000   45.0000 2575.9778    7.7591
    0.0000  -22.5000   45.0000 2624.7207    7.6506
    7.5000  -22.5000   45.0000 2608.5337    7.6877
   -7.5000  -15.0000   45.0000 2577.1248    7.6655
    0.0000  -15.0000   45.0000 2625.2832    7.5541
    7.5000  -15.0000   45.0000 2611.9890    7.5852
   -7.5000   -7.5000   45.0000 2556.2930    7.7091
    0.0000   -7.5000   45.0000 2596.7349    7.5869
    7.5000   -7.5000   45.0000 2585.4429    7.6192
   -7.5000    0.0000   45.0000 2507.5254    7.8960
    0.0000    0.0000   45.0000 2543.2271    7.7708
    7.5000    0.0000   45.0000 2534.0400    7.8114
   -7.5000    7.5000   45.0000 2431.1138    8.2452
    0.0000    7.5000   45.0000 2465.1165    8.1111
    7.5000    7.5000   45.0000 2454.8452    8.1496
   -7.5000   15.0000   45.0000 2329.3450    8.7875
    0.0000   15.0000   45.0000 2359.9148    8.6186
    7.5000   15.0000   45.0000 2348.0400    8.6687
   -7.5000   22.5000   45.0000 2197.5852    9.5893
    0.0000   22.5000   45.0000 2228.5300    9.3957
    7.5000   22.5000   45.0000 2216.0935    9.4540
   -7.5000   30.0000   45.0000 2041.7844   10.6634
    0.0000   30.0000   45.0000 2076.5247   10.4482
    7.5000   30.0000   45.0000 2065.9414   10.5337
   -7.5000   37.5000   45.0000 1876.5461   12.0698
    0.0000   37.5000   45.0000 1911.6666   11.8164
    7.5000   37.5000   45.0000 1901.1617   11.9064
   -7.5000   45.0000   45.0000 1712.8574   13.8425
    0.0000   45.0000   45.0000 1741.1406   13.5676
    7.5000   45.0000   45.0000 1731.2823   13.6751

---------------------------------------------------------------------
imgreg_4dfp /usr/local/freesurfer/dev/average/711-2C_as_mni_average_305 /usr/local/freesurfer/dev/average/711-2B_as_mni_average_305_mask talsrcimg_g11 none talsrcimg_to_711-2C_as_mni_average_305_t4 1283
---------------------------------------------------------------------

$Id: imgreg_4dfp.c,v 1.4 2010/02/27 01:41:53 nicks Exp $
/usr/local/freesurfer/dev/average/711-2C_as_mni_average_305.4dfp.img
       256       256       256         1
  1.000000  1.000000  1.000000
orientation T byte_order littleendian
Reading image: /usr/local/freesurfer/dev/average/711-2C_as_mni_average_305.4dfp.img
dimensions:      256       256       256
mmppix:       1.0000   -1.0000   -1.0000
center:     128.0000 -129.0000 -129.0000
/usr/local/freesurfer/dev/average/711-2B_as_mni_average_305_mask.4dfp.img
       256       256       256         1
  1.000000  1.000000  1.000000
orientation T byte_order littleendian
Reading mask: /usr/local/freesurfer/dev/average/711-2B_as_mni_average_305_mask.4dfp.img (2306576 pixels)
talsrcimg_g11.4dfp.img
       256       256       256         1
  1.000000  1.000000  1.000000
orientation T byte_order littleendian
Reading image: talsrcimg_g11.4dfp.img
dimensions:      256       256       256
mmppix:       1.0000   -1.0000   -1.0000
center:     128.0000 -129.0000 -129.0000
rotation matrix determinant  1.000000
$Id: fimgreg.f,v 1.1 2007/05/04 22:33:59 nicks Exp $
image alignment mode   1283 decimal      503 hex
parameters
    0.0000  -15.0000   15.0000    0.0000    0.0000    0.0000
eta,q 0.94133  6.17195
niter,ni,del,rscale     5    3   12.0000    1.2000
parameters
    1.1078  -15.6138   17.3346   -2.9585    0.1384   -0.6090
eta,q 0.94687  6.16605
  0.0838  0.0703  0.0804  0.0563  0.0629  0.0601
  0.0712  0.0629  0.0712  0.0537  0.0582  0.0559
  0.0626  0.0588  0.0634  0.0537  0.0549  0.0536
  0.0585  0.0582  0.0578  0.0558  0.0534  0.0533
  0.0589  0.0612  0.0560  0.0592  0.0540  0.0550
  0.0625  0.0674  0.0573  0.0636  0.0570  0.0585
  0.0699  0.0759  0.0613  0.0688  0.0626  0.0633
niter,ni,del,rscale     4    3   12.0000    1.2000
parameters
    1.1877  -15.0245   17.1532   -3.2619    0.2692   -0.6962
eta,q 0.94688  6.16732
  0.0725  0.0754  0.0661  0.0608  0.0625  0.0612
  0.0616  0.0648  0.0591  0.0575  0.0579  0.0570
  0.0550  0.0566  0.0547  0.0542  0.0547  0.0540
  0.0531  0.0531  0.0532  0.0532  0.0531  0.0531
  0.0550  0.0549  0.0550  0.0548  0.0538  0.0543
  0.0608  0.0603  0.0600  0.0583  0.0567  0.0573
  0.0715  0.0679  0.0679  0.0627  0.0624  0.0616
niter,ni,del,rscale     3    3   12.0000    1.2000
parameters
    1.1579  -14.8404   17.1004   -3.4069    0.3011   -0.7138
eta,q 0.94681  6.16820
  0.0713  0.0731  0.0666  0.0612  0.0622  0.0613
  0.0609  0.0626  0.0594  0.0579  0.0577  0.0572
  0.0547  0.0553  0.0549  0.0545  0.0545  0.0541
  0.0531  0.0531  0.0532  0.0532  0.0532  0.0532
  0.0550  0.0559  0.0547  0.0545  0.0539  0.0543
  0.0610  0.0620  0.0595  0.0579  0.0569  0.0572
  0.0718  0.0698  0.0673  0.0624  0.0626  0.0614
niter,ni,del,rscale     2    3   12.0000    1.2000
parameters
    1.1564  -14.7702   17.0780   -3.4658    0.3038   -0.7145
eta,q 0.94677  6.16867
  0.0714  0.0725  0.0667  0.0613  0.0621  0.0614
  0.0610  0.0620  0.0595  0.0581  0.0577  0.0572
  0.0549  0.0550  0.0550  0.0547  0.0545  0.0542
  0.0532  0.0532  0.0532  0.0532  0.0532  0.0532
  0.0550  0.0563  0.0547  0.0544  0.0540  0.0543
  0.0608  0.0625  0.0594  0.0578  0.0570  0.0572
  0.0715  0.0704  0.0671  0.0622  0.0627  0.0614
niter,ni,del,rscale     1    3   12.0000    1.2000
parameters
    1.1593  -14.7423   17.0689   -3.4899    0.3010   -0.7127
eta,q 0.94676  6.16889
  0.0714  0.0722  0.0667  0.0614  0.0621  0.0614
  0.0611  0.0618  0.0595  0.0582  0.0577  0.0573
  0.0549  0.0549  0.0550  0.0548  0.0545  0.0542
  0.0532  0.0532  0.0532  0.0532  0.0532  0.0532
  0.0550  0.0564  0.0547  0.0544  0.0540  0.0543
  0.0608  0.0627  0.0594  0.0577  0.0570  0.0572
  0.0715  0.0706  0.0671  0.0621  0.0627  0.0614
registration optimization eta report
parameter search radius
    6.0000    6.0000    6.0000    6.0000    6.0000    6.0000
100000*second partial in parameter space
       51.       50.       38.       23.       25.       22.
  0.0714  0.0722  0.0667  0.0614  0.0621  0.0614
  0.0611  0.0618  0.0595  0.0582  0.0577  0.0573
  0.0549  0.0549  0.0550  0.0548  0.0545  0.0542
  0.0532  0.0532  0.0532  0.0532  0.0532  0.0532
  0.0550  0.0564  0.0547  0.0544  0.0540  0.0543
  0.0608  0.0627  0.0594  0.0577  0.0570  0.0572
  0.0715  0.0706  0.0671  0.0621  0.0627  0.0614
    1.1593  -14.7423   17.0689   -3.4899    0.3010   -0.7127
eta,q 0.94676  6.16889

---------------------------------------------------------------------
imgreg_4dfp /usr/local/freesurfer/dev/average/711-2C_as_mni_average_305 /usr/local/freesurfer/dev/average/711-2B_as_mni_average_305_mask talsrcimg_g11 none talsrcimg_to_711-2C_as_mni_average_305_t4 3335
---------------------------------------------------------------------

$Id: imgreg_4dfp.c,v 1.4 2010/02/27 01:41:53 nicks Exp $
/usr/local/freesurfer/dev/average/711-2C_as_mni_average_305.4dfp.img
       256       256       256         1
  1.000000  1.000000  1.000000
orientation T byte_order littleendian
Reading image: /usr/local/freesurfer/dev/average/711-2C_as_mni_average_305.4dfp.img
dimensions:      256       256       256
mmppix:       1.0000   -1.0000   -1.0000
center:     128.0000 -129.0000 -129.0000
/usr/local/freesurfer/dev/average/711-2B_as_mni_average_305_mask.4dfp.img
       256       256       256         1
  1.000000  1.000000  1.000000
orientation T byte_order littleendian
Reading mask: /usr/local/freesurfer/dev/average/711-2B_as_mni_average_305_mask.4dfp.img (2306576 pixels)
talsrcimg_g11.4dfp.img
       256       256       256         1
  1.000000  1.000000  1.000000
orientation T byte_order littleendian
Reading image: talsrcimg_g11.4dfp.img
dimensions:      256       256       256
mmppix:       1.0000   -1.0000   -1.0000
center:     128.0000 -129.0000 -129.0000
$Id: fimgreg.f,v 1.1 2007/05/04 22:33:59 nicks Exp $
image alignment mode   3335 decimal      D07 hex
parameters
    1.1593  -14.7423   17.0689   -0.0091   -0.1936   -0.1868
    1.2736   -0.4485   -1.2439    6.0933    0.5253   -6.0872
eta,q 0.94660  6.16341
niter,ni,del,rscale     5    3    5.0000    1.2000
parameter  4  1.345713 ->  0.500000 qaram    1.1500
parameter  5  1.754630 ->  0.500000 qaram    1.1500
parameter  6  0.969989 ->  0.500000 qaram    1.1500
parameters
    0.9898  -15.0820   17.5218   -4.1491   -4.3336   -4.3268
    0.5331   -0.0522   -1.2507    4.6285    0.6430   -2.5709
eta,q 0.96292  5.51839
  0.0566  0.0553  0.0562  0.0465  0.0399  0.0373  0.0409  0.0445  0.0412  0.0408  0.0402  0.0423
  0.0547  0.0540  0.0548  0.0475  0.0416  0.0377  0.0391  0.0412  0.0394  0.0387  0.0389  0.0403
  0.0537  0.0534  0.0538  0.0498  0.0444  0.0393  0.0382  0.0389  0.0383  0.0377  0.0380  0.0387
  0.0534  0.0534  0.0533  0.0532  0.0480  0.0423  0.0380  0.0380  0.0379  0.0379  0.0376  0.0376
  0.0540  0.0540  0.0532  0.0575  0.0523  0.0465  0.0387  0.0384  0.0383  0.0392  0.0379  0.0371
  0.0554  0.0551  0.0537  0.0625  0.0572  0.0518  0.0402  0.0403  0.0394  0.0414  0.0388  0.0372
  0.0577  0.0567  0.0547  0.0681  0.0626  0.0581  0.0423  0.0433  0.0412  0.0441  0.0401  0.0377
niter,ni,del,rscale     7    3    5.0000    1.2000
parameter  3  0.504170 ->  0.500000 qaram    1.1500
parameter  5  0.642627 ->  0.500000 qaram    1.3225
parameters
    1.1023  -14.7539   16.1418   -6.9200   -9.0946   -7.5939
    0.4627   -0.1305   -1.3781    4.4045    0.5412   -0.7533
eta,q 0.96672  5.15957
  0.0416  0.0411  0.0370  0.0387  0.0345  0.0352  0.0361  0.0377  0.0356  0.0364  0.0351  0.0360
  0.0392  0.0390  0.0365  0.0369  0.0340  0.0339  0.0346  0.0352  0.0344  0.0347  0.0342  0.0348
  0.0377  0.0377  0.0365  0.0360  0.0344  0.0334  0.0337  0.0338  0.0336  0.0337  0.0336  0.0339
  0.0371  0.0371  0.0370  0.0364  0.0360  0.0340  0.0334  0.0334  0.0334  0.0334  0.0334  0.0334
  0.0374  0.0372  0.0381  0.0388  0.0390  0.0363  0.0337  0.0340  0.0337  0.0338  0.0336  0.0333
  0.0387  0.0380  0.0397  0.0427  0.0431  0.0404  0.0347  0.0354  0.0345  0.0350  0.0343  0.0336
  0.0408  0.0393  0.0417  0.0477  0.0481  0.0460  0.0362  0.0377  0.0357  0.0368  0.0352  0.0343
niter,ni,del,rscale     7    3    5.0000    1.2000
parameters
    1.1825  -14.3079   15.6962   -6.2119  -10.6076   -8.6811
    0.3843   -0.0450   -1.4885    5.0500    0.6354   -0.2275
eta,q 0.96683  5.12024
  0.0366  0.0366  0.0348  0.0386  0.0361  0.0366  0.0358  0.0375  0.0351  0.0363  0.0349  0.0350
  0.0348  0.0349  0.0337  0.0364  0.0347  0.0349  0.0344  0.0351  0.0340  0.0347  0.0340  0.0340
  0.0337  0.0338  0.0332  0.0345  0.0335  0.0336  0.0335  0.0336  0.0334  0.0337  0.0334  0.0334
  0.0333  0.0333  0.0332  0.0332  0.0330  0.0331  0.0332  0.0332  0.0332  0.0332  0.0332  0.0332
  0.0336  0.0333  0.0337  0.0330  0.0337  0.0338  0.0335  0.0337  0.0335  0.0333  0.0334  0.0333
  0.0345  0.0338  0.0347  0.0345  0.0361  0.0360  0.0344  0.0351  0.0341  0.0340  0.0339  0.0337
  0.0362  0.0347  0.0362  0.0377  0.0403  0.0400  0.0359  0.0372  0.0352  0.0354  0.0348  0.0345
niter,ni,del,rscale     6    3    5.0000    1.2000
parameters
    1.1967  -14.0588   15.4435   -5.9779  -10.8783   -9.2107
    0.3926   -0.0335   -1.5700    5.4686    0.7193   -0.1320
eta,q 0.96682  5.11192
  0.0363  0.0356  0.0349  0.0381  0.0367  0.0368  0.0358  0.0374  0.0351  0.0359  0.0349  0.0348
  0.0346  0.0343  0.0338  0.0361  0.0352  0.0351  0.0344  0.0350  0.0340  0.0345  0.0340  0.0339
  0.0335  0.0335  0.0333  0.0343  0.0339  0.0338  0.0335  0.0336  0.0334  0.0336  0.0334  0.0334
  0.0332  0.0332  0.0332  0.0331  0.0331  0.0331  0.0332  0.0332  0.0332  0.0332  0.0332  0.0332
  0.0335  0.0333  0.0335  0.0333  0.0332  0.0335  0.0335  0.0337  0.0335  0.0333  0.0334  0.0333
  0.0345  0.0338  0.0344  0.0350  0.0348  0.0352  0.0344  0.0351  0.0341  0.0340  0.0339  0.0339
  0.0363  0.0347  0.0356  0.0383  0.0381  0.0387  0.0358  0.0373  0.0351  0.0355  0.0348  0.0347
niter,ni,del,rscale     5    3    5.0000    1.2000
parameters
    1.1953  -13.9145   15.2873   -5.9031  -10.9480   -9.5017
    0.4145   -0.0437   -1.6341    5.7580    0.7907   -0.1347
eta,q 0.96681  5.10837
  0.0363  0.0353  0.0350  0.0380  0.0368  0.0369  0.0359  0.0373  0.0351  0.0358  0.0349  0.0347
  0.0346  0.0341  0.0340  0.0360  0.0353  0.0352  0.0344  0.0350  0.0340  0.0345  0.0340  0.0339
  0.0335  0.0334  0.0333  0.0343  0.0340  0.0339  0.0335  0.0336  0.0334  0.0336  0.0334  0.0334
  0.0332  0.0332  0.0332  0.0332  0.0332  0.0332  0.0332  0.0332  0.0332  0.0332  0.0332  0.0332
  0.0335  0.0334  0.0335  0.0334  0.0332  0.0334  0.0335  0.0337  0.0335  0.0333  0.0334  0.0334
  0.0346  0.0339  0.0343  0.0352  0.0346  0.0350  0.0344  0.0351  0.0341  0.0341  0.0339  0.0339
  0.0363  0.0348  0.0355  0.0386  0.0378  0.0382  0.0358  0.0373  0.0351  0.0355  0.0348  0.0347
niter,ni,del,rscale     4    3    5.0000    1.2000
parameters
    1.1893  -13.8138   15.1857   -5.8760  -11.0033   -9.6833
    0.4362   -0.0562   -1.6844    5.9685    0.8448   -0.1451
eta,q 0.96679  5.10581
  0.0363  0.0352  0.0351  0.0380  0.0368  0.0369  0.0359  0.0373  0.0351  0.0357  0.0349  0.0347
  0.0346  0.0341  0.0340  0.0360  0.0354  0.0353  0.0344  0.0350  0.0340  0.0345  0.0340  0.0339
  0.0335  0.0334  0.0334  0.0343  0.0341  0.0339  0.0335  0.0336  0.0334  0.0336  0.0334  0.0334
  0.0332  0.0332  0.0332  0.0332  0.0332  0.0332  0.0332  0.0332  0.0332  0.0332  0.0332  0.0332
  0.0335  0.0334  0.0335  0.0334  0.0332  0.0334  0.0335  0.0337  0.0335  0.0334  0.0334  0.0334
  0.0346  0.0340  0.0342  0.0353  0.0346  0.0349  0.0344  0.0351  0.0341  0.0341  0.0339  0.0339
  0.0363  0.0349  0.0354  0.0387  0.0377  0.0380  0.0359  0.0373  0.0351  0.0356  0.0348  0.0347
niter,ni,del,rscale     3    3    5.0000    1.2000
parameters
    1.1849  -13.7401   15.1218   -5.8612  -11.0523   -9.8024
    0.4536   -0.0716   -1.7141    6.1257    0.8774   -0.1530
eta,q 0.96678  5.10399
  0.0363  0.0352  0.0351  0.0380  0.0368  0.0369  0.0359  0.0373  0.0351  0.0357  0.0349  0.0348
  0.0346  0.0341  0.0341  0.0360  0.0354  0.0353  0.0344  0.0350  0.0340  0.0344  0.0340  0.0339
  0.0336  0.0334  0.0334  0.0343  0.0341  0.0340  0.0335  0.0336  0.0334  0.0336  0.0334  0.0334
  0.0332  0.0332  0.0332  0.0332  0.0332  0.0332  0.0332  0.0332  0.0332  0.0332  0.0332  0.0332
  0.0336  0.0334  0.0335  0.0334  0.0332  0.0334  0.0335  0.0337  0.0335  0.0334  0.0334  0.0334
  0.0346  0.0340  0.0342  0.0353  0.0346  0.0348  0.0344  0.0351  0.0341  0.0341  0.0340  0.0339
  0.0363  0.0349  0.0353  0.0387  0.0377  0.0378  0.0359  0.0373  0.0351  0.0356  0.0348  0.0348
niter,ni,del,rscale     2    3    5.0000    1.2000
parameters
    1.1815  -13.6873   15.0761   -5.8536  -11.0928   -9.8918
    0.4667   -0.0783   -1.7392    6.2400    0.9000   -0.1563
eta,q 0.96676  5.10249
  0.0363  0.0352  0.0351  0.0380  0.0368  0.0370  0.0359  0.0373  0.0351  0.0357  0.0349  0.0348
  0.0346  0.0340  0.0341  0.0360  0.0354  0.0353  0.0344  0.0350  0.0340  0.0344  0.0340  0.0339
  0.0336  0.0334  0.0334  0.0343  0.0341  0.0340  0.0335  0.0336  0.0334  0.0336  0.0334  0.0334
  0.0332  0.0332  0.0332  0.0332  0.0332  0.0332  0.0332  0.0332  0.0332  0.0332  0.0332  0.0332
  0.0336  0.0334  0.0335  0.0335  0.0333  0.0334  0.0335  0.0337  0.0335  0.0334  0.0334  0.0334
  0.0346  0.0340  0.0342  0.0353  0.0346  0.0348  0.0344  0.0351  0.0341  0.0342  0.0340  0.0339
  0.0363  0.0349  0.0353  0.0387  0.0377  0.0378  0.0359  0.0373  0.0351  0.0357  0.0348  0.0348
niter,ni,del,rscale     1    3    5.0000    1.2000
parameters
    1.1812  -13.6495   15.0433   -5.8481  -11.1218   -9.9568
    0.4717   -0.0799   -1.7565    6.3223    0.9099   -0.1571
eta,q 0.96675  5.10142
  0.0363  0.0351  0.0352  0.0380  0.0368  0.0370  0.0359  0.0373  0.0351  0.0356  0.0349  0.0348
  0.0346  0.0340  0.0341  0.0360  0.0354  0.0353  0.0345  0.0351  0.0340  0.0344  0.0340  0.0339
  0.0336  0.0334  0.0335  0.0343  0.0341  0.0340  0.0335  0.0337  0.0334  0.0336  0.0334  0.0334
  0.0332  0.0332  0.0332  0.0332  0.0332  0.0332  0.0333  0.0333  0.0333  0.0333  0.0332  0.0332
  0.0336  0.0335  0.0335  0.0335  0.0333  0.0334  0.0335  0.0337  0.0335  0.0334  0.0334  0.0334
  0.0346  0.0341  0.0342  0.0353  0.0346  0.0348  0.0344  0.0351  0.0341  0.0342  0.0340  0.0339
  0.0363  0.0349  0.0353  0.0387  0.0377  0.0377  0.0359  0.0373  0.0351  0.0357  0.0349  0.0348
registration optimization eta report
parameter search radius
    2.4000    2.4000    2.7600    8.2800    9.5220    8.2800
    7.2000    7.2000    7.2000    7.2000    7.2000    7.2000
100000*second partial in parameter space
       53.       31.       26.        7.        4.        6.
        5.        8.        4.        5.        3.        3.
  0.0363  0.0351  0.0352  0.0380  0.0368  0.0370  0.0359  0.0373  0.0351  0.0356  0.0349  0.0348
  0.0346  0.0340  0.0341  0.0360  0.0354  0.0353  0.0345  0.0351  0.0340  0.0344  0.0340  0.0339
  0.0336  0.0334  0.0335  0.0343  0.0341  0.0340  0.0335  0.0337  0.0334  0.0336  0.0334  0.0334
  0.0332  0.0332  0.0332  0.0332  0.0332  0.0332  0.0333  0.0333  0.0333  0.0333  0.0332  0.0332
  0.0336  0.0335  0.0335  0.0335  0.0333  0.0334  0.0335  0.0337  0.0335  0.0334  0.0334  0.0334
  0.0346  0.0341  0.0342  0.0353  0.0346  0.0348  0.0344  0.0351  0.0341  0.0342  0.0340  0.0339
  0.0363  0.0349  0.0353  0.0387  0.0377  0.0377  0.0359  0.0373  0.0351  0.0357  0.0349  0.0348
    1.1812  -13.6495   15.0433   -5.8481  -11.1218   -9.9568
    0.4717   -0.0799   -1.7565    6.3223    0.9099   -0.1571
eta,q 0.96675  5.10142

---------------------------------------------------------------------
imgreg_4dfp /usr/local/freesurfer/dev/average/711-2C_as_mni_average_305 /usr/local/freesurfer/dev/average/711-2B_as_mni_average_305_mask talsrcimg_g11 none talsrcimg_to_711-2C_as_mni_average_305_t4 2311
---------------------------------------------------------------------

$Id: imgreg_4dfp.c,v 1.4 2010/02/27 01:41:53 nicks Exp $
/usr/local/freesurfer/dev/average/711-2C_as_mni_average_305.4dfp.img
       256       256       256         1
  1.000000  1.000000  1.000000
orientation T byte_order littleendian
Reading image: /usr/local/freesurfer/dev/average/711-2C_as_mni_average_305.4dfp.img
dimensions:      256       256       256
mmppix:       1.0000   -1.0000   -1.0000
center:     128.0000 -129.0000 -129.0000
/usr/local/freesurfer/dev/average/711-2B_as_mni_average_305_mask.4dfp.img
       256       256       256         1
  1.000000  1.000000  1.000000
orientation T byte_order littleendian
Reading mask: /usr/local/freesurfer/dev/average/711-2B_as_mni_average_305_mask.4dfp.img (2306576 pixels)
talsrcimg_g11.4dfp.img
       256       256       256         1
  1.000000  1.000000  1.000000
orientation T byte_order littleendian
Reading image: talsrcimg_g11.4dfp.img
dimensions:      256       256       256
mmppix:       1.0000   -1.0000   -1.0000
center:     128.0000 -129.0000 -129.0000
$Id: fimgreg.f,v 1.1 2007/05/04 22:33:59 nicks Exp $
image alignment mode   2311 decimal      907 hex
parameters
    1.1812  -13.6495   15.0433   -5.8481  -11.1218   -9.9568
    0.4717   -0.0799   -1.7565    6.3223    0.9099   -0.1571
eta,q 0.96675  5.10142
niter,ni,del,rscale     5    3    5.0000    0.8000
parameters
    1.1818  -13.6741   15.0512   -5.1745   -9.8962   -9.5242
    0.5096   -0.0789   -1.7732    5.9669    0.9494   -0.6628
eta,q 0.96700  5.15040
  0.0346  0.0340  0.0339  0.0355  0.0346  0.0347  0.0343  0.0350  0.0340  0.0340  0.0338  0.0336
  0.0339  0.0336  0.0336  0.0345  0.0340  0.0339  0.0336  0.0339  0.0334  0.0334  0.0334  0.0332
  0.0334  0.0333  0.0333  0.0338  0.0335  0.0333  0.0332  0.0332  0.0331  0.0331  0.0331  0.0330
  0.0332  0.0332  0.0333  0.0332  0.0332  0.0330  0.0330  0.0330  0.0330  0.0330  0.0330  0.0330
  0.0334  0.0334  0.0333  0.0332  0.0330  0.0330  0.0331  0.0332  0.0331  0.0332  0.0331  0.0331
  0.0339  0.0336  0.0335  0.0337  0.0332  0.0334  0.0336  0.0339  0.0334  0.0336  0.0334  0.0334
  0.0346  0.0341  0.0339  0.0347  0.0337  0.0343  0.0343  0.0350  0.0340  0.0344  0.0338  0.0339
niter,ni,del,rscale     4    3    5.0000    0.7000
parameters
    1.1515  -13.8753   15.1329   -5.1961   -9.6595   -9.1430
    0.5625   -0.1257   -1.7634    5.6461    0.9611   -0.7070
eta,q 0.96706  5.16036
  0.0341  0.0335  0.0336  0.0345  0.0340  0.0343  0.0340  0.0345  0.0337  0.0337  0.0336  0.0335
  0.0335  0.0332  0.0333  0.0338  0.0335  0.0337  0.0334  0.0336  0.0333  0.0333  0.0332  0.0332
  0.0331  0.0330  0.0331  0.0332  0.0332  0.0332  0.0331  0.0331  0.0330  0.0330  0.0330  0.0330
  0.0330  0.0330  0.0330  0.0330  0.0330  0.0330  0.0329  0.0329  0.0329  0.0329  0.0329  0.0329
  0.0331  0.0332  0.0330  0.0331  0.0330  0.0330  0.0330  0.0331  0.0330  0.0331  0.0330  0.0330
  0.0335  0.0334  0.0332  0.0337  0.0333  0.0333  0.0334  0.0337  0.0333  0.0334  0.0332  0.0332
  0.0342  0.0339  0.0335  0.0347  0.0339  0.0340  0.0339  0.0345  0.0337  0.0341  0.0336  0.0335
niter,ni,del,rscale     3    3    5.0000    0.6000
parameters
    1.1343  -13.9786   15.2323   -5.1822   -9.5072   -8.8762
    0.5861   -0.1663   -1.7522    5.4074    0.9745   -0.7436
eta,q 0.96710  5.16844
  0.0338  0.0334  0.0334  0.0341  0.0337  0.0339  0.0337  0.0341  0.0335  0.0335  0.0334  0.0333
  0.0333  0.0331  0.0332  0.0335  0.0333  0.0334  0.0333  0.0334  0.0332  0.0332  0.0331  0.0331
  0.0330  0.0330  0.0330  0.0331  0.0331  0.0331  0.0330  0.0330  0.0330  0.0330  0.0330  0.0330
  0.0329  0.0329  0.0329  0.0329  0.0329  0.0329  0.0329  0.0329  0.0329  0.0329  0.0329  0.0329
  0.0330  0.0330  0.0330  0.0330  0.0330  0.0329  0.0330  0.0330  0.0330  0.0330  0.0330  0.0330
  0.0333  0.0332  0.0331  0.0334  0.0332  0.0332  0.0332  0.0334  0.0332  0.0333  0.0331  0.0331
  0.0338  0.0335  0.0333  0.0342  0.0336  0.0337  0.0337  0.0341  0.0335  0.0337  0.0334  0.0334
niter,ni,del,rscale     2    3    5.0000    0.5000
parameters
    1.1216  -14.0626   15.3108   -5.1480   -9.3727   -8.6722
    0.6091   -0.1943   -1.7355    5.2280    0.9610   -0.7680
eta,q 0.96712  5.17599
  0.0335  0.0332  0.0332  0.0338  0.0334  0.0336  0.0334  0.0337  0.0333  0.0333  0.0332  0.0332
  0.0332  0.0330  0.0331  0.0333  0.0332  0.0332  0.0331  0.0332  0.0331  0.0331  0.0330  0.0330
  0.0330  0.0329  0.0330  0.0330  0.0330  0.0330  0.0329  0.0330  0.0329  0.0329  0.0329  0.0329
  0.0329  0.0329  0.0329  0.0329  0.0329  0.0329  0.0329  0.0329  0.0329  0.0329  0.0329  0.0329
  0.0330  0.0330  0.0329  0.0330  0.0329  0.0329  0.0329  0.0330  0.0329  0.0330  0.0329  0.0329
  0.0332  0.0331  0.0330  0.0333  0.0331  0.0331  0.0331  0.0333  0.0331  0.0331  0.0330  0.0330
  0.0335  0.0333  0.0332  0.0338  0.0334  0.0335  0.0334  0.0337  0.0333  0.0335  0.0332  0.0332
niter,ni,del,rscale     1    3    5.0000    0.4000
parameters
    1.1123  -14.1354   15.3684   -5.1275   -9.2757   -8.5137
    0.6241   -0.2167   -1.7233    5.0845    0.9652   -0.7463
eta,q 0.96712  5.18168
  0.0333  0.0331  0.0331  0.0335  0.0332  0.0333  0.0332  0.0334  0.0331  0.0332  0.0331  0.0331
  0.0331  0.0330  0.0330  0.0332  0.0331  0.0331  0.0330  0.0331  0.0330  0.0330  0.0330  0.0330
  0.0329  0.0329  0.0329  0.0330  0.0329  0.0330  0.0329  0.0329  0.0329  0.0329  0.0329  0.0329
  0.0329  0.0329  0.0329  0.0329  0.0329  0.0329  0.0329  0.0329  0.0329  0.0329  0.0329  0.0329
  0.0329  0.0329  0.0329  0.0329  0.0329  0.0329  0.0329  0.0329  0.0329  0.0329  0.0329  0.0329
  0.0331  0.0330  0.0330  0.0331  0.0330  0.0330  0.0330  0.0331  0.0330  0.0330  0.0330  0.0330
  0.0333  0.0332  0.0330  0.0335  0.0332  0.0332  0.0332  0.0334  0.0331  0.0332  0.0331  0.0331
registration optimization eta report
parameter search radius
    0.8000    0.8000    0.8000    2.4000    2.4000    2.4000
    2.4000    2.4000    2.4000    2.4000    2.4000    2.4000
100000*second partial in parameter space
       60.       38.       29.       10.        6.        7.
        6.        9.        5.        6.        4.        3.
  0.0333  0.0331  0.0331  0.0335  0.0332  0.0333  0.0332  0.0334  0.0331  0.0332  0.0331  0.0331
  0.0331  0.0330  0.0330  0.0332  0.0331  0.0331  0.0330  0.0331  0.0330  0.0330  0.0330  0.0330
  0.0329  0.0329  0.0329  0.0330  0.0329  0.0330  0.0329  0.0329  0.0329  0.0329  0.0329  0.0329
  0.0329  0.0329  0.0329  0.0329  0.0329  0.0329  0.0329  0.0329  0.0329  0.0329  0.0329  0.0329
  0.0329  0.0329  0.0329  0.0329  0.0329  0.0329  0.0329  0.0329  0.0329  0.0329  0.0329  0.0329
  0.0331  0.0330  0.0330  0.0331  0.0330  0.0330  0.0330  0.0331  0.0330  0.0330  0.0330  0.0330
  0.0333  0.0332  0.0330  0.0335  0.0332  0.0332  0.0332  0.0334  0.0331  0.0332  0.0331  0.0331
    1.1123  -14.1354   15.3684   -5.1275   -9.2757   -8.5137
    0.6241   -0.2167   -1.7233    5.0845    0.9652   -0.7463
eta,q 0.96712  5.18168

---------------------------------------------------------------------
imgreg_4dfp /usr/local/freesurfer/dev/average/711-2C_as_mni_average_305 /usr/local/freesurfer/dev/average/711-2B_as_mni_average_305_mask talsrcimg_g11 none talsrcimg_to_711-2C_as_mni_average_305_t4 2311
---------------------------------------------------------------------

$Id: imgreg_4dfp.c,v 1.4 2010/02/27 01:41:53 nicks Exp $
/usr/local/freesurfer/dev/average/711-2C_as_mni_average_305.4dfp.img
       256       256       256         1
  1.000000  1.000000  1.000000
orientation T byte_order littleendian
Reading image: /usr/local/freesurfer/dev/average/711-2C_as_mni_average_305.4dfp.img
dimensions:      256       256       256
mmppix:       1.0000   -1.0000   -1.0000
center:     128.0000 -129.0000 -129.0000
/usr/local/freesurfer/dev/average/711-2B_as_mni_average_305_mask.4dfp.img
       256       256       256         1
  1.000000  1.000000  1.000000
orientation T byte_order littleendian
Reading mask: /usr/local/freesurfer/dev/average/711-2B_as_mni_average_305_mask.4dfp.img (2306576 pixels)
talsrcimg_g11.4dfp.img
       256       256       256         1
  1.000000  1.000000  1.000000
orientation T byte_order littleendian
Reading image: talsrcimg_g11.4dfp.img
dimensions:      256       256       256
mmppix:       1.0000   -1.0000   -1.0000
center:     128.0000 -129.0000 -129.0000
$Id: fimgreg.f,v 1.1 2007/05/04 22:33:59 nicks Exp $
image alignment mode   2311 decimal      907 hex
parameters
    1.1123  -14.1354   15.3684   -5.1275   -9.2757   -8.5137
    0.6241   -0.2167   -1.7233    5.0845    0.9652   -0.7463
eta,q 0.96712  5.18168
niter,ni,del,rscale     5    3    5.0000    0.8000
parameters
    1.1080  -14.1383   15.3921   -5.4061   -9.5883   -8.6786
    0.5975   -0.1731   -1.6910    5.1245    0.9033   -0.6542
eta,q 0.96709  5.16288
  0.0344  0.0339  0.0337  0.0347  0.0340  0.0344  0.0342  0.0350  0.0339  0.0342  0.0337  0.0337
  0.0336  0.0333  0.0332  0.0338  0.0335  0.0336  0.0335  0.0338  0.0334  0.0335  0.0333  0.0333
  0.0330  0.0330  0.0330  0.0331  0.0331  0.0331  0.0330  0.0331  0.0330  0.0331  0.0330  0.0330
  0.0329  0.0329  0.0329  0.0329  0.0329  0.0329  0.0329  0.0329  0.0329  0.0329  0.0329  0.0329
  0.0331  0.0330  0.0330  0.0331  0.0330  0.0330  0.0331  0.0331  0.0330  0.0330  0.0330  0.0330
  0.0336  0.0333  0.0332  0.0340  0.0335  0.0336  0.0335  0.0338  0.0334  0.0334  0.0333  0.0332
  0.0344  0.0339  0.0336  0.0354  0.0345  0.0348  0.0343  0.0349  0.0339  0.0342  0.0338  0.0337
niter,ni,del,rscale     4    3    5.0000    0.7000
parameters
    1.1270  -14.1172   15.3777   -5.2970   -9.5060   -8.6578
    0.5738   -0.1562   -1.6832    5.1295    0.8926   -0.6892
eta,q 0.96711  5.16834
  0.0341  0.0337  0.0335  0.0346  0.0339  0.0341  0.0339  0.0345  0.0337  0.0339  0.0335  0.0335
  0.0334  0.0332  0.0332  0.0338  0.0334  0.0335  0.0333  0.0336  0.0332  0.0333  0.0332  0.0332
  0.0330  0.0330  0.0330  0.0332  0.0331  0.0331  0.0330  0.0330  0.0330  0.0330  0.0330  0.0330
  0.0329  0.0329  0.0329  0.0329  0.0329  0.0329  0.0329  0.0329  0.0329  0.0329  0.0329  0.0329
  0.0330  0.0330  0.0330  0.0330  0.0329  0.0330  0.0330  0.0331  0.0330  0.0330  0.0330  0.0330
  0.0334  0.0332  0.0332  0.0335  0.0333  0.0334  0.0334  0.0336  0.0332  0.0333  0.0332  0.0332
  0.0340  0.0336  0.0335  0.0345  0.0339  0.0342  0.0339  0.0345  0.0337  0.0339  0.0335  0.0335
niter,ni,del,rscale     3    3    5.0000    0.6000
parameters
    1.1255  -14.1352   15.3755   -5.2362   -9.4105   -8.5925
    0.5804   -0.1698   -1.6743    5.0948    0.9077   -0.7084
eta,q 0.96712  5.17355
  0.0337  0.0334  0.0333  0.0341  0.0336  0.0338  0.0336  0.0341  0.0335  0.0336  0.0334  0.0333
  0.0333  0.0331  0.0331  0.0335  0.0333  0.0333  0.0332  0.0334  0.0331  0.0332  0.0331  0.0331
  0.0330  0.0329  0.0329  0.0331  0.0330  0.0330  0.0330  0.0330  0.0329  0.0330  0.0329  0.0329
  0.0329  0.0329  0.0329  0.0329  0.0329  0.0329  0.0329  0.0329  0.0329  0.0329  0.0329  0.0329
  0.0330  0.0330  0.0329  0.0330  0.0329  0.0329  0.0330  0.0330  0.0329  0.0330  0.0329  0.0329
  0.0333  0.0332  0.0331  0.0334  0.0332  0.0332  0.0332  0.0334  0.0331  0.0332  0.0331  0.0331
  0.0337  0.0334  0.0333  0.0341  0.0336  0.0338  0.0336  0.0341  0.0335  0.0336  0.0334  0.0333
niter,ni,del,rscale     2    3    5.0000    0.5000
parameters
    1.1201  -14.1577   15.3933   -5.1796   -9.3260   -8.5109
    0.5958   -0.1899   -1.6768    5.0439    0.9225   -0.7280
eta,q 0.96713  5.17878
  0.0335  0.0333  0.0332  0.0338  0.0334  0.0335  0.0334  0.0337  0.0333  0.0334  0.0332  0.0332
  0.0331  0.0330  0.0330  0.0333  0.0332  0.0332  0.0331  0.0332  0.0331  0.0331  0.0330  0.0330
  0.0330  0.0329  0.0329  0.0330  0.0330  0.0330  0.0329  0.0330  0.0329  0.0329  0.0329  0.0329
  0.0329  0.0329  0.0329  0.0329  0.0329  0.0329  0.0329  0.0329  0.0329  0.0329  0.0329  0.0329
  0.0330  0.0329  0.0329  0.0330  0.0329  0.0329  0.0329  0.0330  0.0329  0.0329  0.0329  0.0329
  0.0332  0.0331  0.0330  0.0332  0.0331  0.0331  0.0331  0.0332  0.0331  0.0331  0.0330  0.0330
  0.0335  0.0333  0.0332  0.0338  0.0334  0.0335  0.0334  0.0337  0.0333  0.0334  0.0332  0.0332
niter,ni,del,rscale     1    3    5.0000    0.4000
parameters
    1.1119  -14.1843   15.4150   -5.1425   -9.2601   -8.4216
    0.6185   -0.2144   -1.6887    4.9900    0.9306   -0.7445
eta,q 0.96713  5.18312
  0.0333  0.0331  0.0331  0.0335  0.0332  0.0333  0.0332  0.0334  0.0331  0.0332  0.0331  0.0331
  0.0330  0.0330  0.0330  0.0332  0.0331  0.0331  0.0330  0.0331  0.0330  0.0330  0.0330  0.0330
  0.0329  0.0329  0.0329  0.0330  0.0329  0.0329  0.0329  0.0329  0.0329  0.0329  0.0329  0.0329
  0.0329  0.0329  0.0329  0.0329  0.0329  0.0329  0.0329  0.0329  0.0329  0.0329  0.0329  0.0329
  0.0329  0.0329  0.0329  0.0329  0.0329  0.0329  0.0329  0.0329  0.0329  0.0329  0.0329  0.0329
  0.0331  0.0330  0.0330  0.0331  0.0330  0.0330  0.0330  0.0331  0.0330  0.0330  0.0330  0.0330
  0.0333  0.0331  0.0331  0.0334  0.0332  0.0333  0.0332  0.0334  0.0331  0.0332  0.0331  0.0331
registration optimization eta report
parameter search radius
    0.8000    0.8000    0.8000    2.4000    2.4000    2.4000
    2.4000    2.4000    2.4000    2.4000    2.4000    2.4000
100000*second partial in parameter space
       61.       39.       30.       10.        6.        7.
        6.        9.        5.        6.        4.        3.
  0.0333  0.0331  0.0331  0.0335  0.0332  0.0333  0.0332  0.0334  0.0331  0.0332  0.0331  0.0331
  0.0330  0.0330  0.0330  0.0332  0.0331  0.0331  0.0330  0.0331  0.0330  0.0330  0.0330  0.0330
  0.0329  0.0329  0.0329  0.0330  0.0329  0.0329  0.0329  0.0329  0.0329  0.0329  0.0329  0.0329
  0.0329  0.0329  0.0329  0.0329  0.0329  0.0329  0.0329  0.0329  0.0329  0.0329  0.0329  0.0329
  0.0329  0.0329  0.0329  0.0329  0.0329  0.0329  0.0329  0.0329  0.0329  0.0329  0.0329  0.0329
  0.0331  0.0330  0.0330  0.0331  0.0330  0.0330  0.0330  0.0331  0.0330  0.0330  0.0330  0.0330
  0.0333  0.0331  0.0331  0.0334  0.0332  0.0333  0.0332  0.0334  0.0331  0.0332  0.0331  0.0331
    1.1119  -14.1843   15.4150   -5.1425   -9.2601   -8.4216
    0.6185   -0.2144   -1.6887    4.9900    0.9306   -0.7445
eta,q 0.96713  5.18312

---------------------------------------------------------------------
compute_vox2vox talsrcimg talsrcimg_to_711-2C_as_mni_average_305_t4 /usr/local/freesurfer/dev/average/711-2C_as_mni_average_305
---------------------------------------------------------------------

$Id: compute_vox2vox.c,v 1.3 2010/02/27 01:41:53 nicks Exp $
Reading: talsrcimg.4dfp.ifh
Reading: talsrcimg_to_711-2C_as_mni_average_305_t4
Reading: /usr/local/freesurfer/dev/average/711-2C_as_mni_average_305.4dfp.ifh
Writing: talsrcimg_to_711-2C_as_mni_average_305_t4_vox2vox.txt

start time Fri Mar 30 18:27:18 EDT 2012
end		time Fri Mar 30 18:28:16 EDT 2012

mpr2mni305 success

avi2talxfm orig_nu.mgz /usr/local/freesurfer/dev/average/mni305.cor.mgz talsrcimg_to_711-2C_as_mni_average_305_t4_vox2vox.txt transforms/talairach.auto.xfm
avi2talxfm done
 
 
Fri Mar 30 18:28:18 EDT 2012
talairach_avi done
